<?xml version="1.0" encoding="utf-8"?>
<CoverageSession xmlns:xsd="http://www.w3.org/2001/XMLSchema" xmlns:xsi="http://www.w3.org/2001/XMLSchema-instance" Version="0.0.0.0">
  <Summary numSequencePoints="1227" visitedSequencePoints="1227" numBranchPoints="0" visitedBranchPoints="0" sequenceCoverage="100.0" branchCoverage="0.0" maxCyclomaticComplexity="0" minCyclomaticComplexity="0" maxCrapScore="0" minCrapScore="0" visitedClasses="6" numClasses="6" visitedMethods="105" numMethods="105" />
  <Modules>
    <Module>
      <Summary numSequencePoints="576" visitedSequencePoints="576" numBranchPoints="0" visitedBranchPoints="0" sequenceCoverage="100.0" branchCoverage="0.0" maxCyclomaticComplexity="0" minCyclomaticComplexity="0" maxCrapScore="0" minCrapScore="0" visitedClasses="3" numClasses="3" visitedMethods="53" numMethods="53" />
      <ModuleTime>0001-01-01T00:00:00</ModuleTime>
      <ModuleName>TestScriptAssembly</ModuleName>
      <Files>
        <File uid="1" fullPath="C:/Users/nafee/GitHub/Checkers/Assets/Scripts/Tests/TestingScripts/Board.cs" />
        <File uid="2" fullPath="C:/Users/nafee/GitHub/Checkers/Assets/Scripts/Tests/TestingScripts/Move.cs" />
        <File uid="3" fullPath="C:/Users/nafee/GitHub/Checkers/Assets/Scripts/Tests/TestingScripts/Piece.cs" />
      </Files>
      <Classes>
        <Class>
          <Summary numSequencePoints="462" visitedSequencePoints="462" numBranchPoints="0" visitedBranchPoints="0" sequenceCoverage="100.0" branchCoverage="0.0" maxCyclomaticComplexity="0" minCyclomaticComplexity="0" maxCrapScore="0" minCrapScore="0" visitedClasses="1" numClasses="1" visitedMethods="27" numMethods="27" />
          <FullName>Tests.TestingScripts.Board</FullName>
          <Methods>
            <Method visited="true" cyclomaticComplexity="0" nPathComplexity="0" sequenceCoverage="100.0" branchCoverage="0" crapScore="0" isConstructor="false" isStatic="false" isGetter="false" isSetter="false">
              <Summary numSequencePoints="5" visitedSequencePoints="5" numBranchPoints="0" visitedBranchPoints="0" sequenceCoverage="100.0" branchCoverage="0" maxCyclomaticComplexity="0" minCyclomaticComplexity="0" maxCrapScore="0" minCrapScore="0" visitedClasses="0" numClasses="0" visitedMethods="1" numMethods="1" />
              <MetadataToken>100663297</MetadataToken>
              <Name>System.Void Tests.TestingScripts.Board::Start()</Name>
              <FileRef uid="1" />
              <SequencePoints>
                <SequencePoint vc="10" uspid="1228" ordinal="0" offset="0" sl="47" sc="9" el="47" ec="9" bec="0" bev="0" fileid="1" />
                <SequencePoint vc="10" uspid="1229" ordinal="0" offset="1" sl="49" sc="13" el="49" ec="13" bec="0" bev="0" fileid="1" />
                <SequencePoint vc="10" uspid="1230" ordinal="0" offset="8" sl="50" sc="13" el="50" ec="13" bec="0" bev="0" fileid="1" />
                <SequencePoint vc="10" uspid="1231" ordinal="0" offset="15" sl="52" sc="13" el="52" ec="13" bec="0" bev="0" fileid="1" />
                <SequencePoint vc="10" uspid="1232" ordinal="0" offset="22" sl="53" sc="9" el="53" ec="9" bec="0" bev="0" fileid="1" />
              </SequencePoints>
              <BranchPoints />
            </Method>
            <Method visited="true" cyclomaticComplexity="0" nPathComplexity="0" sequenceCoverage="100.0" branchCoverage="0" crapScore="0" isConstructor="false" isStatic="false" isGetter="false" isSetter="false">
              <Summary numSequencePoints="3" visitedSequencePoints="3" numBranchPoints="0" visitedBranchPoints="0" sequenceCoverage="100.0" branchCoverage="0" maxCyclomaticComplexity="0" minCyclomaticComplexity="0" maxCrapScore="0" minCrapScore="0" visitedClasses="0" numClasses="0" visitedMethods="1" numMethods="1" />
              <MetadataToken>100663298</MetadataToken>
              <Name>System.Void Tests.TestingScripts.Board::Update()</Name>
              <FileRef uid="1" />
              <SequencePoints>
                <SequencePoint vc="55" uspid="1233" ordinal="0" offset="0" sl="56" sc="9" el="56" ec="9" bec="0" bev="0" fileid="1" />
                <SequencePoint vc="55" uspid="1234" ordinal="0" offset="1" sl="60" sc="13" el="60" ec="13" bec="0" bev="0" fileid="1" />
                <SequencePoint vc="55" uspid="1235" ordinal="0" offset="8" sl="61" sc="9" el="61" ec="9" bec="0" bev="0" fileid="1" />
              </SequencePoints>
              <BranchPoints />
            </Method>
            <Method visited="true" cyclomaticComplexity="0" nPathComplexity="0" sequenceCoverage="100.0" branchCoverage="0" crapScore="0" isConstructor="false" isStatic="false" isGetter="false" isSetter="false">
              <Summary numSequencePoints="42" visitedSequencePoints="42" numBranchPoints="0" visitedBranchPoints="0" sequenceCoverage="100.0" branchCoverage="0" maxCyclomaticComplexity="0" minCyclomaticComplexity="0" maxCrapScore="0" minCrapScore="0" visitedClasses="0" numClasses="0" visitedMethods="1" numMethods="1" />
              <MetadataToken>100663299</MetadataToken>
              <Name>System.Void Tests.TestingScripts.Board::ClickPiece()</Name>
              <FileRef uid="1" />
              <SequencePoints>
                <SequencePoint vc="55" uspid="1236" ordinal="0" offset="0" sl="66" sc="9" el="66" ec="9" bec="0" bev="0" fileid="1" />
                <SequencePoint vc="55" uspid="1237" ordinal="0" offset="1" sl="67" sc="13" el="67" ec="13" bec="0" bev="0" fileid="1" />
                <SequencePoint vc="1" uspid="1238" ordinal="0" offset="14" sl="68" sc="17" el="68" ec="17" bec="0" bev="0" fileid="1" />
                <SequencePoint vc="54" uspid="1239" ordinal="0" offset="19" sl="70" sc="13" el="70" ec="13" bec="0" bev="0" fileid="1" />
                <SequencePoint vc="54" uspid="1240" ordinal="0" offset="32" sl="71" sc="13" el="71" ec="13" bec="0" bev="0" fileid="1" />
                <SequencePoint vc="54" uspid="1241" ordinal="0" offset="45" sl="73" sc="13" el="73" ec="13" bec="0" bev="0" fileid="1" />
                <SequencePoint vc="54" uspid="1242" ordinal="0" offset="58" sl="74" sc="13" el="74" ec="13" bec="0" bev="0" fileid="1" />
                <SequencePoint vc="54" uspid="1243" ordinal="0" offset="59" sl="75" sc="17" el="75" ec="17" bec="0" bev="0" fileid="1" />
                <SequencePoint vc="54" uspid="1244" ordinal="0" offset="66" sl="79" sc="17" el="79" ec="17" bec="0" bev="0" fileid="1" />
                <SequencePoint vc="5" uspid="1245" ordinal="0" offset="78" sl="80" sc="17" el="80" ec="17" bec="0" bev="0" fileid="1" />
                <SequencePoint vc="5" uspid="1246" ordinal="0" offset="79" sl="81" sc="21" el="81" ec="21" bec="0" bev="0" fileid="1" />
                <SequencePoint vc="5" uspid="1247" ordinal="0" offset="89" sl="82" sc="21" el="82" ec="21" bec="0" bev="0" fileid="1" />
                <SequencePoint vc="5" uspid="1248" ordinal="0" offset="103" sl="83" sc="21" el="83" ec="21" bec="0" bev="0" fileid="1" />
                <SequencePoint vc="5" uspid="1249" ordinal="0" offset="104" sl="84" sc="25" el="84" ec="25" bec="0" bev="0" fileid="1" />
                <SequencePoint vc="5" uspid="1250" ordinal="0" offset="112" sl="85" sc="25" el="85" ec="25" bec="0" bev="0" fileid="1" />
                <SequencePoint vc="5" uspid="1251" ordinal="0" offset="119" sl="87" sc="21" el="87" ec="21" bec="0" bev="0" fileid="1" />
                <SequencePoint vc="5" uspid="1252" ordinal="0" offset="120" sl="88" sc="21" el="88" ec="21" bec="0" bev="0" fileid="1" />
                <SequencePoint vc="3" uspid="1253" ordinal="0" offset="135" sl="89" sc="21" el="89" ec="21" bec="0" bev="0" fileid="1" />
                <SequencePoint vc="3" uspid="1254" ordinal="0" offset="136" sl="90" sc="25" el="90" ec="25" bec="0" bev="0" fileid="1" />
                <SequencePoint vc="3" uspid="1255" ordinal="0" offset="143" sl="92" sc="21" el="92" ec="21" bec="0" bev="0" fileid="1" />
                <SequencePoint vc="5" uspid="1256" ordinal="0" offset="144" sl="93" sc="17" el="93" ec="17" bec="0" bev="0" fileid="1" />
                <SequencePoint vc="49" uspid="1257" ordinal="0" offset="147" sl="94" sc="22" el="94" ec="22" bec="0" bev="0" fileid="1" />
                <SequencePoint vc="27" uspid="1258" ordinal="0" offset="165" sl="95" sc="17" el="95" ec="17" bec="0" bev="0" fileid="1" />
                <SequencePoint vc="27" uspid="1259" ordinal="0" offset="166" sl="96" sc="21" el="96" ec="21" bec="0" bev="0" fileid="1" />
                <SequencePoint vc="27" uspid="1260" ordinal="0" offset="175" sl="97" sc="17" el="97" ec="17" bec="0" bev="0" fileid="1" />
                <SequencePoint vc="22" uspid="1261" ordinal="0" offset="178" sl="99" sc="17" el="99" ec="17" bec="0" bev="0" fileid="1" />
                <SequencePoint vc="22" uspid="1262" ordinal="0" offset="179" sl="100" sc="21" el="100" ec="21" bec="0" bev="0" fileid="1" />
                <SequencePoint vc="22" uspid="1263" ordinal="0" offset="192" sl="101" sc="21" el="101" ec="21" bec="0" bev="0" fileid="1" />
                <SequencePoint vc="1" uspid="1264" ordinal="0" offset="206" sl="102" sc="25" el="102" ec="25" bec="0" bev="0" fileid="1" />
                <SequencePoint vc="21" uspid="1265" ordinal="0" offset="208" sl="104" sc="21" el="104" ec="21" bec="0" bev="0" fileid="1" />
                <SequencePoint vc="21" uspid="1266" ordinal="0" offset="218" sl="105" sc="21" el="105" ec="21" bec="0" bev="0" fileid="1" />
                <SequencePoint vc="20" uspid="1267" ordinal="0" offset="232" sl="106" sc="21" el="106" ec="21" bec="0" bev="0" fileid="1" />
                <SequencePoint vc="20" uspid="1268" ordinal="0" offset="233" sl="107" sc="25" el="107" ec="25" bec="0" bev="0" fileid="1" />
                <SequencePoint vc="20" uspid="1269" ordinal="0" offset="241" sl="108" sc="25" el="108" ec="25" bec="0" bev="0" fileid="1" />
                <SequencePoint vc="20" uspid="1270" ordinal="0" offset="248" sl="111" sc="21" el="111" ec="21" bec="0" bev="0" fileid="1" />
                <SequencePoint vc="21" uspid="1271" ordinal="0" offset="249" sl="112" sc="21" el="112" ec="21" bec="0" bev="0" fileid="1" />
                <SequencePoint vc="18" uspid="1272" ordinal="0" offset="264" sl="113" sc="21" el="113" ec="21" bec="0" bev="0" fileid="1" />
                <SequencePoint vc="18" uspid="1273" ordinal="0" offset="265" sl="114" sc="25" el="114" ec="25" bec="0" bev="0" fileid="1" />
                <SequencePoint vc="18" uspid="1274" ordinal="0" offset="272" sl="116" sc="21" el="116" ec="21" bec="0" bev="0" fileid="1" />
                <SequencePoint vc="21" uspid="1275" ordinal="0" offset="273" sl="117" sc="17" el="117" ec="17" bec="0" bev="0" fileid="1" />
                <SequencePoint vc="53" uspid="1276" ordinal="0" offset="274" sl="118" sc="13" el="118" ec="13" bec="0" bev="0" fileid="1" />
                <SequencePoint vc="55" uspid="1277" ordinal="0" offset="275" sl="119" sc="9" el="119" ec="9" bec="0" bev="0" fileid="1" />
              </SequencePoints>
              <BranchPoints />
            </Method>
            <Method visited="true" cyclomaticComplexity="0" nPathComplexity="0" sequenceCoverage="100.0" branchCoverage="0" crapScore="0" isConstructor="false" isStatic="false" isGetter="false" isSetter="false">
              <Summary numSequencePoints="4" visitedSequencePoints="4" numBranchPoints="0" visitedBranchPoints="0" sequenceCoverage="100.0" branchCoverage="0" maxCyclomaticComplexity="0" minCyclomaticComplexity="0" maxCrapScore="0" minCrapScore="0" visitedClasses="0" numClasses="0" visitedMethods="1" numMethods="1" />
              <MetadataToken>100663300</MetadataToken>
              <Name>System.Void Tests.TestingScripts.Board::UpdateMouseOver(System.Int32, System.Int32)</Name>
              <FileRef uid="1" />
              <SequencePoints>
                <SequencePoint vc="55" uspid="1278" ordinal="0" offset="0" sl="122" sc="9" el="122" ec="9" bec="0" bev="0" fileid="1" />
                <SequencePoint vc="55" uspid="1279" ordinal="0" offset="1" sl="123" sc="13" el="123" ec="13" bec="0" bev="0" fileid="1" />
                <SequencePoint vc="55" uspid="1280" ordinal="0" offset="14" sl="124" sc="13" el="124" ec="13" bec="0" bev="0" fileid="1" />
                <SequencePoint vc="55" uspid="1281" ordinal="0" offset="27" sl="125" sc="9" el="125" ec="9" bec="0" bev="0" fileid="1" />
              </SequencePoints>
              <BranchPoints />
            </Method>
            <Method visited="true" cyclomaticComplexity="0" nPathComplexity="0" sequenceCoverage="100.0" branchCoverage="0" crapScore="0" isConstructor="false" isStatic="false" isGetter="false" isSetter="false">
              <Summary numSequencePoints="3" visitedSequencePoints="3" numBranchPoints="0" visitedBranchPoints="0" sequenceCoverage="100.0" branchCoverage="0" maxCyclomaticComplexity="0" minCyclomaticComplexity="0" maxCrapScore="0" minCrapScore="0" visitedClasses="0" numClasses="0" visitedMethods="1" numMethods="1" />
              <MetadataToken>100663301</MetadataToken>
              <Name>System.Void Tests.TestingScripts.Board::Click()</Name>
              <FileRef uid="1" />
              <SequencePoints>
                <SequencePoint vc="55" uspid="1282" ordinal="0" offset="0" sl="128" sc="9" el="128" ec="9" bec="0" bev="0" fileid="1" />
                <SequencePoint vc="55" uspid="1283" ordinal="0" offset="1" sl="129" sc="13" el="129" ec="13" bec="0" bev="0" fileid="1" />
                <SequencePoint vc="55" uspid="1284" ordinal="0" offset="8" sl="130" sc="9" el="130" ec="9" bec="0" bev="0" fileid="1" />
              </SequencePoints>
              <BranchPoints />
            </Method>
            <Method visited="true" cyclomaticComplexity="0" nPathComplexity="0" sequenceCoverage="100.0" branchCoverage="0" crapScore="0" isConstructor="false" isStatic="false" isGetter="false" isSetter="false">
              <Summary numSequencePoints="16" visitedSequencePoints="16" numBranchPoints="0" visitedBranchPoints="0" sequenceCoverage="100.0" branchCoverage="0" maxCyclomaticComplexity="0" minCyclomaticComplexity="0" maxCrapScore="0" minCrapScore="0" visitedClasses="0" numClasses="0" visitedMethods="1" numMethods="1" />
              <MetadataToken>100663302</MetadataToken>
              <Name>Tests.TestingScripts.Piece[,] Tests.TestingScripts.Board::GetActivePieces()</Name>
              <FileRef uid="1" />
              <SequencePoints>
                <SequencePoint vc="1356" uspid="1285" ordinal="0" offset="0" sl="133" sc="9" el="133" ec="9" bec="0" bev="0" fileid="1" />
                <SequencePoint vc="1356" uspid="1286" ordinal="0" offset="1" sl="134" sc="13" el="134" ec="13" bec="0" bev="0" fileid="1" />
                <SequencePoint vc="1356" uspid="1287" ordinal="0" offset="9" sl="135" sc="13" el="135" ec="13" bec="0" bev="0" fileid="1" />
                <SequencePoint vc="1356" uspid="1288" ordinal="0" offset="11" sl="136" sc="13" el="136" ec="13" bec="0" bev="0" fileid="1" />
                <SequencePoint vc="1356" uspid="1289" ordinal="0" offset="12" sl="136" sc="41" el="136" ec="41" bec="0" bev="0" fileid="1" />
                <SequencePoint vc="25718" uspid="1290" ordinal="0" offset="26" sl="136" sc="22" el="136" ec="22" bec="0" bev="0" fileid="1" />
                <SequencePoint vc="25718" uspid="1291" ordinal="0" offset="38" sl="137" sc="13" el="137" ec="13" bec="0" bev="0" fileid="1" />
                <SequencePoint vc="25718" uspid="1292" ordinal="0" offset="39" sl="138" sc="17" el="138" ec="17" bec="0" bev="0" fileid="1" />
                <SequencePoint vc="24362" uspid="1293" ordinal="0" offset="61" sl="139" sc="17" el="139" ec="17" bec="0" bev="0" fileid="1" />
                <SequencePoint vc="24362" uspid="1294" ordinal="0" offset="62" sl="140" sc="21" el="140" ec="21" bec="0" bev="0" fileid="1" />
                <SequencePoint vc="24362" uspid="1295" ordinal="0" offset="69" sl="141" sc="21" el="141" ec="21" bec="0" bev="0" fileid="1" />
                <SequencePoint vc="24362" uspid="1296" ordinal="0" offset="88" sl="142" sc="17" el="142" ec="17" bec="0" bev="0" fileid="1" />
                <SequencePoint vc="25718" uspid="1297" ordinal="0" offset="89" sl="143" sc="13" el="143" ec="13" bec="0" bev="0" fileid="1" />
                <SequencePoint vc="27074" uspid="1298" ordinal="0" offset="90" sl="136" sc="38" el="136" ec="38" bec="0" bev="0" fileid="1" />
                <SequencePoint vc="1356" uspid="1299" ordinal="0" offset="121" sl="145" sc="13" el="145" ec="13" bec="0" bev="0" fileid="1" />
                <SequencePoint vc="1356" uspid="1300" ordinal="0" offset="126" sl="146" sc="9" el="146" ec="9" bec="0" bev="0" fileid="1" />
              </SequencePoints>
              <BranchPoints />
            </Method>
            <Method visited="true" cyclomaticComplexity="0" nPathComplexity="0" sequenceCoverage="100.0" branchCoverage="0" crapScore="0" isConstructor="false" isStatic="false" isGetter="false" isSetter="false">
              <Summary numSequencePoints="32" visitedSequencePoints="32" numBranchPoints="0" visitedBranchPoints="0" sequenceCoverage="100.0" branchCoverage="0" maxCyclomaticComplexity="0" minCyclomaticComplexity="0" maxCrapScore="0" minCrapScore="0" visitedClasses="0" numClasses="0" visitedMethods="1" numMethods="1" />
              <MetadataToken>100663303</MetadataToken>
              <Name>System.Void Tests.TestingScripts.Board::MovePiece()</Name>
              <FileRef uid="1" />
              <SequencePoints>
                <SequencePoint vc="25" uspid="1301" ordinal="0" offset="0" sl="149" sc="9" el="149" ec="9" bec="0" bev="0" fileid="1" />
                <SequencePoint vc="25" uspid="1302" ordinal="0" offset="1" sl="150" sc="13" el="150" ec="13" bec="0" bev="0" fileid="1" />
                <SequencePoint vc="25" uspid="1303" ordinal="0" offset="8" sl="151" sc="13" el="151" ec="13" bec="0" bev="0" fileid="1" />
                <SequencePoint vc="25" uspid="1304" ordinal="0" offset="15" sl="153" sc="13" el="153" ec="13" bec="0" bev="0" fileid="1" />
                <SequencePoint vc="25" uspid="1305" ordinal="0" offset="22" sl="154" sc="13" el="154" ec="13" bec="0" bev="0" fileid="1" />
                <SequencePoint vc="25" uspid="1306" ordinal="0" offset="29" sl="155" sc="13" el="155" ec="13" bec="0" bev="0" fileid="1" />
                <SequencePoint vc="25" uspid="1307" ordinal="0" offset="124" sl="157" sc="13" el="157" ec="13" bec="0" bev="0" fileid="1" />
                <SequencePoint vc="25" uspid="1308" ordinal="0" offset="133" sl="159" sc="13" el="159" ec="13" bec="0" bev="0" fileid="1" />
                <SequencePoint vc="25" uspid="1309" ordinal="0" offset="140" sl="162" sc="13" el="162" ec="13" bec="0" bev="0" fileid="1" />
                <SequencePoint vc="25" uspid="1310" ordinal="0" offset="148" sl="163" sc="13" el="163" ec="13" bec="0" bev="0" fileid="1" />
                <SequencePoint vc="14" uspid="1311" ordinal="0" offset="162" sl="164" sc="13" el="164" ec="13" bec="0" bev="0" fileid="1" />
                <SequencePoint vc="14" uspid="1312" ordinal="0" offset="163" sl="165" sc="17" el="165" ec="17" bec="0" bev="0" fileid="1" />
                <SequencePoint vc="14" uspid="1313" ordinal="0" offset="172" sl="166" sc="17" el="166" ec="17" bec="0" bev="0" fileid="1" />
                <SequencePoint vc="14" uspid="1314" ordinal="0" offset="181" sl="168" sc="17" el="168" ec="17" bec="0" bev="0" fileid="1" />
                <SequencePoint vc="14" uspid="1315" ordinal="0" offset="189" sl="171" sc="17" el="171" ec="17" bec="0" bev="0" fileid="1" />
                <SequencePoint vc="14" uspid="1316" ordinal="0" offset="196" sl="174" sc="17" el="174" ec="17" bec="0" bev="0" fileid="1" />
                <SequencePoint vc="14" uspid="1317" ordinal="0" offset="213" sl="175" sc="13" el="175" ec="13" bec="0" bev="0" fileid="1" />
                <SequencePoint vc="25" uspid="1318" ordinal="0" offset="214" sl="177" sc="13" el="177" ec="13" bec="0" bev="0" fileid="1" />
                <SequencePoint vc="5" uspid="1319" ordinal="0" offset="226" sl="178" sc="13" el="178" ec="13" bec="0" bev="0" fileid="1" />
                <SequencePoint vc="5" uspid="1320" ordinal="0" offset="227" sl="179" sc="17" el="179" ec="17" bec="0" bev="0" fileid="1" />
                <SequencePoint vc="5" uspid="1321" ordinal="0" offset="240" sl="180" sc="17" el="180" ec="17" bec="0" bev="0" fileid="1" />
                <SequencePoint vc="5" uspid="1322" ordinal="0" offset="247" sl="181" sc="13" el="181" ec="13" bec="0" bev="0" fileid="1" />
                <SequencePoint vc="20" uspid="1323" ordinal="0" offset="250" sl="183" sc="13" el="183" ec="13" bec="0" bev="0" fileid="1" />
                <SequencePoint vc="20" uspid="1324" ordinal="0" offset="251" sl="185" sc="17" el="185" ec="17" bec="0" bev="0" fileid="1" />
                <SequencePoint vc="20" uspid="1325" ordinal="0" offset="258" sl="187" sc="17" el="187" ec="17" bec="0" bev="0" fileid="1" />
                <SequencePoint vc="20" uspid="1326" ordinal="0" offset="271" sl="188" sc="17" el="188" ec="17" bec="0" bev="0" fileid="1" />
                <SequencePoint vc="20" uspid="1327" ordinal="0" offset="278" sl="190" sc="17" el="190" ec="17" bec="0" bev="0" fileid="1" />
                <SequencePoint vc="20" uspid="1328" ordinal="0" offset="285" sl="192" sc="17" el="192" ec="17" bec="0" bev="0" fileid="1" />
                <SequencePoint vc="20" uspid="1329" ordinal="0" offset="292" sl="193" sc="13" el="193" ec="13" bec="0" bev="0" fileid="1" />
                <SequencePoint vc="25" uspid="1330" ordinal="0" offset="293" sl="196" sc="13" el="196" ec="13" bec="0" bev="0" fileid="1" />
                <SequencePoint vc="7" uspid="1331" ordinal="0" offset="331" sl="198" sc="17" el="198" ec="17" bec="0" bev="0" fileid="1" />
                <SequencePoint vc="25" uspid="1332" ordinal="0" offset="338" sl="199" sc="9" el="199" ec="9" bec="0" bev="0" fileid="1" />
              </SequencePoints>
              <BranchPoints />
            </Method>
            <Method visited="true" cyclomaticComplexity="0" nPathComplexity="0" sequenceCoverage="100.0" branchCoverage="0" crapScore="0" isConstructor="false" isStatic="false" isGetter="false" isSetter="false">
              <Summary numSequencePoints="16" visitedSequencePoints="16" numBranchPoints="0" visitedBranchPoints="0" sequenceCoverage="100.0" branchCoverage="0" maxCyclomaticComplexity="0" minCyclomaticComplexity="0" maxCrapScore="0" minCrapScore="0" visitedClasses="0" numClasses="0" visitedMethods="1" numMethods="1" />
              <MetadataToken>100663304</MetadataToken>
              <Name>System.Void Tests.TestingScripts.Board::ClearMoves()</Name>
              <FileRef uid="1" />
              <SequencePoints>
                <SequencePoint vc="34" uspid="1333" ordinal="0" offset="0" sl="202" sc="9" el="202" ec="9" bec="0" bev="0" fileid="1" />
                <SequencePoint vc="34" uspid="1334" ordinal="0" offset="1" sl="203" sc="13" el="203" ec="13" bec="0" bev="0" fileid="1" />
                <SequencePoint vc="34" uspid="1335" ordinal="0" offset="8" sl="204" sc="18" el="204" ec="18" bec="0" bev="0" fileid="1" />
                <SequencePoint vc="272" uspid="1336" ordinal="0" offset="12" sl="205" sc="13" el="205" ec="13" bec="0" bev="0" fileid="1" />
                <SequencePoint vc="272" uspid="1337" ordinal="0" offset="13" sl="206" sc="22" el="206" ec="22" bec="0" bev="0" fileid="1" />
                <SequencePoint vc="2176" uspid="1338" ordinal="0" offset="17" sl="207" sc="17" el="207" ec="17" bec="0" bev="0" fileid="1" />
                <SequencePoint vc="2176" uspid="1339" ordinal="0" offset="18" sl="208" sc="21" el="208" ec="21" bec="0" bev="0" fileid="1" />
                <SequencePoint vc="2176" uspid="1340" ordinal="0" offset="27" sl="209" sc="21" el="209" ec="21" bec="0" bev="0" fileid="1" />
                <SequencePoint vc="124" uspid="1341" ordinal="0" offset="40" sl="210" sc="25" el="210" ec="25" bec="0" bev="0" fileid="1" />
                <SequencePoint vc="2176" uspid="1342" ordinal="0" offset="47" sl="211" sc="17" el="211" ec="17" bec="0" bev="0" fileid="1" />
                <SequencePoint vc="2176" uspid="1343" ordinal="0" offset="48" sl="206" sc="40" el="206" ec="40" bec="0" bev="0" fileid="1" />
                <SequencePoint vc="2448" uspid="1344" ordinal="0" offset="52" sl="206" sc="33" el="206" ec="33" bec="0" bev="0" fileid="1" />
                <SequencePoint vc="272" uspid="1345" ordinal="0" offset="62" sl="212" sc="13" el="212" ec="13" bec="0" bev="0" fileid="1" />
                <SequencePoint vc="272" uspid="1346" ordinal="0" offset="63" sl="204" sc="36" el="204" ec="36" bec="0" bev="0" fileid="1" />
                <SequencePoint vc="306" uspid="1347" ordinal="0" offset="67" sl="204" sc="29" el="204" ec="29" bec="0" bev="0" fileid="1" />
                <SequencePoint vc="34" uspid="1348" ordinal="0" offset="77" sl="213" sc="9" el="213" ec="9" bec="0" bev="0" fileid="1" />
              </SequencePoints>
              <BranchPoints />
            </Method>
            <Method visited="true" cyclomaticComplexity="0" nPathComplexity="0" sequenceCoverage="100.0" branchCoverage="0" crapScore="0" isConstructor="false" isStatic="false" isGetter="false" isSetter="false">
              <Summary numSequencePoints="8" visitedSequencePoints="8" numBranchPoints="0" visitedBranchPoints="0" sequenceCoverage="100.0" branchCoverage="0" maxCyclomaticComplexity="0" minCyclomaticComplexity="0" maxCrapScore="0" minCrapScore="0" visitedClasses="0" numClasses="0" visitedMethods="1" numMethods="1" />
              <MetadataToken>100663305</MetadataToken>
              <Name>System.Void Tests.TestingScripts.Board::ChangeTurn()</Name>
              <FileRef uid="1" />
              <SequencePoints>
                <SequencePoint vc="20" uspid="1349" ordinal="0" offset="0" sl="217" sc="9" el="217" ec="9" bec="0" bev="0" fileid="1" />
                <SequencePoint vc="20" uspid="1350" ordinal="0" offset="1" sl="218" sc="13" el="218" ec="13" bec="0" bev="0" fileid="1" />
                <SequencePoint vc="15" uspid="1351" ordinal="0" offset="14" sl="219" sc="17" el="219" ec="17" bec="0" bev="0" fileid="1" />
                <SequencePoint vc="5" uspid="1352" ordinal="0" offset="23" sl="221" sc="17" el="221" ec="17" bec="0" bev="0" fileid="1" />
                <SequencePoint vc="20" uspid="1353" ordinal="0" offset="30" sl="223" sc="13" el="223" ec="13" bec="0" bev="0" fileid="1" />
                <SequencePoint vc="20" uspid="1354" ordinal="0" offset="103" sl="224" sc="13" el="224" ec="13" bec="0" bev="0" fileid="1" />
                <SequencePoint vc="20" uspid="1355" ordinal="0" offset="110" sl="225" sc="13" el="225" ec="13" bec="0" bev="0" fileid="1" />
                <SequencePoint vc="20" uspid="1356" ordinal="0" offset="117" sl="227" sc="9" el="227" ec="9" bec="0" bev="0" fileid="1" />
              </SequencePoints>
              <BranchPoints />
            </Method>
            <Method visited="true" cyclomaticComplexity="0" nPathComplexity="0" sequenceCoverage="100.0" branchCoverage="0" crapScore="0" isConstructor="false" isStatic="false" isGetter="false" isSetter="false">
              <Summary numSequencePoints="10" visitedSequencePoints="10" numBranchPoints="0" visitedBranchPoints="0" sequenceCoverage="100.0" branchCoverage="0" maxCyclomaticComplexity="0" minCyclomaticComplexity="0" maxCrapScore="0" minCrapScore="0" visitedClasses="0" numClasses="0" visitedMethods="1" numMethods="1" />
              <MetadataToken>100663306</MetadataToken>
              <Name>Tests.TestingScripts.Move Tests.TestingScripts.Board::CheckValid(System.Int32, System.Int32)</Name>
              <FileRef uid="1" />
              <SequencePoints>
                <SequencePoint vc="26" uspid="1357" ordinal="0" offset="0" sl="231" sc="9" el="231" ec="9" bec="0" bev="0" fileid="1" />
                <SequencePoint vc="26" uspid="1358" ordinal="0" offset="1" sl="232" sc="18" el="232" ec="18" bec="0" bev="0" fileid="1" />
                <SequencePoint vc="32" uspid="1359" ordinal="0" offset="5" sl="233" sc="13" el="233" ec="13" bec="0" bev="0" fileid="1" />
                <SequencePoint vc="32" uspid="1360" ordinal="0" offset="6" sl="234" sc="17" el="234" ec="17" bec="0" bev="0" fileid="1" />
                <SequencePoint vc="25" uspid="1361" ordinal="0" offset="53" sl="235" sc="21" el="235" ec="21" bec="0" bev="0" fileid="1" />
                <SequencePoint vc="7" uspid="1362" ordinal="0" offset="68" sl="236" sc="13" el="236" ec="13" bec="0" bev="0" fileid="1" />
                <SequencePoint vc="7" uspid="1363" ordinal="0" offset="69" sl="232" sc="51" el="232" ec="51" bec="0" bev="0" fileid="1" />
                <SequencePoint vc="33" uspid="1364" ordinal="0" offset="73" sl="232" sc="29" el="232" ec="29" bec="0" bev="0" fileid="1" />
                <SequencePoint vc="1" uspid="1365" ordinal="0" offset="91" sl="238" sc="13" el="238" ec="13" bec="0" bev="0" fileid="1" />
                <SequencePoint vc="26" uspid="1366" ordinal="0" offset="95" sl="239" sc="9" el="239" ec="9" bec="0" bev="0" fileid="1" />
              </SequencePoints>
              <BranchPoints />
            </Method>
            <Method visited="true" cyclomaticComplexity="0" nPathComplexity="0" sequenceCoverage="100.0" branchCoverage="0" crapScore="0" isConstructor="false" isStatic="false" isGetter="false" isSetter="false">
              <Summary numSequencePoints="21" visitedSequencePoints="21" numBranchPoints="0" visitedBranchPoints="0" sequenceCoverage="100.0" branchCoverage="0" maxCyclomaticComplexity="0" minCyclomaticComplexity="0" maxCrapScore="0" minCrapScore="0" visitedClasses="0" numClasses="0" visitedMethods="1" numMethods="1" />
              <MetadataToken>100663307</MetadataToken>
              <Name>System.Void Tests.TestingScripts.Board::CreateBoard()</Name>
              <FileRef uid="1" />
              <SequencePoints>
                <SequencePoint vc="10" uspid="1367" ordinal="0" offset="0" sl="243" sc="9" el="243" ec="9" bec="0" bev="0" fileid="1" />
                <SequencePoint vc="10" uspid="1368" ordinal="0" offset="1" sl="244" sc="18" el="244" ec="18" bec="0" bev="0" fileid="1" />
                <SequencePoint vc="30" uspid="1369" ordinal="0" offset="5" sl="245" sc="13" el="245" ec="13" bec="0" bev="0" fileid="1" />
                <SequencePoint vc="30" uspid="1370" ordinal="0" offset="6" sl="246" sc="22" el="246" ec="22" bec="0" bev="0" fileid="1" />
                <SequencePoint vc="120" uspid="1371" ordinal="0" offset="10" sl="247" sc="21" el="247" ec="21" bec="0" bev="0" fileid="1" />
                <SequencePoint vc="120" uspid="1372" ordinal="0" offset="24" sl="246" sc="40" el="246" ec="40" bec="0" bev="0" fileid="1" />
                <SequencePoint vc="150" uspid="1373" ordinal="0" offset="28" sl="246" sc="33" el="246" ec="33" bec="0" bev="0" fileid="1" />
                <SequencePoint vc="30" uspid="1374" ordinal="0" offset="36" sl="248" sc="13" el="248" ec="13" bec="0" bev="0" fileid="1" />
                <SequencePoint vc="30" uspid="1375" ordinal="0" offset="37" sl="244" sc="36" el="244" ec="36" bec="0" bev="0" fileid="1" />
                <SequencePoint vc="40" uspid="1376" ordinal="0" offset="41" sl="244" sc="29" el="244" ec="29" bec="0" bev="0" fileid="1" />
                <SequencePoint vc="10" uspid="1377" ordinal="0" offset="49" sl="250" sc="18" el="250" ec="18" bec="0" bev="0" fileid="1" />
                <SequencePoint vc="30" uspid="1378" ordinal="0" offset="54" sl="251" sc="13" el="251" ec="13" bec="0" bev="0" fileid="1" />
                <SequencePoint vc="30" uspid="1379" ordinal="0" offset="55" sl="252" sc="22" el="252" ec="22" bec="0" bev="0" fileid="1" />
                <SequencePoint vc="120" uspid="1380" ordinal="0" offset="60" sl="253" sc="21" el="253" ec="21" bec="0" bev="0" fileid="1" />
                <SequencePoint vc="120" uspid="1381" ordinal="0" offset="77" sl="252" sc="40" el="252" ec="40" bec="0" bev="0" fileid="1" />
                <SequencePoint vc="150" uspid="1382" ordinal="0" offset="83" sl="252" sc="33" el="252" ec="33" bec="0" bev="0" fileid="1" />
                <SequencePoint vc="30" uspid="1383" ordinal="0" offset="94" sl="254" sc="13" el="254" ec="13" bec="0" bev="0" fileid="1" />
                <SequencePoint vc="30" uspid="1384" ordinal="0" offset="95" sl="250" sc="36" el="250" ec="36" bec="0" bev="0" fileid="1" />
                <SequencePoint vc="40" uspid="1385" ordinal="0" offset="101" sl="250" sc="29" el="250" ec="29" bec="0" bev="0" fileid="1" />
                <SequencePoint vc="10" uspid="1386" ordinal="0" offset="112" sl="256" sc="13" el="256" ec="13" bec="0" bev="0" fileid="1" />
                <SequencePoint vc="10" uspid="1387" ordinal="0" offset="119" sl="257" sc="9" el="257" ec="9" bec="0" bev="0" fileid="1" />
              </SequencePoints>
              <BranchPoints />
            </Method>
            <Method visited="true" cyclomaticComplexity="0" nPathComplexity="0" sequenceCoverage="100.0" branchCoverage="0" crapScore="0" isConstructor="false" isStatic="false" isGetter="false" isSetter="false">
              <Summary numSequencePoints="14" visitedSequencePoints="14" numBranchPoints="0" visitedBranchPoints="0" sequenceCoverage="100.0" branchCoverage="0" maxCyclomaticComplexity="0" minCyclomaticComplexity="0" maxCrapScore="0" minCrapScore="0" visitedClasses="0" numClasses="0" visitedMethods="1" numMethods="1" />
              <MetadataToken>100663308</MetadataToken>
              <Name>System.Void Tests.TestingScripts.Board::SetBoard(System.String)</Name>
              <FileRef uid="1" />
              <SequencePoints>
                <SequencePoint vc="11" uspid="1388" ordinal="0" offset="0" sl="260" sc="9" el="260" ec="9" bec="0" bev="0" fileid="1" />
                <SequencePoint vc="11" uspid="1389" ordinal="0" offset="1" sl="261" sc="13" el="261" ec="13" bec="0" bev="0" fileid="1" />
                <SequencePoint vc="11" uspid="1390" ordinal="0" offset="8" sl="262" sc="13" el="262" ec="13" bec="0" bev="0" fileid="1" />
                <SequencePoint vc="11" uspid="1391" ordinal="0" offset="15" sl="264" sc="13" el="264" ec="13" bec="0" bev="0" fileid="1" />
                <SequencePoint vc="11" uspid="1392" ordinal="0" offset="33" sl="266" sc="13" el="266" ec="13" bec="0" bev="0" fileid="1" />
                <SequencePoint vc="11" uspid="1393" ordinal="0" offset="34" sl="266" sc="33" el="266" ec="33" bec="0" bev="0" fileid="1" />
                <SequencePoint vc="26" uspid="1394" ordinal="0" offset="40" sl="266" sc="22" el="266" ec="22" bec="0" bev="0" fileid="1" />
                <SequencePoint vc="26" uspid="1395" ordinal="0" offset="44" sl="267" sc="13" el="267" ec="13" bec="0" bev="0" fileid="1" />
                <SequencePoint vc="26" uspid="1396" ordinal="0" offset="45" sl="268" sc="17" el="268" ec="17" bec="0" bev="0" fileid="1" />
                <SequencePoint vc="26" uspid="1397" ordinal="0" offset="53" sl="269" sc="17" el="269" ec="17" bec="0" bev="0" fileid="1" />
                <SequencePoint vc="26" uspid="1398" ordinal="0" offset="114" sl="270" sc="13" el="270" ec="13" bec="0" bev="0" fileid="1" />
                <SequencePoint vc="37" uspid="1399" ordinal="0" offset="119" sl="266" sc="30" el="266" ec="30" bec="0" bev="0" fileid="1" />
                <SequencePoint vc="11" uspid="1400" ordinal="0" offset="125" sl="272" sc="13" el="272" ec="13" bec="0" bev="0" fileid="1" />
                <SequencePoint vc="11" uspid="1401" ordinal="0" offset="132" sl="273" sc="9" el="273" ec="9" bec="0" bev="0" fileid="1" />
              </SequencePoints>
              <BranchPoints />
            </Method>
            <Method visited="true" cyclomaticComplexity="0" nPathComplexity="0" sequenceCoverage="100.0" branchCoverage="0" crapScore="0" isConstructor="false" isStatic="false" isGetter="false" isSetter="false">
              <Summary numSequencePoints="7" visitedSequencePoints="7" numBranchPoints="0" visitedBranchPoints="0" sequenceCoverage="100.0" branchCoverage="0" maxCyclomaticComplexity="0" minCyclomaticComplexity="0" maxCrapScore="0" minCrapScore="0" visitedClasses="0" numClasses="0" visitedMethods="1" numMethods="1" />
              <MetadataToken>100663309</MetadataToken>
              <Name>System.Void Tests.TestingScripts.Board::CreatePiece(System.Int32, System.Int32, System.Int32)</Name>
              <FileRef uid="1" />
              <SequencePoints>
                <SequencePoint vc="266" uspid="1402" ordinal="0" offset="0" sl="276" sc="9" el="276" ec="9" bec="0" bev="0" fileid="1" />
                <SequencePoint vc="266" uspid="1403" ordinal="0" offset="1" sl="278" sc="13" el="278" ec="13" bec="0" bev="0" fileid="1" />
                <SequencePoint vc="131" uspid="1404" ordinal="0" offset="9" sl="279" sc="17" el="279" ec="17" bec="0" bev="0" fileid="1" />
                <SequencePoint vc="135" uspid="1405" ordinal="0" offset="24" sl="281" sc="17" el="281" ec="17" bec="0" bev="0" fileid="1" />
                <SequencePoint vc="266" uspid="1406" ordinal="0" offset="37" sl="282" sc="13" el="282" ec="13" bec="0" bev="0" fileid="1" />
                <SequencePoint vc="266" uspid="1407" ordinal="0" offset="45" sl="283" sc="13" el="283" ec="13" bec="0" bev="0" fileid="1" />
                <SequencePoint vc="266" uspid="1408" ordinal="0" offset="54" sl="284" sc="9" el="284" ec="9" bec="0" bev="0" fileid="1" />
              </SequencePoints>
              <BranchPoints />
            </Method>
            <Method visited="true" cyclomaticComplexity="0" nPathComplexity="0" sequenceCoverage="100.0" branchCoverage="0" crapScore="0" isConstructor="false" isStatic="false" isGetter="false" isSetter="false">
              <Summary numSequencePoints="21" visitedSequencePoints="21" numBranchPoints="0" visitedBranchPoints="0" sequenceCoverage="100.0" branchCoverage="0" maxCyclomaticComplexity="0" minCyclomaticComplexity="0" maxCrapScore="0" minCrapScore="0" visitedClasses="0" numClasses="0" visitedMethods="1" numMethods="1" />
              <MetadataToken>100663310</MetadataToken>
              <Name>System.Boolean Tests.TestingScripts.Board::SelectPiece(System.Int32, System.Int32)</Name>
              <FileRef uid="1" />
              <SequencePoints>
                <SequencePoint vc="49" uspid="1409" ordinal="0" offset="0" sl="288" sc="9" el="288" ec="9" bec="0" bev="0" fileid="1" />
                <SequencePoint vc="49" uspid="1410" ordinal="0" offset="1" sl="289" sc="13" el="289" ec="13" bec="0" bev="0" fileid="1" />
                <SequencePoint vc="2" uspid="1411" ordinal="0" offset="24" sl="290" sc="17" el="290" ec="17" bec="0" bev="0" fileid="1" />
                <SequencePoint vc="47" uspid="1412" ordinal="0" offset="31" sl="291" sc="13" el="291" ec="13" bec="0" bev="0" fileid="1" />
                <SequencePoint vc="47" uspid="1413" ordinal="0" offset="45" sl="292" sc="13" el="292" ec="13" bec="0" bev="0" fileid="1" />
                <SequencePoint vc="21" uspid="1414" ordinal="0" offset="56" sl="293" sc="17" el="293" ec="17" bec="0" bev="0" fileid="1" />
                <SequencePoint vc="26" uspid="1415" ordinal="0" offset="63" sl="294" sc="13" el="294" ec="13" bec="0" bev="0" fileid="1" />
                <SequencePoint vc="1" uspid="1416" ordinal="0" offset="86" sl="295" sc="17" el="295" ec="17" bec="0" bev="0" fileid="1" />
                <SequencePoint vc="25" uspid="1417" ordinal="0" offset="93" sl="297" sc="13" el="297" ec="13" bec="0" bev="0" fileid="1" />
                <SequencePoint vc="25" uspid="1418" ordinal="0" offset="100" sl="299" sc="13" el="299" ec="13" bec="0" bev="0" fileid="1" />
                <SequencePoint vc="25" uspid="1419" ordinal="0" offset="151" sl="301" sc="13" el="301" ec="13" bec="0" bev="0" fileid="1" />
                <SequencePoint vc="25" uspid="1420" ordinal="0" offset="158" sl="302" sc="13" el="302" ec="13" bec="0" bev="0" fileid="1" />
                <SequencePoint vc="25" uspid="1421" ordinal="0" offset="190" sl="303" sc="13" el="303" ec="13" bec="0" bev="0" fileid="1" />
                <SequencePoint vc="24" uspid="1422" ordinal="0" offset="210" sl="304" sc="13" el="304" ec="13" bec="0" bev="0" fileid="1" />
                <SequencePoint vc="24" uspid="1423" ordinal="0" offset="211" sl="305" sc="17" el="305" ec="17" bec="0" bev="0" fileid="1" />
                <SequencePoint vc="24" uspid="1424" ordinal="0" offset="224" sl="306" sc="17" el="306" ec="17" bec="0" bev="0" fileid="1" />
                <SequencePoint vc="24" uspid="1425" ordinal="0" offset="231" sl="307" sc="17" el="307" ec="17" bec="0" bev="0" fileid="1" />
                <SequencePoint vc="1" uspid="1426" ordinal="0" offset="235" sl="310" sc="13" el="310" ec="13" bec="0" bev="0" fileid="1" />
                <SequencePoint vc="1" uspid="1427" ordinal="0" offset="248" sl="311" sc="13" el="311" ec="13" bec="0" bev="0" fileid="1" />
                <SequencePoint vc="1" uspid="1428" ordinal="0" offset="255" sl="312" sc="13" el="312" ec="13" bec="0" bev="0" fileid="1" />
                <SequencePoint vc="49" uspid="1429" ordinal="0" offset="259" sl="313" sc="9" el="313" ec="9" bec="0" bev="0" fileid="1" />
              </SequencePoints>
              <BranchPoints />
            </Method>
            <Method visited="true" cyclomaticComplexity="0" nPathComplexity="0" sequenceCoverage="100.0" branchCoverage="0" crapScore="0" isConstructor="false" isStatic="false" isGetter="false" isSetter="false">
              <Summary numSequencePoints="35" visitedSequencePoints="35" numBranchPoints="0" visitedBranchPoints="0" sequenceCoverage="100.0" branchCoverage="0" maxCyclomaticComplexity="0" minCyclomaticComplexity="0" maxCrapScore="0" minCrapScore="0" visitedClasses="0" numClasses="0" visitedMethods="1" numMethods="1" />
              <MetadataToken>100663311</MetadataToken>
              <Name>System.Void Tests.TestingScripts.Board::CheckWin()</Name>
              <FileRef uid="1" />
              <SequencePoints>
                <SequencePoint vc="20" uspid="1430" ordinal="0" offset="0" sl="316" sc="9" el="316" ec="9" bec="0" bev="0" fileid="1" />
                <SequencePoint vc="20" uspid="1431" ordinal="0" offset="1" sl="317" sc="13" el="317" ec="13" bec="0" bev="0" fileid="1" />
                <SequencePoint vc="20" uspid="1432" ordinal="0" offset="3" sl="318" sc="13" el="318" ec="13" bec="0" bev="0" fileid="1" />
                <SequencePoint vc="20" uspid="1433" ordinal="0" offset="5" sl="319" sc="13" el="319" ec="13" bec="0" bev="0" fileid="1" />
                <SequencePoint vc="20" uspid="1434" ordinal="0" offset="7" sl="320" sc="13" el="320" ec="13" bec="0" bev="0" fileid="1" />
                <SequencePoint vc="20" uspid="1435" ordinal="0" offset="9" sl="321" sc="13" el="321" ec="13" bec="0" bev="0" fileid="1" />
                <SequencePoint vc="20" uspid="1436" ordinal="0" offset="17" sl="323" sc="18" el="323" ec="18" bec="0" bev="0" fileid="1" />
                <SequencePoint vc="160" uspid="1437" ordinal="0" offset="22" sl="324" sc="13" el="324" ec="13" bec="0" bev="0" fileid="1" />
                <SequencePoint vc="160" uspid="1438" ordinal="0" offset="23" sl="325" sc="22" el="325" ec="22" bec="0" bev="0" fileid="1" />
                <SequencePoint vc="1280" uspid="1439" ordinal="0" offset="28" sl="326" sc="17" el="326" ec="17" bec="0" bev="0" fileid="1" />
                <SequencePoint vc="1280" uspid="1440" ordinal="0" offset="29" sl="327" sc="21" el="327" ec="21" bec="0" bev="0" fileid="1" />
                <SequencePoint vc="1280" uspid="1441" ordinal="0" offset="42" sl="328" sc="21" el="328" ec="21" bec="0" bev="0" fileid="1" />
                <SequencePoint vc="102" uspid="1442" ordinal="0" offset="56" sl="329" sc="21" el="329" ec="21" bec="0" bev="0" fileid="1" />
                <SequencePoint vc="102" uspid="1443" ordinal="0" offset="57" sl="330" sc="25" el="330" ec="25" bec="0" bev="0" fileid="1" />
                <SequencePoint vc="52" uspid="1444" ordinal="0" offset="73" sl="331" sc="25" el="331" ec="25" bec="0" bev="0" fileid="1" />
                <SequencePoint vc="52" uspid="1445" ordinal="0" offset="74" sl="332" sc="29" el="332" ec="29" bec="0" bev="0" fileid="1" />
                <SequencePoint vc="52" uspid="1446" ordinal="0" offset="78" sl="333" sc="29" el="333" ec="29" bec="0" bev="0" fileid="1" />
                <SequencePoint vc="52" uspid="1447" ordinal="0" offset="88" sl="334" sc="25" el="334" ec="25" bec="0" bev="0" fileid="1" />
                <SequencePoint vc="50" uspid="1448" ordinal="0" offset="91" sl="335" sc="30" el="335" ec="30" bec="0" bev="0" fileid="1" />
                <SequencePoint vc="50" uspid="1449" ordinal="0" offset="107" sl="336" sc="25" el="336" ec="25" bec="0" bev="0" fileid="1" />
                <SequencePoint vc="50" uspid="1450" ordinal="0" offset="108" sl="337" sc="29" el="337" ec="29" bec="0" bev="0" fileid="1" />
                <SequencePoint vc="50" uspid="1451" ordinal="0" offset="112" sl="338" sc="29" el="338" ec="29" bec="0" bev="0" fileid="1" />
                <SequencePoint vc="50" uspid="1452" ordinal="0" offset="122" sl="339" sc="25" el="339" ec="25" bec="0" bev="0" fileid="1" />
                <SequencePoint vc="102" uspid="1453" ordinal="0" offset="123" sl="340" sc="21" el="340" ec="21" bec="0" bev="0" fileid="1" />
                <SequencePoint vc="1280" uspid="1454" ordinal="0" offset="124" sl="341" sc="17" el="341" ec="17" bec="0" bev="0" fileid="1" />
                <SequencePoint vc="1280" uspid="1455" ordinal="0" offset="125" sl="325" sc="40" el="325" ec="40" bec="0" bev="0" fileid="1" />
                <SequencePoint vc="1440" uspid="1456" ordinal="0" offset="131" sl="325" sc="33" el="325" ec="33" bec="0" bev="0" fileid="1" />
                <SequencePoint vc="160" uspid="1457" ordinal="0" offset="142" sl="342" sc="13" el="342" ec="13" bec="0" bev="0" fileid="1" />
                <SequencePoint vc="160" uspid="1458" ordinal="0" offset="143" sl="323" sc="36" el="323" ec="36" bec="0" bev="0" fileid="1" />
                <SequencePoint vc="180" uspid="1459" ordinal="0" offset="149" sl="323" sc="29" el="323" ec="29" bec="0" bev="0" fileid="1" />
                <SequencePoint vc="20" uspid="1460" ordinal="0" offset="163" sl="344" sc="13" el="344" ec="13" bec="0" bev="0" fileid="1" />
                <SequencePoint vc="9" uspid="1461" ordinal="0" offset="190" sl="345" sc="17" el="345" ec="17" bec="0" bev="0" fileid="1" />
                <SequencePoint vc="11" uspid="1462" ordinal="0" offset="200" sl="346" sc="18" el="346" ec="18" bec="0" bev="0" fileid="1" />
                <SequencePoint vc="1" uspid="1463" ordinal="0" offset="227" sl="347" sc="17" el="347" ec="17" bec="0" bev="0" fileid="1" />
                <SequencePoint vc="20" uspid="1464" ordinal="0" offset="235" sl="348" sc="9" el="348" ec="9" bec="0" bev="0" fileid="1" />
              </SequencePoints>
              <BranchPoints />
            </Method>
            <Method visited="true" cyclomaticComplexity="0" nPathComplexity="0" sequenceCoverage="100.0" branchCoverage="0" crapScore="0" isConstructor="false" isStatic="false" isGetter="false" isSetter="false">
              <Summary numSequencePoints="7" visitedSequencePoints="7" numBranchPoints="0" visitedBranchPoints="0" sequenceCoverage="100.0" branchCoverage="0" maxCyclomaticComplexity="0" minCyclomaticComplexity="0" maxCrapScore="0" minCrapScore="0" visitedClasses="0" numClasses="0" visitedMethods="1" numMethods="1" />
              <MetadataToken>100663312</MetadataToken>
              <Name>System.Void Tests.TestingScripts.Board::EndGame(System.Int32)</Name>
              <FileRef uid="1" />
              <SequencePoints>
                <SequencePoint vc="10" uspid="1465" ordinal="0" offset="0" sl="354" sc="9" el="354" ec="9" bec="0" bev="0" fileid="1" />
                <SequencePoint vc="10" uspid="1466" ordinal="0" offset="1" sl="355" sc="13" el="355" ec="13" bec="0" bev="0" fileid="1" />
                <SequencePoint vc="10" uspid="1467" ordinal="0" offset="8" sl="356" sc="13" el="356" ec="13" bec="0" bev="0" fileid="1" />
                <SequencePoint vc="10" uspid="1468" ordinal="0" offset="15" sl="358" sc="13" el="358" ec="13" bec="0" bev="0" fileid="1" />
                <SequencePoint vc="9" uspid="1469" ordinal="0" offset="23" sl="359" sc="17" el="359" ec="17" bec="0" bev="0" fileid="1" />
                <SequencePoint vc="1" uspid="1470" ordinal="0" offset="36" sl="361" sc="17" el="361" ec="17" bec="0" bev="0" fileid="1" />
                <SequencePoint vc="10" uspid="1471" ordinal="0" offset="47" sl="362" sc="9" el="362" ec="9" bec="0" bev="0" fileid="1" />
              </SequencePoints>
              <BranchPoints />
            </Method>
            <Method visited="true" cyclomaticComplexity="0" nPathComplexity="0" sequenceCoverage="100.0" branchCoverage="0" crapScore="0" isConstructor="false" isStatic="false" isGetter="false" isSetter="false">
              <Summary numSequencePoints="41" visitedSequencePoints="41" numBranchPoints="0" visitedBranchPoints="0" sequenceCoverage="100.0" branchCoverage="0" maxCyclomaticComplexity="0" minCyclomaticComplexity="0" maxCrapScore="0" minCrapScore="0" visitedClasses="0" numClasses="0" visitedMethods="1" numMethods="1" />
              <MetadataToken>100663313</MetadataToken>
              <Name>System.Void Tests.TestingScripts.Board::FindMultiCapture(System.Int32, System.Int32, System.Int32, System.Int32)</Name>
              <FileRef uid="1" />
              <SequencePoints>
                <SequencePoint vc="14" uspid="1472" ordinal="0" offset="0" sl="365" sc="9" el="365" ec="9" bec="0" bev="0" fileid="1" />
                <SequencePoint vc="14" uspid="1473" ordinal="0" offset="1" sl="366" sc="13" el="366" ec="13" bec="0" bev="0" fileid="1" />
                <SequencePoint vc="14" uspid="1474" ordinal="0" offset="8" sl="367" sc="13" el="367" ec="13" bec="0" bev="0" fileid="1" />
                <SequencePoint vc="14" uspid="1475" ordinal="0" offset="15" sl="369" sc="13" el="369" ec="13" bec="0" bev="0" fileid="1" />
                <SequencePoint vc="14" uspid="1476" ordinal="0" offset="29" sl="370" sc="13" el="370" ec="13" bec="0" bev="0" fileid="1" />
                <SequencePoint vc="14" uspid="1477" ordinal="0" offset="45" sl="371" sc="13" el="371" ec="13" bec="0" bev="0" fileid="1" />
                <SequencePoint vc="14" uspid="1478" ordinal="0" offset="59" sl="372" sc="13" el="372" ec="13" bec="0" bev="0" fileid="1" />
                <SequencePoint vc="14" uspid="1479" ordinal="0" offset="76" sl="374" sc="13" el="374" ec="13" bec="0" bev="0" fileid="1" />
                <SequencePoint vc="2" uspid="1480" ordinal="0" offset="93" sl="375" sc="13" el="375" ec="13" bec="0" bev="0" fileid="1" />
                <SequencePoint vc="2" uspid="1481" ordinal="0" offset="94" sl="376" sc="17" el="376" ec="17" bec="0" bev="0" fileid="1" />
                <SequencePoint vc="2" uspid="1482" ordinal="0" offset="107" sl="377" sc="17" el="377" ec="17" bec="0" bev="0" fileid="1" />
                <SequencePoint vc="2" uspid="1483" ordinal="0" offset="124" sl="379" sc="17" el="379" ec="17" bec="0" bev="0" fileid="1" />
                <SequencePoint vc="2" uspid="1484" ordinal="0" offset="133" sl="380" sc="17" el="380" ec="17" bec="0" bev="0" fileid="1" />
                <SequencePoint vc="2" uspid="1485" ordinal="0" offset="154" sl="382" sc="17" el="382" ec="17" bec="0" bev="0" fileid="1" />
                <SequencePoint vc="2" uspid="1486" ordinal="0" offset="168" sl="383" sc="17" el="383" ec="17" bec="0" bev="0" fileid="1" />
                <SequencePoint vc="2" uspid="1487" ordinal="0" offset="175" sl="384" sc="13" el="384" ec="13" bec="0" bev="0" fileid="1" />
                <SequencePoint vc="14" uspid="1488" ordinal="0" offset="176" sl="386" sc="13" el="386" ec="13" bec="0" bev="0" fileid="1" />
                <SequencePoint vc="2" uspid="1489" ordinal="0" offset="194" sl="387" sc="13" el="387" ec="13" bec="0" bev="0" fileid="1" />
                <SequencePoint vc="2" uspid="1490" ordinal="0" offset="195" sl="388" sc="17" el="388" ec="17" bec="0" bev="0" fileid="1" />
                <SequencePoint vc="2" uspid="1491" ordinal="0" offset="208" sl="389" sc="17" el="389" ec="17" bec="0" bev="0" fileid="1" />
                <SequencePoint vc="2" uspid="1492" ordinal="0" offset="225" sl="391" sc="17" el="391" ec="17" bec="0" bev="0" fileid="1" />
                <SequencePoint vc="2" uspid="1493" ordinal="0" offset="234" sl="392" sc="17" el="392" ec="17" bec="0" bev="0" fileid="1" />
                <SequencePoint vc="2" uspid="1494" ordinal="0" offset="255" sl="394" sc="17" el="394" ec="17" bec="0" bev="0" fileid="1" />
                <SequencePoint vc="2" uspid="1495" ordinal="0" offset="269" sl="395" sc="17" el="395" ec="17" bec="0" bev="0" fileid="1" />
                <SequencePoint vc="2" uspid="1496" ordinal="0" offset="276" sl="396" sc="13" el="396" ec="13" bec="0" bev="0" fileid="1" />
                <SequencePoint vc="14" uspid="1497" ordinal="0" offset="277" sl="398" sc="13" el="398" ec="13" bec="0" bev="0" fileid="1" />
                <SequencePoint vc="5" uspid="1498" ordinal="0" offset="297" sl="399" sc="13" el="399" ec="13" bec="0" bev="0" fileid="1" />
                <SequencePoint vc="5" uspid="1499" ordinal="0" offset="298" sl="400" sc="17" el="400" ec="17" bec="0" bev="0" fileid="1" />
                <SequencePoint vc="5" uspid="1500" ordinal="0" offset="313" sl="401" sc="17" el="401" ec="17" bec="0" bev="0" fileid="1" />
                <SequencePoint vc="5" uspid="1501" ordinal="0" offset="332" sl="403" sc="17" el="403" ec="17" bec="0" bev="0" fileid="1" />
                <SequencePoint vc="1" uspid="1502" ordinal="0" offset="351" sl="404" sc="17" el="404" ec="17" bec="0" bev="0" fileid="1" />
                <SequencePoint vc="1" uspid="1503" ordinal="0" offset="352" sl="405" sc="21" el="405" ec="21" bec="0" bev="0" fileid="1" />
                <SequencePoint vc="1" uspid="1504" ordinal="0" offset="365" sl="407" sc="21" el="407" ec="21" bec="0" bev="0" fileid="1" />
                <SequencePoint vc="1" uspid="1505" ordinal="0" offset="384" sl="409" sc="21" el="409" ec="21" bec="0" bev="0" fileid="1" />
                <SequencePoint vc="1" uspid="1506" ordinal="0" offset="393" sl="410" sc="21" el="410" ec="21" bec="0" bev="0" fileid="1" />
                <SequencePoint vc="1" uspid="1507" ordinal="0" offset="414" sl="411" sc="21" el="411" ec="21" bec="0" bev="0" fileid="1" />
                <SequencePoint vc="1" uspid="1508" ordinal="0" offset="428" sl="412" sc="21" el="412" ec="21" bec="0" bev="0" fileid="1" />
                <SequencePoint vc="1" uspid="1509" ordinal="0" offset="435" sl="413" sc="17" el="413" ec="17" bec="0" bev="0" fileid="1" />
                <SequencePoint vc="5" uspid="1510" ordinal="0" offset="436" sl="414" sc="13" el="414" ec="13" bec="0" bev="0" fileid="1" />
                <SequencePoint vc="14" uspid="1511" ordinal="0" offset="437" sl="415" sc="13" el="415" ec="13" bec="0" bev="0" fileid="1" />
                <SequencePoint vc="14" uspid="1512" ordinal="0" offset="444" sl="416" sc="9" el="416" ec="9" bec="0" bev="0" fileid="1" />
              </SequencePoints>
              <BranchPoints />
            </Method>
            <Method visited="true" cyclomaticComplexity="0" nPathComplexity="0" sequenceCoverage="100.0" branchCoverage="0" crapScore="0" isConstructor="false" isStatic="false" isGetter="false" isSetter="false">
              <Summary numSequencePoints="15" visitedSequencePoints="15" numBranchPoints="0" visitedBranchPoints="0" sequenceCoverage="100.0" branchCoverage="0" maxCyclomaticComplexity="0" minCyclomaticComplexity="0" maxCrapScore="0" minCrapScore="0" visitedClasses="0" numClasses="0" visitedMethods="1" numMethods="1" />
              <MetadataToken>100663314</MetadataToken>
              <Name>System.Void Tests.TestingScripts.Board::DisplayMoves()</Name>
              <FileRef uid="1" />
              <SequencePoints>
                <SequencePoint vc="29" uspid="1513" ordinal="0" offset="0" sl="420" sc="9" el="420" ec="9" bec="0" bev="0" fileid="1" />
                <SequencePoint vc="29" uspid="1514" ordinal="0" offset="1" sl="421" sc="13" el="421" ec="13" bec="0" bev="0" fileid="1" />
                <SequencePoint vc="29" uspid="1515" ordinal="0" offset="13" sl="422" sc="18" el="422" ec="18" bec="0" bev="0" fileid="1" />
                <SequencePoint vc="42" uspid="1516" ordinal="0" offset="17" sl="423" sc="13" el="423" ec="13" bec="0" bev="0" fileid="1" />
                <SequencePoint vc="42" uspid="1517" ordinal="0" offset="18" sl="424" sc="17" el="424" ec="17" bec="0" bev="0" fileid="1" />
                <SequencePoint vc="42" uspid="1518" ordinal="0" offset="30" sl="425" sc="17" el="425" ec="17" bec="0" bev="0" fileid="1" />
                <SequencePoint vc="42" uspid="1519" ordinal="0" offset="43" sl="426" sc="17" el="426" ec="17" bec="0" bev="0" fileid="1" />
                <SequencePoint vc="42" uspid="1520" ordinal="0" offset="57" sl="427" sc="17" el="427" ec="17" bec="0" bev="0" fileid="1" />
                <SequencePoint vc="42" uspid="1521" ordinal="0" offset="71" sl="429" sc="17" el="429" ec="17" bec="0" bev="0" fileid="1" />
                <SequencePoint vc="42" uspid="1522" ordinal="0" offset="81" sl="431" sc="17" el="431" ec="17" bec="0" bev="0" fileid="1" />
                <SequencePoint vc="42" uspid="1523" ordinal="0" offset="90" sl="432" sc="17" el="432" ec="17" bec="0" bev="0" fileid="1" />
                <SequencePoint vc="42" uspid="1524" ordinal="0" offset="103" sl="433" sc="13" el="433" ec="13" bec="0" bev="0" fileid="1" />
                <SequencePoint vc="42" uspid="1525" ordinal="0" offset="104" sl="422" sc="57" el="422" ec="57" bec="0" bev="0" fileid="1" />
                <SequencePoint vc="71" uspid="1526" ordinal="0" offset="108" sl="422" sc="29" el="422" ec="29" bec="0" bev="0" fileid="1" />
                <SequencePoint vc="29" uspid="1527" ordinal="0" offset="128" sl="434" sc="9" el="434" ec="9" bec="0" bev="0" fileid="1" />
              </SequencePoints>
              <BranchPoints />
            </Method>
            <Method visited="true" cyclomaticComplexity="0" nPathComplexity="0" sequenceCoverage="100.0" branchCoverage="0" crapScore="0" isConstructor="false" isStatic="false" isGetter="false" isSetter="false">
              <Summary numSequencePoints="9" visitedSequencePoints="9" numBranchPoints="0" visitedBranchPoints="0" sequenceCoverage="100.0" branchCoverage="0" maxCyclomaticComplexity="0" minCyclomaticComplexity="0" maxCrapScore="0" minCrapScore="0" visitedClasses="0" numClasses="0" visitedMethods="1" numMethods="1" />
              <MetadataToken>100663315</MetadataToken>
              <Name>System.Void Tests.TestingScripts.Board::ClearHighlights()</Name>
              <FileRef uid="1" />
              <SequencePoints>
                <SequencePoint vc="71" uspid="1528" ordinal="0" offset="0" sl="438" sc="9" el="438" ec="9" bec="0" bev="0" fileid="1" />
                <SequencePoint vc="71" uspid="1529" ordinal="0" offset="1" sl="439" sc="18" el="439" ec="18" bec="0" bev="0" fileid="1" />
                <SequencePoint vc="38" uspid="1530" ordinal="0" offset="5" sl="440" sc="13" el="440" ec="13" bec="0" bev="0" fileid="1" />
                <SequencePoint vc="38" uspid="1531" ordinal="0" offset="6" sl="443" sc="17" el="443" ec="17" bec="0" bev="0" fileid="1" />
                <SequencePoint vc="38" uspid="1532" ordinal="0" offset="29" sl="444" sc="13" el="444" ec="13" bec="0" bev="0" fileid="1" />
                <SequencePoint vc="38" uspid="1533" ordinal="0" offset="30" sl="439" sc="51" el="439" ec="51" bec="0" bev="0" fileid="1" />
                <SequencePoint vc="109" uspid="1534" ordinal="0" offset="34" sl="439" sc="29" el="439" ec="29" bec="0" bev="0" fileid="1" />
                <SequencePoint vc="71" uspid="1535" ordinal="0" offset="52" sl="446" sc="13" el="446" ec="13" bec="0" bev="0" fileid="1" />
                <SequencePoint vc="71" uspid="1536" ordinal="0" offset="64" sl="447" sc="9" el="447" ec="9" bec="0" bev="0" fileid="1" />
              </SequencePoints>
              <BranchPoints />
            </Method>
            <Method visited="true" cyclomaticComplexity="0" nPathComplexity="0" sequenceCoverage="100.0" branchCoverage="0" crapScore="0" isConstructor="false" isStatic="false" isGetter="false" isSetter="false">
              <Summary numSequencePoints="50" visitedSequencePoints="50" numBranchPoints="0" visitedBranchPoints="0" sequenceCoverage="100.0" branchCoverage="0" maxCyclomaticComplexity="0" minCyclomaticComplexity="0" maxCrapScore="0" minCrapScore="0" visitedClasses="0" numClasses="0" visitedMethods="1" numMethods="1" />
              <MetadataToken>100663316</MetadataToken>
              <Name>System.Void Tests.TestingScripts.Board::FindMoves()</Name>
              <FileRef uid="1" />
              <SequencePoints>
                <SequencePoint vc="41" uspid="1537" ordinal="0" offset="0" sl="451" sc="9" el="451" ec="9" bec="0" bev="0" fileid="1" />
                <SequencePoint vc="41" uspid="1538" ordinal="0" offset="1" sl="452" sc="13" el="452" ec="13" bec="0" bev="0" fileid="1" />
                <SequencePoint vc="41" uspid="1539" ordinal="0" offset="8" sl="453" sc="13" el="453" ec="13" bec="0" bev="0" fileid="1" />
                <SequencePoint vc="41" uspid="1540" ordinal="0" offset="14" sl="454" sc="13" el="454" ec="13" bec="0" bev="0" fileid="1" />
                <SequencePoint vc="41" uspid="1541" ordinal="0" offset="21" sl="455" sc="18" el="455" ec="18" bec="0" bev="0" fileid="1" />
                <SequencePoint vc="328" uspid="1542" ordinal="0" offset="28" sl="456" sc="13" el="456" ec="13" bec="0" bev="0" fileid="1" />
                <SequencePoint vc="328" uspid="1543" ordinal="0" offset="29" sl="457" sc="22" el="457" ec="22" bec="0" bev="0" fileid="1" />
                <SequencePoint vc="2624" uspid="1544" ordinal="0" offset="36" sl="458" sc="17" el="458" ec="17" bec="0" bev="0" fileid="1" />
                <SequencePoint vc="2624" uspid="1545" ordinal="0" offset="37" sl="459" sc="21" el="459" ec="21" bec="0" bev="0" fileid="1" />
                <SequencePoint vc="2624" uspid="1546" ordinal="0" offset="47" sl="460" sc="21" el="460" ec="21" bec="0" bev="0" fileid="1" />
                <SequencePoint vc="2256" uspid="1547" ordinal="0" offset="61" sl="461" sc="25" el="461" ec="25" bec="0" bev="0" fileid="1" />
                <SequencePoint vc="368" uspid="1548" ordinal="0" offset="66" sl="462" sc="21" el="462" ec="21" bec="0" bev="0" fileid="1" />
                <SequencePoint vc="368" uspid="1549" ordinal="0" offset="74" sl="464" sc="21" el="464" ec="21" bec="0" bev="0" fileid="1" />
                <SequencePoint vc="368" uspid="1550" ordinal="0" offset="83" sl="465" sc="21" el="465" ec="21" bec="0" bev="0" fileid="1" />
                <SequencePoint vc="191" uspid="1551" ordinal="0" offset="102" sl="466" sc="25" el="466" ec="25" bec="0" bev="0" fileid="1" />
                <SequencePoint vc="177" uspid="1552" ordinal="0" offset="107" sl="468" sc="21" el="468" ec="21" bec="0" bev="0" fileid="1" />
                <SequencePoint vc="177" uspid="1553" ordinal="0" offset="110" sl="469" sc="21" el="469" ec="21" bec="0" bev="0" fileid="1" />
                <SequencePoint vc="177" uspid="1554" ordinal="0" offset="113" sl="470" sc="21" el="470" ec="21" bec="0" bev="0" fileid="1" />
                <SequencePoint vc="31" uspid="1555" ordinal="0" offset="124" sl="471" sc="21" el="471" ec="21" bec="0" bev="0" fileid="1" />
                <SequencePoint vc="31" uspid="1556" ordinal="0" offset="125" sl="472" sc="25" el="472" ec="25" bec="0" bev="0" fileid="1" />
                <SequencePoint vc="31" uspid="1557" ordinal="0" offset="128" sl="473" sc="25" el="473" ec="25" bec="0" bev="0" fileid="1" />
                <SequencePoint vc="31" uspid="1558" ordinal="0" offset="131" sl="474" sc="21" el="474" ec="21" bec="0" bev="0" fileid="1" />
                <SequencePoint vc="177" uspid="1559" ordinal="0" offset="132" sl="477" sc="21" el="477" ec="21" bec="0" bev="0" fileid="1" />
                <SequencePoint vc="177" uspid="1560" ordinal="0" offset="147" sl="478" sc="21" el="478" ec="21" bec="0" bev="0" fileid="1" />
                <SequencePoint vc="177" uspid="1561" ordinal="0" offset="162" sl="480" sc="21" el="480" ec="21" bec="0" bev="0" fileid="1" />
                <SequencePoint vc="3" uspid="1562" ordinal="0" offset="175" sl="481" sc="21" el="481" ec="21" bec="0" bev="0" fileid="1" />
                <SequencePoint vc="3" uspid="1563" ordinal="0" offset="176" sl="482" sc="25" el="482" ec="25" bec="0" bev="0" fileid="1" />
                <SequencePoint vc="3" uspid="1564" ordinal="0" offset="191" sl="483" sc="25" el="483" ec="25" bec="0" bev="0" fileid="1" />
                <SequencePoint vc="3" uspid="1565" ordinal="0" offset="206" sl="484" sc="21" el="484" ec="21" bec="0" bev="0" fileid="1" />
                <SequencePoint vc="177" uspid="1566" ordinal="0" offset="207" sl="487" sc="21" el="487" ec="21" bec="0" bev="0" fileid="1" />
                <SequencePoint vc="177" uspid="1567" ordinal="0" offset="216" sl="488" sc="21" el="488" ec="21" bec="0" bev="0" fileid="1" />
                <SequencePoint vc="10" uspid="1568" ordinal="0" offset="232" sl="489" sc="21" el="489" ec="21" bec="0" bev="0" fileid="1" />
                <SequencePoint vc="10" uspid="1569" ordinal="0" offset="233" sl="490" sc="25" el="490" ec="25" bec="0" bev="0" fileid="1" />
                <SequencePoint vc="10" uspid="1570" ordinal="0" offset="234" sl="490" sc="49" el="490" ec="49" bec="0" bev="0" fileid="1" />
                <SequencePoint vc="5" uspid="1571" ordinal="0" offset="244" sl="490" sc="34" el="490" ec="34" bec="0" bev="0" fileid="1" />
                <SequencePoint vc="5" uspid="1572" ordinal="0" offset="253" sl="491" sc="29" el="491" ec="29" bec="0" bev="0" fileid="1" />
                <SequencePoint vc="15" uspid="1573" ordinal="0" offset="261" sl="490" sc="46" el="490" ec="46" bec="0" bev="0" fileid="1" />
                <SequencePoint vc="10" uspid="1574" ordinal="0" offset="287" sl="493" sc="25" el="493" ec="25" bec="0" bev="0" fileid="1" />
                <SequencePoint vc="10" uspid="1575" ordinal="0" offset="294" sl="494" sc="25" el="494" ec="25" bec="0" bev="0" fileid="1" />
                <SequencePoint vc="10" uspid="1576" ordinal="0" offset="302" sl="495" sc="21" el="495" ec="21" bec="0" bev="0" fileid="1" />
                <SequencePoint vc="177" uspid="1577" ordinal="0" offset="303" sl="497" sc="21" el="497" ec="21" bec="0" bev="0" fileid="1" />
                <SequencePoint vc="171" uspid="1578" ordinal="0" offset="322" sl="498" sc="25" el="498" ec="25" bec="0" bev="0" fileid="1" />
                <SequencePoint vc="6" uspid="1579" ordinal="0" offset="333" sl="500" sc="25" el="500" ec="25" bec="0" bev="0" fileid="1" />
                <SequencePoint vc="177" uspid="1580" ordinal="0" offset="341" sl="501" sc="17" el="501" ec="17" bec="0" bev="0" fileid="1" />
                <SequencePoint vc="2624" uspid="1581" ordinal="0" offset="342" sl="457" sc="40" el="457" ec="40" bec="0" bev="0" fileid="1" />
                <SequencePoint vc="2952" uspid="1582" ordinal="0" offset="346" sl="457" sc="33" el="457" ec="33" bec="0" bev="0" fileid="1" />
                <SequencePoint vc="328" uspid="1583" ordinal="0" offset="359" sl="502" sc="13" el="502" ec="13" bec="0" bev="0" fileid="1" />
                <SequencePoint vc="328" uspid="1584" ordinal="0" offset="360" sl="455" sc="36" el="455" ec="36" bec="0" bev="0" fileid="1" />
                <SequencePoint vc="369" uspid="1585" ordinal="0" offset="364" sl="455" sc="29" el="455" ec="29" bec="0" bev="0" fileid="1" />
                <SequencePoint vc="41" uspid="1586" ordinal="0" offset="377" sl="503" sc="9" el="503" ec="9" bec="0" bev="0" fileid="1" />
              </SequencePoints>
              <BranchPoints />
            </Method>
            <Method visited="true" cyclomaticComplexity="0" nPathComplexity="0" sequenceCoverage="100.0" branchCoverage="0" crapScore="0" isConstructor="false" isStatic="false" isGetter="false" isSetter="false">
              <Summary numSequencePoints="19" visitedSequencePoints="19" numBranchPoints="0" visitedBranchPoints="0" sequenceCoverage="100.0" branchCoverage="0" maxCyclomaticComplexity="0" minCyclomaticComplexity="0" maxCrapScore="0" minCrapScore="0" visitedClasses="0" numClasses="0" visitedMethods="1" numMethods="1" />
              <MetadataToken>100663317</MetadataToken>
              <Name>System.Void Tests.TestingScripts.Board::HighlightMovable()</Name>
              <FileRef uid="1" />
              <SequencePoints>
                <SequencePoint vc="34" uspid="1587" ordinal="0" offset="0" sl="506" sc="9" el="506" ec="9" bec="0" bev="0" fileid="1" />
                <SequencePoint vc="34" uspid="1588" ordinal="0" offset="1" sl="507" sc="13" el="507" ec="13" bec="0" bev="0" fileid="1" />
                <SequencePoint vc="34" uspid="1589" ordinal="0" offset="8" sl="508" sc="18" el="508" ec="18" bec="0" bev="0" fileid="1" />
                <SequencePoint vc="272" uspid="1590" ordinal="0" offset="12" sl="509" sc="13" el="509" ec="13" bec="0" bev="0" fileid="1" />
                <SequencePoint vc="272" uspid="1591" ordinal="0" offset="13" sl="510" sc="22" el="510" ec="22" bec="0" bev="0" fileid="1" />
                <SequencePoint vc="2176" uspid="1592" ordinal="0" offset="17" sl="511" sc="17" el="511" ec="17" bec="0" bev="0" fileid="1" />
                <SequencePoint vc="2176" uspid="1593" ordinal="0" offset="18" sl="512" sc="21" el="512" ec="21" bec="0" bev="0" fileid="1" />
                <SequencePoint vc="2176" uspid="1594" ordinal="0" offset="27" sl="513" sc="21" el="513" ec="21" bec="0" bev="0" fileid="1" />
                <SequencePoint vc="2052" uspid="1595" ordinal="0" offset="40" sl="514" sc="25" el="514" ec="25" bec="0" bev="0" fileid="1" />
                <SequencePoint vc="124" uspid="1596" ordinal="0" offset="42" sl="515" sc="21" el="515" ec="21" bec="0" bev="0" fileid="1" />
                <SequencePoint vc="119" uspid="1597" ordinal="0" offset="57" sl="516" sc="25" el="516" ec="25" bec="0" bev="0" fileid="1" />
                <SequencePoint vc="5" uspid="1598" ordinal="0" offset="67" sl="518" sc="25" el="518" ec="25" bec="0" bev="0" fileid="1" />
                <SequencePoint vc="124" uspid="1599" ordinal="0" offset="75" sl="519" sc="17" el="519" ec="17" bec="0" bev="0" fileid="1" />
                <SequencePoint vc="2176" uspid="1600" ordinal="0" offset="76" sl="510" sc="40" el="510" ec="40" bec="0" bev="0" fileid="1" />
                <SequencePoint vc="2448" uspid="1601" ordinal="0" offset="80" sl="510" sc="33" el="510" ec="33" bec="0" bev="0" fileid="1" />
                <SequencePoint vc="272" uspid="1602" ordinal="0" offset="90" sl="520" sc="13" el="520" ec="13" bec="0" bev="0" fileid="1" />
                <SequencePoint vc="272" uspid="1603" ordinal="0" offset="91" sl="508" sc="36" el="508" ec="36" bec="0" bev="0" fileid="1" />
                <SequencePoint vc="306" uspid="1604" ordinal="0" offset="95" sl="508" sc="29" el="508" ec="29" bec="0" bev="0" fileid="1" />
                <SequencePoint vc="34" uspid="1605" ordinal="0" offset="105" sl="521" sc="9" el="521" ec="9" bec="0" bev="0" fileid="1" />
              </SequencePoints>
              <BranchPoints />
            </Method>
            <Method visited="true" cyclomaticComplexity="0" nPathComplexity="0" sequenceCoverage="100.0" branchCoverage="0" crapScore="0" isConstructor="false" isStatic="false" isGetter="false" isSetter="false">
              <Summary numSequencePoints="11" visitedSequencePoints="11" numBranchPoints="0" visitedBranchPoints="0" sequenceCoverage="100.0" branchCoverage="0" maxCyclomaticComplexity="0" minCyclomaticComplexity="0" maxCrapScore="0" minCrapScore="0" visitedClasses="0" numClasses="0" visitedMethods="1" numMethods="1" />
              <MetadataToken>100663318</MetadataToken>
              <Name>Tests.TestingScripts.Move Tests.TestingScripts.Board::CreateMovePrefab(System.String)</Name>
              <FileRef uid="1" />
              <SequencePoints>
                <SequencePoint vc="407" uspid="1606" ordinal="0" offset="0" sl="524" sc="9" el="524" ec="9" bec="0" bev="0" fileid="1" />
                <SequencePoint vc="407" uspid="1607" ordinal="0" offset="1" sl="525" sc="13" el="525" ec="13" bec="0" bev="0" fileid="1" />
                <SequencePoint vc="407" uspid="1608" ordinal="0" offset="7" sl="526" sc="13" el="526" ec="13" bec="0" bev="0" fileid="1" />
                <SequencePoint vc="407" uspid="1609" ordinal="0" offset="40" sl="527" sc="13" el="527" ec="13" bec="0" bev="0" fileid="1" />
                <SequencePoint vc="42" uspid="1610" ordinal="0" offset="57" sl="531" sc="21" el="531" ec="21" bec="0" bev="0" fileid="1" />
                <SequencePoint vc="42" uspid="1611" ordinal="0" offset="69" sl="532" sc="21" el="532" ec="21" bec="0" bev="0" fileid="1" />
                <SequencePoint vc="365" uspid="1612" ordinal="0" offset="71" sl="534" sc="21" el="534" ec="21" bec="0" bev="0" fileid="1" />
                <SequencePoint vc="365" uspid="1613" ordinal="0" offset="83" sl="535" sc="21" el="535" ec="21" bec="0" bev="0" fileid="1" />
                <SequencePoint vc="407" uspid="1614" ordinal="0" offset="85" sl="537" sc="13" el="537" ec="13" bec="0" bev="0" fileid="1" />
                <SequencePoint vc="407" uspid="1615" ordinal="0" offset="92" sl="539" sc="13" el="539" ec="13" bec="0" bev="0" fileid="1" />
                <SequencePoint vc="407" uspid="1616" ordinal="0" offset="96" sl="540" sc="9" el="540" ec="9" bec="0" bev="0" fileid="1" />
              </SequencePoints>
              <BranchPoints />
            </Method>
            <Method visited="true" cyclomaticComplexity="0" nPathComplexity="0" sequenceCoverage="100.0" branchCoverage="0" crapScore="0" isConstructor="false" isStatic="false" isGetter="false" isSetter="false">
              <Summary numSequencePoints="16" visitedSequencePoints="16" numBranchPoints="0" visitedBranchPoints="0" sequenceCoverage="100.0" branchCoverage="0" maxCyclomaticComplexity="0" minCyclomaticComplexity="0" maxCrapScore="0" minCrapScore="0" visitedClasses="0" numClasses="0" visitedMethods="1" numMethods="1" />
              <MetadataToken>100663319</MetadataToken>
              <Name>Tests.TestingScripts.Piece Tests.TestingScripts.Board::CreatePiecePrefab(System.String)</Name>
              <FileRef uid="1" />
              <SequencePoints>
                <SequencePoint vc="266" uspid="1617" ordinal="0" offset="0" sl="543" sc="9" el="543" ec="9" bec="0" bev="0" fileid="1" />
                <SequencePoint vc="266" uspid="1618" ordinal="0" offset="1" sl="544" sc="13" el="544" ec="13" bec="0" bev="0" fileid="1" />
                <SequencePoint vc="266" uspid="1619" ordinal="0" offset="7" sl="545" sc="13" el="545" ec="13" bec="0" bev="0" fileid="1" />
                <SequencePoint vc="266" uspid="1620" ordinal="0" offset="25" sl="547" sc="13" el="547" ec="13" bec="0" bev="0" fileid="1" />
                <SequencePoint vc="266" uspid="1621" ordinal="0" offset="37" sl="548" sc="13" el="548" ec="13" bec="0" bev="0" fileid="1" />
                <SequencePoint vc="266" uspid="1622" ordinal="0" offset="44" sl="550" sc="13" el="550" ec="13" bec="0" bev="0" fileid="1" />
                <SequencePoint vc="266" uspid="1623" ordinal="0" offset="62" sl="551" sc="13" el="551" ec="13" bec="0" bev="0" fileid="1" />
                <SequencePoint vc="266" uspid="1624" ordinal="0" offset="70" sl="552" sc="13" el="552" ec="13" bec="0" bev="0" fileid="1" />
                <SequencePoint vc="266" uspid="1625" ordinal="0" offset="88" sl="553" sc="13" el="553" ec="13" bec="0" bev="0" fileid="1" />
                <SequencePoint vc="266" uspid="1626" ordinal="0" offset="106" sl="554" sc="13" el="554" ec="13" bec="0" bev="0" fileid="1" />
                <SequencePoint vc="266" uspid="1627" ordinal="0" offset="114" sl="555" sc="13" el="555" ec="13" bec="0" bev="0" fileid="1" />
                <SequencePoint vc="266" uspid="1628" ordinal="0" offset="132" sl="556" sc="13" el="556" ec="13" bec="0" bev="0" fileid="1" />
                <SequencePoint vc="266" uspid="1629" ordinal="0" offset="151" sl="557" sc="13" el="557" ec="13" bec="0" bev="0" fileid="1" />
                <SequencePoint vc="266" uspid="1630" ordinal="0" offset="160" sl="558" sc="13" el="558" ec="13" bec="0" bev="0" fileid="1" />
                <SequencePoint vc="266" uspid="1631" ordinal="0" offset="179" sl="560" sc="13" el="560" ec="13" bec="0" bev="0" fileid="1" />
                <SequencePoint vc="266" uspid="1632" ordinal="0" offset="184" sl="561" sc="9" el="561" ec="9" bec="0" bev="0" fileid="1" />
              </SequencePoints>
              <BranchPoints />
            </Method>
            <Method visited="true" cyclomaticComplexity="0" nPathComplexity="0" sequenceCoverage="100.0" branchCoverage="0" crapScore="0" isConstructor="false" isStatic="false" isGetter="false" isSetter="false">
              <Summary numSequencePoints="22" visitedSequencePoints="22" numBranchPoints="0" visitedBranchPoints="0" sequenceCoverage="100.0" branchCoverage="0" maxCyclomaticComplexity="0" minCyclomaticComplexity="0" maxCrapScore="0" minCrapScore="0" visitedClasses="0" numClasses="0" visitedMethods="1" numMethods="1" />
              <MetadataToken>100663320</MetadataToken>
              <Name>System.Void Tests.TestingScripts.Board::CheckDirection(Tests.TestingScripts.Piece, System.Int32, System.Int32, System.Int32, System.Int32)</Name>
              <FileRef uid="1" />
              <SequencePoints>
                <SequencePoint vc="360" uspid="1633" ordinal="0" offset="0" sl="564" sc="9" el="564" ec="9" bec="0" bev="0" fileid="1" />
                <SequencePoint vc="360" uspid="1634" ordinal="0" offset="1" sl="565" sc="13" el="565" ec="13" bec="0" bev="0" fileid="1" />
                <SequencePoint vc="360" uspid="1635" ordinal="0" offset="8" sl="566" sc="13" el="566" ec="13" bec="0" bev="0" fileid="1" />
                <SequencePoint vc="360" uspid="1636" ordinal="0" offset="20" sl="568" sc="13" el="568" ec="13" bec="0" bev="0" fileid="1" />
                <SequencePoint vc="360" uspid="1637" ordinal="0" offset="35" sl="569" sc="13" el="569" ec="13" bec="0" bev="0" fileid="1" />
                <SequencePoint vc="360" uspid="1638" ordinal="0" offset="54" sl="572" sc="13" el="572" ec="13" bec="0" bev="0" fileid="1" />
                <SequencePoint vc="115" uspid="1639" ordinal="0" offset="64" sl="573" sc="13" el="573" ec="13" bec="0" bev="0" fileid="1" />
                <SequencePoint vc="115" uspid="1640" ordinal="0" offset="65" sl="578" sc="17" el="578" ec="17" bec="0" bev="0" fileid="1" />
                <SequencePoint vc="115" uspid="1641" ordinal="0" offset="80" sl="581" sc="17" el="581" ec="17" bec="0" bev="0" fileid="1" />
                <SequencePoint vc="115" uspid="1642" ordinal="0" offset="88" sl="582" sc="17" el="582" ec="17" bec="0" bev="0" fileid="1" />
                <SequencePoint vc="115" uspid="1643" ordinal="0" offset="96" sl="583" sc="13" el="583" ec="13" bec="0" bev="0" fileid="1" />
[...]
              <Summary numSequencePoints="16" visitedSequencePoints="16" numBranchPoints="0" visitedBranchPoints="0" sequenceCoverage="100.0" branchCoverage="0" maxCyclomaticComplexity="0" minCyclomaticComplexity="0" maxCrapScore="0" minCrapScore="0" visitedClasses="0" numClasses="0" visitedMethods="1" numMethods="1" />
              <MetadataToken>100663344</MetadataToken>
              <Name>System.Void Tests.PieceTest::PieceMoveCaptureLeft()</Name>
              <FileRef uid="6" />
              <SequencePoints>
                <SequencePoint vc="1" uspid="2346" ordinal="0" offset="0" sl="194" sc="9" el="194" ec="9" bec="0" bev="0" fileid="6" />
                <SequencePoint vc="1" uspid="2347" ordinal="0" offset="1" sl="195" sc="13" el="195" ec="13" bec="0" bev="0" fileid="6" />
                <SequencePoint vc="1" uspid="2348" ordinal="0" offset="18" sl="196" sc="13" el="196" ec="13" bec="0" bev="0" fileid="6" />
                <SequencePoint vc="1" uspid="2349" ordinal="0" offset="32" sl="198" sc="13" el="198" ec="13" bec="0" bev="0" fileid="6" />
                <SequencePoint vc="1" uspid="2350" ordinal="0" offset="38" sl="199" sc="13" el="199" ec="13" bec="0" bev="0" fileid="6" />
                <SequencePoint vc="1" uspid="2351" ordinal="0" offset="45" sl="200" sc="13" el="200" ec="13" bec="0" bev="0" fileid="6" />
                <SequencePoint vc="1" uspid="2352" ordinal="0" offset="54" sl="202" sc="13" el="202" ec="13" bec="0" bev="0" fileid="6" />
                <SequencePoint vc="1" uspid="2353" ordinal="0" offset="60" sl="203" sc="13" el="203" ec="13" bec="0" bev="0" fileid="6" />
                <SequencePoint vc="1" uspid="2354" ordinal="0" offset="67" sl="204" sc="13" el="204" ec="13" bec="0" bev="0" fileid="6" />
                <SequencePoint vc="1" uspid="2355" ordinal="0" offset="75" sl="205" sc="13" el="205" ec="13" bec="0" bev="0" fileid="6" />
                <SequencePoint vc="1" uspid="2356" ordinal="0" offset="84" sl="206" sc="13" el="206" ec="13" bec="0" bev="0" fileid="6" />
                <SequencePoint vc="1" uspid="2357" ordinal="0" offset="92" sl="208" sc="13" el="208" ec="13" bec="0" bev="0" fileid="6" />
                <SequencePoint vc="1" uspid="2358" ordinal="0" offset="105" sl="209" sc="13" el="209" ec="13" bec="0" bev="0" fileid="6" />
                <SequencePoint vc="1" uspid="2359" ordinal="0" offset="133" sl="210" sc="13" el="210" ec="13" bec="0" bev="0" fileid="6" />
                <SequencePoint vc="1" uspid="2360" ordinal="0" offset="161" sl="211" sc="13" el="211" ec="13" bec="0" bev="0" fileid="6" />
                <SequencePoint vc="1" uspid="2361" ordinal="0" offset="191" sl="212" sc="9" el="212" ec="9" bec="0" bev="0" fileid="6" />
              </SequencePoints>
              <BranchPoints />
            </Method>
            <Method visited="true" cyclomaticComplexity="0" nPathComplexity="0" sequenceCoverage="100.0" branchCoverage="0" crapScore="0" isConstructor="false" isStatic="false" isGetter="false" isSetter="false">
              <Summary numSequencePoints="23" visitedSequencePoints="23" numBranchPoints="0" visitedBranchPoints="0" sequenceCoverage="100.0" branchCoverage="0" maxCyclomaticComplexity="0" minCyclomaticComplexity="0" maxCrapScore="0" minCrapScore="0" visitedClasses="0" numClasses="0" visitedMethods="1" numMethods="1" />
              <MetadataToken>100663345</MetadataToken>
              <Name>System.Void Tests.PieceTest::PieceMoveMixedCaptureOverwriteRight()</Name>
              <FileRef uid="6" />
              <SequencePoints>
                <SequencePoint vc="1" uspid="2362" ordinal="0" offset="0" sl="216" sc="9" el="216" ec="9" bec="0" bev="0" fileid="6" />
                <SequencePoint vc="1" uspid="2363" ordinal="0" offset="1" sl="217" sc="13" el="217" ec="13" bec="0" bev="0" fileid="6" />
                <SequencePoint vc="1" uspid="2364" ordinal="0" offset="18" sl="218" sc="13" el="218" ec="13" bec="0" bev="0" fileid="6" />
                <SequencePoint vc="1" uspid="2365" ordinal="0" offset="32" sl="220" sc="13" el="220" ec="13" bec="0" bev="0" fileid="6" />
                <SequencePoint vc="1" uspid="2366" ordinal="0" offset="38" sl="221" sc="13" el="221" ec="13" bec="0" bev="0" fileid="6" />
                <SequencePoint vc="1" uspid="2367" ordinal="0" offset="45" sl="222" sc="13" el="222" ec="13" bec="0" bev="0" fileid="6" />
                <SequencePoint vc="1" uspid="2368" ordinal="0" offset="53" sl="223" sc="13" el="223" ec="13" bec="0" bev="0" fileid="6" />
                <SequencePoint vc="1" uspid="2369" ordinal="0" offset="62" sl="225" sc="13" el="225" ec="13" bec="0" bev="0" fileid="6" />
                <SequencePoint vc="1" uspid="2370" ordinal="0" offset="68" sl="226" sc="13" el="226" ec="13" bec="0" bev="0" fileid="6" />
                <SequencePoint vc="1" uspid="2371" ordinal="0" offset="75" sl="227" sc="13" el="227" ec="13" bec="0" bev="0" fileid="6" />
                <SequencePoint vc="1" uspid="2372" ordinal="0" offset="84" sl="229" sc="13" el="229" ec="13" bec="0" bev="0" fileid="6" />
                <SequencePoint vc="1" uspid="2373" ordinal="0" offset="91" sl="230" sc="13" el="230" ec="13" bec="0" bev="0" fileid="6" />
                <SequencePoint vc="1" uspid="2374" ordinal="0" offset="100" sl="231" sc="13" el="231" ec="13" bec="0" bev="0" fileid="6" />
                <SequencePoint vc="1" uspid="2375" ordinal="0" offset="109" sl="232" sc="13" el="232" ec="13" bec="0" bev="0" fileid="6" />
                <SequencePoint vc="1" uspid="2376" ordinal="0" offset="119" sl="233" sc="13" el="233" ec="13" bec="0" bev="0" fileid="6" />
                <SequencePoint vc="1" uspid="2377" ordinal="0" offset="128" sl="235" sc="13" el="235" ec="13" bec="0" bev="0" fileid="6" />
                <SequencePoint vc="1" uspid="2378" ordinal="0" offset="141" sl="236" sc="13" el="236" ec="13" bec="0" bev="0" fileid="6" />
                <SequencePoint vc="1" uspid="2379" ordinal="0" offset="169" sl="237" sc="13" el="237" ec="13" bec="0" bev="0" fileid="6" />
                <SequencePoint vc="1" uspid="2380" ordinal="0" offset="197" sl="239" sc="13" el="239" ec="13" bec="0" bev="0" fileid="6" />
                <SequencePoint vc="1" uspid="2381" ordinal="0" offset="211" sl="240" sc="13" el="240" ec="13" bec="0" bev="0" fileid="6" />
                <SequencePoint vc="1" uspid="2382" ordinal="0" offset="239" sl="241" sc="13" el="241" ec="13" bec="0" bev="0" fileid="6" />
                <SequencePoint vc="1" uspid="2383" ordinal="0" offset="267" sl="242" sc="13" el="242" ec="13" bec="0" bev="0" fileid="6" />
                <SequencePoint vc="1" uspid="2384" ordinal="0" offset="298" sl="243" sc="9" el="243" ec="9" bec="0" bev="0" fileid="6" />
              </SequencePoints>
              <BranchPoints />
            </Method>
            <Method visited="true" cyclomaticComplexity="0" nPathComplexity="0" sequenceCoverage="100.0" branchCoverage="0" crapScore="0" isConstructor="false" isStatic="false" isGetter="false" isSetter="false">
              <Summary numSequencePoints="23" visitedSequencePoints="23" numBranchPoints="0" visitedBranchPoints="0" sequenceCoverage="100.0" branchCoverage="0" maxCyclomaticComplexity="0" minCyclomaticComplexity="0" maxCrapScore="0" minCrapScore="0" visitedClasses="0" numClasses="0" visitedMethods="1" numMethods="1" />
              <MetadataToken>100663346</MetadataToken>
              <Name>System.Void Tests.PieceTest::PieceMoveMixedCaptureOverwriteLeft()</Name>
              <FileRef uid="6" />
              <SequencePoints>
                <SequencePoint vc="1" uspid="2385" ordinal="0" offset="0" sl="247" sc="9" el="247" ec="9" bec="0" bev="0" fileid="6" />
                <SequencePoint vc="1" uspid="2386" ordinal="0" offset="1" sl="248" sc="13" el="248" ec="13" bec="0" bev="0" fileid="6" />
                <SequencePoint vc="1" uspid="2387" ordinal="0" offset="18" sl="249" sc="13" el="249" ec="13" bec="0" bev="0" fileid="6" />
                <SequencePoint vc="1" uspid="2388" ordinal="0" offset="32" sl="251" sc="13" el="251" ec="13" bec="0" bev="0" fileid="6" />
                <SequencePoint vc="1" uspid="2389" ordinal="0" offset="38" sl="252" sc="13" el="252" ec="13" bec="0" bev="0" fileid="6" />
                <SequencePoint vc="1" uspid="2390" ordinal="0" offset="45" sl="253" sc="13" el="253" ec="13" bec="0" bev="0" fileid="6" />
                <SequencePoint vc="1" uspid="2391" ordinal="0" offset="54" sl="255" sc="13" el="255" ec="13" bec="0" bev="0" fileid="6" />
                <SequencePoint vc="1" uspid="2392" ordinal="0" offset="60" sl="256" sc="13" el="256" ec="13" bec="0" bev="0" fileid="6" />
                <SequencePoint vc="1" uspid="2393" ordinal="0" offset="67" sl="257" sc="13" el="257" ec="13" bec="0" bev="0" fileid="6" />
                <SequencePoint vc="1" uspid="2394" ordinal="0" offset="75" sl="258" sc="13" el="258" ec="13" bec="0" bev="0" fileid="6" />
                <SequencePoint vc="1" uspid="2395" ordinal="0" offset="84" sl="259" sc="13" el="259" ec="13" bec="0" bev="0" fileid="6" />
                <SequencePoint vc="1" uspid="2396" ordinal="0" offset="92" sl="261" sc="13" el="261" ec="13" bec="0" bev="0" fileid="6" />
                <SequencePoint vc="1" uspid="2397" ordinal="0" offset="99" sl="262" sc="13" el="262" ec="13" bec="0" bev="0" fileid="6" />
                <SequencePoint vc="1" uspid="2398" ordinal="0" offset="108" sl="263" sc="13" el="263" ec="13" bec="0" bev="0" fileid="6" />
                <SequencePoint vc="1" uspid="2399" ordinal="0" offset="117" sl="264" sc="13" el="264" ec="13" bec="0" bev="0" fileid="6" />
                <SequencePoint vc="1" uspid="2400" ordinal="0" offset="127" sl="266" sc="13" el="266" ec="13" bec="0" bev="0" fileid="6" />
                <SequencePoint vc="1" uspid="2401" ordinal="0" offset="140" sl="267" sc="13" el="267" ec="13" bec="0" bev="0" fileid="6" />
                <SequencePoint vc="1" uspid="2402" ordinal="0" offset="168" sl="268" sc="13" el="268" ec="13" bec="0" bev="0" fileid="6" />
                <SequencePoint vc="1" uspid="2403" ordinal="0" offset="196" sl="270" sc="13" el="270" ec="13" bec="0" bev="0" fileid="6" />
                <SequencePoint vc="1" uspid="2404" ordinal="0" offset="210" sl="271" sc="13" el="271" ec="13" bec="0" bev="0" fileid="6" />
                <SequencePoint vc="1" uspid="2405" ordinal="0" offset="238" sl="272" sc="13" el="272" ec="13" bec="0" bev="0" fileid="6" />
                <SequencePoint vc="1" uspid="2406" ordinal="0" offset="266" sl="273" sc="13" el="273" ec="13" bec="0" bev="0" fileid="6" />
                <SequencePoint vc="1" uspid="2407" ordinal="0" offset="296" sl="274" sc="9" el="274" ec="9" bec="0" bev="0" fileid="6" />
              </SequencePoints>
              <BranchPoints />
            </Method>
            <Method visited="true" cyclomaticComplexity="0" nPathComplexity="0" sequenceCoverage="100.0" branchCoverage="0" crapScore="0" isConstructor="false" isStatic="false" isGetter="false" isSetter="false">
              <Summary numSequencePoints="19" visitedSequencePoints="19" numBranchPoints="0" visitedBranchPoints="0" sequenceCoverage="100.0" branchCoverage="0" maxCyclomaticComplexity="0" minCyclomaticComplexity="0" maxCrapScore="0" minCrapScore="0" visitedClasses="0" numClasses="0" visitedMethods="1" numMethods="1" />
              <MetadataToken>100663347</MetadataToken>
              <Name>System.Void Tests.PieceTest::PieceMoveTwoBasic()</Name>
              <FileRef uid="6" />
              <SequencePoints>
                <SequencePoint vc="1" uspid="2408" ordinal="0" offset="0" sl="278" sc="9" el="278" ec="9" bec="0" bev="0" fileid="6" />
                <SequencePoint vc="1" uspid="2409" ordinal="0" offset="1" sl="279" sc="13" el="279" ec="13" bec="0" bev="0" fileid="6" />
                <SequencePoint vc="1" uspid="2410" ordinal="0" offset="18" sl="280" sc="13" el="280" ec="13" bec="0" bev="0" fileid="6" />
                <SequencePoint vc="1" uspid="2411" ordinal="0" offset="32" sl="282" sc="13" el="282" ec="13" bec="0" bev="0" fileid="6" />
                <SequencePoint vc="1" uspid="2412" ordinal="0" offset="38" sl="283" sc="13" el="283" ec="13" bec="0" bev="0" fileid="6" />
                <SequencePoint vc="1" uspid="2413" ordinal="0" offset="45" sl="284" sc="13" el="284" ec="13" bec="0" bev="0" fileid="6" />
                <SequencePoint vc="1" uspid="2414" ordinal="0" offset="53" sl="285" sc="13" el="285" ec="13" bec="0" bev="0" fileid="6" />
                <SequencePoint vc="1" uspid="2415" ordinal="0" offset="62" sl="287" sc="13" el="287" ec="13" bec="0" bev="0" fileid="6" />
                <SequencePoint vc="1" uspid="2416" ordinal="0" offset="68" sl="288" sc="13" el="288" ec="13" bec="0" bev="0" fileid="6" />
                <SequencePoint vc="1" uspid="2417" ordinal="0" offset="75" sl="289" sc="13" el="289" ec="13" bec="0" bev="0" fileid="6" />
                <SequencePoint vc="1" uspid="2418" ordinal="0" offset="83" sl="290" sc="13" el="290" ec="13" bec="0" bev="0" fileid="6" />
                <SequencePoint vc="1" uspid="2419" ordinal="0" offset="92" sl="292" sc="13" el="292" ec="13" bec="0" bev="0" fileid="6" />
                <SequencePoint vc="1" uspid="2420" ordinal="0" offset="105" sl="293" sc="13" el="293" ec="13" bec="0" bev="0" fileid="6" />
                <SequencePoint vc="1" uspid="2421" ordinal="0" offset="133" sl="294" sc="13" el="294" ec="13" bec="0" bev="0" fileid="6" />
                <SequencePoint vc="1" uspid="2422" ordinal="0" offset="161" sl="296" sc="13" el="296" ec="13" bec="0" bev="0" fileid="6" />
                <SequencePoint vc="1" uspid="2423" ordinal="0" offset="174" sl="297" sc="13" el="297" ec="13" bec="0" bev="0" fileid="6" />
                <SequencePoint vc="1" uspid="2424" ordinal="0" offset="202" sl="298" sc="13" el="298" ec="13" bec="0" bev="0" fileid="6" />
                <SequencePoint vc="1" uspid="2425" ordinal="0" offset="230" sl="299" sc="13" el="299" ec="13" bec="0" bev="0" fileid="6" />
                <SequencePoint vc="1" uspid="2426" ordinal="0" offset="268" sl="300" sc="9" el="300" ec="9" bec="0" bev="0" fileid="6" />
              </SequencePoints>
              <BranchPoints />
            </Method>
            <Method visited="true" cyclomaticComplexity="0" nPathComplexity="0" sequenceCoverage="100.0" branchCoverage="0" crapScore="0" isConstructor="false" isStatic="false" isGetter="false" isSetter="false">
              <Summary numSequencePoints="27" visitedSequencePoints="27" numBranchPoints="0" visitedBranchPoints="0" sequenceCoverage="100.0" branchCoverage="0" maxCyclomaticComplexity="0" minCyclomaticComplexity="0" maxCrapScore="0" minCrapScore="0" visitedClasses="0" numClasses="0" visitedMethods="1" numMethods="1" />
              <MetadataToken>100663348</MetadataToken>
              <Name>System.Void Tests.PieceTest::PieceMoveTwoCapture()</Name>
              <FileRef uid="6" />
              <SequencePoints>
                <SequencePoint vc="1" uspid="2427" ordinal="0" offset="0" sl="304" sc="9" el="304" ec="9" bec="0" bev="0" fileid="6" />
                <SequencePoint vc="1" uspid="2428" ordinal="0" offset="1" sl="305" sc="13" el="305" ec="13" bec="0" bev="0" fileid="6" />
                <SequencePoint vc="1" uspid="2429" ordinal="0" offset="18" sl="306" sc="13" el="306" ec="13" bec="0" bev="0" fileid="6" />
                <SequencePoint vc="1" uspid="2430" ordinal="0" offset="32" sl="308" sc="13" el="308" ec="13" bec="0" bev="0" fileid="6" />
                <SequencePoint vc="1" uspid="2431" ordinal="0" offset="38" sl="309" sc="13" el="309" ec="13" bec="0" bev="0" fileid="6" />
                <SequencePoint vc="1" uspid="2432" ordinal="0" offset="45" sl="310" sc="13" el="310" ec="13" bec="0" bev="0" fileid="6" />
                <SequencePoint vc="1" uspid="2433" ordinal="0" offset="54" sl="312" sc="13" el="312" ec="13" bec="0" bev="0" fileid="6" />
                <SequencePoint vc="1" uspid="2434" ordinal="0" offset="60" sl="313" sc="13" el="313" ec="13" bec="0" bev="0" fileid="6" />
                <SequencePoint vc="1" uspid="2435" ordinal="0" offset="67" sl="314" sc="13" el="314" ec="13" bec="0" bev="0" fileid="6" />
                <SequencePoint vc="1" uspid="2436" ordinal="0" offset="75" sl="315" sc="13" el="315" ec="13" bec="0" bev="0" fileid="6" />
                <SequencePoint vc="1" uspid="2437" ordinal="0" offset="84" sl="316" sc="13" el="316" ec="13" bec="0" bev="0" fileid="6" />
                <SequencePoint vc="1" uspid="2438" ordinal="0" offset="92" sl="318" sc="13" el="318" ec="13" bec="0" bev="0" fileid="6" />
                <SequencePoint vc="1" uspid="2439" ordinal="0" offset="99" sl="319" sc="13" el="319" ec="13" bec="0" bev="0" fileid="6" />
                <SequencePoint vc="1" uspid="2440" ordinal="0" offset="108" sl="320" sc="13" el="320" ec="13" bec="0" bev="0" fileid="6" />
                <SequencePoint vc="1" uspid="2441" ordinal="0" offset="118" sl="322" sc="13" el="322" ec="13" bec="0" bev="0" fileid="6" />
                <SequencePoint vc="1" uspid="2442" ordinal="0" offset="125" sl="323" sc="13" el="323" ec="13" bec="0" bev="0" fileid="6" />
                <SequencePoint vc="1" uspid="2443" ordinal="0" offset="134" sl="324" sc="13" el="324" ec="13" bec="0" bev="0" fileid="6" />
                <SequencePoint vc="1" uspid="2444" ordinal="0" offset="143" sl="325" sc="13" el="325" ec="13" bec="0" bev="0" fileid="6" />
                <SequencePoint vc="1" uspid="2445" ordinal="0" offset="153" sl="326" sc="13" el="326" ec="13" bec="0" bev="0" fileid="6" />
                <SequencePoint vc="1" uspid="2446" ordinal="0" offset="163" sl="328" sc="13" el="328" ec="13" bec="0" bev="0" fileid="6" />
                <SequencePoint vc="1" uspid="2447" ordinal="0" offset="176" sl="329" sc="13" el="329" ec="13" bec="0" bev="0" fileid="6" />
                <SequencePoint vc="1" uspid="2448" ordinal="0" offset="204" sl="330" sc="13" el="330" ec="13" bec="0" bev="0" fileid="6" />
                <SequencePoint vc="1" uspid="2449" ordinal="0" offset="232" sl="332" sc="13" el="332" ec="13" bec="0" bev="0" fileid="6" />
                <SequencePoint vc="1" uspid="2450" ordinal="0" offset="246" sl="333" sc="13" el="333" ec="13" bec="0" bev="0" fileid="6" />
                <SequencePoint vc="1" uspid="2451" ordinal="0" offset="274" sl="334" sc="13" el="334" ec="13" bec="0" bev="0" fileid="6" />
                <SequencePoint vc="1" uspid="2452" ordinal="0" offset="302" sl="335" sc="13" el="335" ec="13" bec="0" bev="0" fileid="6" />
                <SequencePoint vc="1" uspid="2453" ordinal="0" offset="341" sl="336" sc="9" el="336" ec="9" bec="0" bev="0" fileid="6" />
              </SequencePoints>
              <BranchPoints />
            </Method>
            <Method visited="true" cyclomaticComplexity="0" nPathComplexity="0" sequenceCoverage="100.0" branchCoverage="0" crapScore="0" isConstructor="true" isStatic="false" isGetter="false" isSetter="false">
              <Summary numSequencePoints="1" visitedSequencePoints="1" numBranchPoints="0" visitedBranchPoints="0" sequenceCoverage="100.0" branchCoverage="0" maxCyclomaticComplexity="0" minCyclomaticComplexity="0" maxCrapScore="0" minCrapScore="0" visitedClasses="0" numClasses="0" visitedMethods="1" numMethods="1" />
              <MetadataToken>100663349</MetadataToken>
              <Name>Tests.PieceTest::PieceTest()</Name>
              <FileRef uid="6" />
              <SequencePoints>
                <SequencePoint vc="1" uspid="2454" ordinal="0" offset="0" sl="12" sc="9" el="12" ec="9" bec="0" bev="0" fileid="6" />
              </SequencePoints>
              <BranchPoints />
            </Method>
          </Methods>
        </Class>
      </Classes>
    </Module>
  </Modules>
</CoverageSession>