<?xml version="1.0" encoding="utf-8"?>
<CoverageSession xmlns:xsd="http://www.w3.org/2001/XMLSchema" xmlns:xsi="http://www.w3.org/2001/XMLSchema-instance" Version="0.0.0.0">
  <Summary numSequencePoints="807" visitedSequencePoints="360" numBranchPoints="0" visitedBranchPoints="0" sequenceCoverage="44.61" branchCoverage="0.0" maxCyclomaticComplexity="0" minCyclomaticComplexity="0" maxCrapScore="0" minCrapScore="0" visitedClasses="4" numClasses="5" visitedMethods="49" numMethods="74" />
  <Modules>
    <Module>
      <Summary numSequencePoints="555" visitedSequencePoints="108" numBranchPoints="0" visitedBranchPoints="0" sequenceCoverage="19.46" branchCoverage="0.0" maxCyclomaticComplexity="0" minCyclomaticComplexity="0" maxCrapScore="0" minCrapScore="0" visitedClasses="2" numClasses="3" visitedMethods="24" numMethods="49" />
      <ModuleTime>0001-01-01T00:00:00</ModuleTime>
      <ModuleName>TestScriptAssembly</ModuleName>
      <Files>
        <File uid="1" fullPath="C:/Users/nafee/GitHub/Checkers/Assets/Scripts/Tests/TestingScripts/Board_.cs" />
        <File uid="2" fullPath="C:/Users/nafee/GitHub/Checkers/Assets/Scripts/Tests/TestingScripts/Move_.cs" />
        <File uid="3" fullPath="C:/Users/nafee/GitHub/Checkers/Assets/Scripts/Tests/TestingScripts/Piece_.cs" />
      </Files>
      <Classes>
        <Class>
          <Summary numSequencePoints="441" visitedSequencePoints="0" numBranchPoints="0" visitedBranchPoints="0" sequenceCoverage="0.0" branchCoverage="0.0" maxCyclomaticComplexity="0" minCyclomaticComplexity="0" maxCrapScore="0" minCrapScore="0" visitedClasses="0" numClasses="1" visitedMethods="0" numMethods="23" />
          <FullName>Board</FullName>
          <Methods>
            <Method visited="false" cyclomaticComplexity="0" nPathComplexity="0" sequenceCoverage="0.0" branchCoverage="0" crapScore="0" isConstructor="false" isStatic="false" isGetter="false" isSetter="false">
              <Summary numSequencePoints="8" visitedSequencePoints="0" numBranchPoints="0" visitedBranchPoints="0" sequenceCoverage="0.0" branchCoverage="0" maxCyclomaticComplexity="0" minCyclomaticComplexity="0" maxCrapScore="0" minCrapScore="0" visitedClasses="0" numClasses="0" visitedMethods="0" numMethods="1" />
              <MetadataToken>100663297</MetadataToken>
              <Name>System.Void Board::Start()</Name>
              <FileRef uid="1" />
              <SequencePoints>
                <SequencePoint vc="0" uspid="10181" ordinal="0" offset="0" sl="50" sc="0" el="50" ec="0" bec="0" bev="0" fileid="1" />
                <SequencePoint vc="0" uspid="10182" ordinal="0" offset="1" sl="52" sc="0" el="52" ec="0" bec="0" bev="0" fileid="1" />
                <SequencePoint vc="0" uspid="10183" ordinal="0" offset="8" sl="53" sc="0" el="53" ec="0" bec="0" bev="0" fileid="1" />
                <SequencePoint vc="0" uspid="10184" ordinal="0" offset="15" sl="54" sc="0" el="54" ec="0" bec="0" bev="0" fileid="1" />
                <SequencePoint vc="0" uspid="10185" ordinal="0" offset="28" sl="55" sc="0" el="55" ec="0" bec="0" bev="0" fileid="1" />
                <SequencePoint vc="0" uspid="10186" ordinal="0" offset="41" sl="57" sc="0" el="57" ec="0" bec="0" bev="0" fileid="1" />
                <SequencePoint vc="0" uspid="10187" ordinal="0" offset="48" sl="59" sc="0" el="59" ec="0" bec="0" bev="0" fileid="1" />
                <SequencePoint vc="0" uspid="10188" ordinal="0" offset="61" sl="60" sc="0" el="60" ec="0" bec="0" bev="0" fileid="1" />
              </SequencePoints>
              <BranchPoints />
            </Method>
            <Method visited="false" cyclomaticComplexity="0" nPathComplexity="0" sequenceCoverage="0.0" branchCoverage="0" crapScore="0" isConstructor="false" isStatic="false" isGetter="false" isSetter="false">
              <Summary numSequencePoints="4" visitedSequencePoints="0" numBranchPoints="0" visitedBranchPoints="0" sequenceCoverage="0.0" branchCoverage="0" maxCyclomaticComplexity="0" minCyclomaticComplexity="0" maxCrapScore="0" minCrapScore="0" visitedClasses="0" numClasses="0" visitedMethods="0" numMethods="1" />
              <MetadataToken>100663298</MetadataToken>
              <Name>System.Void Board::Update()</Name>
              <FileRef uid="1" />
              <SequencePoints>
                <SequencePoint vc="0" uspid="10189" ordinal="0" offset="0" sl="63" sc="0" el="63" ec="0" bec="0" bev="0" fileid="1" />
                <SequencePoint vc="0" uspid="10190" ordinal="0" offset="1" sl="64" sc="0" el="64" ec="0" bec="0" bev="0" fileid="1" />
                <SequencePoint vc="0" uspid="10191" ordinal="0" offset="8" sl="67" sc="0" el="67" ec="0" bec="0" bev="0" fileid="1" />
                <SequencePoint vc="0" uspid="10192" ordinal="0" offset="15" sl="68" sc="0" el="68" ec="0" bec="0" bev="0" fileid="1" />
              </SequencePoints>
              <BranchPoints />
            </Method>
            <Method visited="false" cyclomaticComplexity="0" nPathComplexity="0" sequenceCoverage="0.0" branchCoverage="0" crapScore="0" isConstructor="false" isStatic="false" isGetter="false" isSetter="false">
              <Summary numSequencePoints="53" visitedSequencePoints="0" numBranchPoints="0" visitedBranchPoints="0" sequenceCoverage="0.0" branchCoverage="0" maxCyclomaticComplexity="0" minCyclomaticComplexity="0" maxCrapScore="0" minCrapScore="0" visitedClasses="0" numClasses="0" visitedMethods="0" numMethods="1" />
              <MetadataToken>100663299</MetadataToken>
              <Name>System.Void Board::ClickPiece()</Name>
              <FileRef uid="1" />
              <SequencePoints>
                <SequencePoint vc="0" uspid="10193" ordinal="0" offset="0" sl="73" sc="0" el="73" ec="0" bec="0" bev="0" fileid="1" />
                <SequencePoint vc="0" uspid="10194" ordinal="0" offset="1" sl="74" sc="0" el="74" ec="0" bec="0" bev="0" fileid="1" />
                <SequencePoint vc="0" uspid="10195" ordinal="0" offset="14" sl="75" sc="0" el="75" ec="0" bec="0" bev="0" fileid="1" />
                <SequencePoint vc="0" uspid="10196" ordinal="0" offset="19" sl="77" sc="0" el="77" ec="0" bec="0" bev="0" fileid="1" />
                <SequencePoint vc="0" uspid="10197" ordinal="0" offset="32" sl="78" sc="0" el="78" ec="0" bec="0" bev="0" fileid="1" />
                <SequencePoint vc="0" uspid="10198" ordinal="0" offset="45" sl="80" sc="0" el="80" ec="0" bec="0" bev="0" fileid="1" />
                <SequencePoint vc="0" uspid="10199" ordinal="0" offset="58" sl="81" sc="0" el="81" ec="0" bec="0" bev="0" fileid="1" />
                <SequencePoint vc="0" uspid="10200" ordinal="0" offset="59" sl="82" sc="0" el="82" ec="0" bec="0" bev="0" fileid="1" />
                <SequencePoint vc="0" uspid="10201" ordinal="0" offset="66" sl="84" sc="0" el="84" ec="0" bec="0" bev="0" fileid="1" />
                <SequencePoint vc="0" uspid="10202" ordinal="0" offset="81" sl="85" sc="0" el="85" ec="0" bec="0" bev="0" fileid="1" />
                <SequencePoint vc="0" uspid="10203" ordinal="0" offset="82" sl="86" sc="0" el="86" ec="0" bec="0" bev="0" fileid="1" />
                <SequencePoint vc="0" uspid="10204" ordinal="0" offset="86" sl="87" sc="0" el="87" ec="0" bec="0" bev="0" fileid="1" />
                <SequencePoint vc="0" uspid="10205" ordinal="0" offset="90" sl="88" sc="0" el="88" ec="0" bec="0" bev="0" fileid="1" />
                <SequencePoint vc="0" uspid="10206" ordinal="0" offset="91" sl="90" sc="0" el="90" ec="0" bec="0" bev="0" fileid="1" />
                <SequencePoint vc="0" uspid="10207" ordinal="0" offset="103" sl="91" sc="0" el="91" ec="0" bec="0" bev="0" fileid="1" />
                <SequencePoint vc="0" uspid="10208" ordinal="0" offset="104" sl="92" sc="0" el="92" ec="0" bec="0" bev="0" fileid="1" />
                <SequencePoint vc="0" uspid="10209" ordinal="0" offset="114" sl="93" sc="0" el="93" ec="0" bec="0" bev="0" fileid="1" />
                <SequencePoint vc="0" uspid="10210" ordinal="0" offset="128" sl="94" sc="0" el="94" ec="0" bec="0" bev="0" fileid="1" />
                <SequencePoint vc="0" uspid="10211" ordinal="0" offset="129" sl="95" sc="0" el="95" ec="0" bec="0" bev="0" fileid="1" />
                <SequencePoint vc="0" uspid="10212" ordinal="0" offset="137" sl="96" sc="0" el="96" ec="0" bec="0" bev="0" fileid="1" />
                <SequencePoint vc="0" uspid="10213" ordinal="0" offset="144" sl="98" sc="0" el="98" ec="0" bec="0" bev="0" fileid="1" />
                <SequencePoint vc="0" uspid="10214" ordinal="0" offset="159" sl="99" sc="0" el="99" ec="0" bec="0" bev="0" fileid="1" />
                <SequencePoint vc="0" uspid="10215" ordinal="0" offset="176" sl="100" sc="0" el="100" ec="0" bec="0" bev="0" fileid="1" />
                <SequencePoint vc="0" uspid="10216" ordinal="0" offset="177" sl="101" sc="0" el="101" ec="0" bec="0" bev="0" fileid="1" />
                <SequencePoint vc="0" uspid="10217" ordinal="0" offset="192" sl="102" sc="0" el="102" ec="0" bec="0" bev="0" fileid="1" />
                <SequencePoint vc="0" uspid="10218" ordinal="0" offset="193" sl="103" sc="0" el="103" ec="0" bec="0" bev="0" fileid="1" />
                <SequencePoint vc="0" uspid="10219" ordinal="0" offset="200" sl="104" sc="0" el="104" ec="0" bec="0" bev="0" fileid="1" />
                <SequencePoint vc="0" uspid="10220" ordinal="0" offset="207" sl="105" sc="0" el="105" ec="0" bec="0" bev="0" fileid="1" />
                <SequencePoint vc="0" uspid="10221" ordinal="0" offset="208" sl="106" sc="0" el="106" ec="0" bec="0" bev="0" fileid="1" />
                <SequencePoint vc="0" uspid="10222" ordinal="0" offset="214" sl="107" sc="0" el="107" ec="0" bec="0" bev="0" fileid="1" />
                <SequencePoint vc="0" uspid="10223" ordinal="0" offset="232" sl="108" sc="0" el="108" ec="0" bec="0" bev="0" fileid="1" />
                <SequencePoint vc="0" uspid="10224" ordinal="0" offset="233" sl="109" sc="0" el="109" ec="0" bec="0" bev="0" fileid="1" />
                <SequencePoint vc="0" uspid="10225" ordinal="0" offset="242" sl="110" sc="0" el="110" ec="0" bec="0" bev="0" fileid="1" />
                <SequencePoint vc="0" uspid="10226" ordinal="0" offset="248" sl="112" sc="0" el="112" ec="0" bec="0" bev="0" fileid="1" />
                <SequencePoint vc="0" uspid="10227" ordinal="0" offset="249" sl="113" sc="0" el="113" ec="0" bec="0" bev="0" fileid="1" />
                <SequencePoint vc="0" uspid="10228" ordinal="0" offset="262" sl="114" sc="0" el="114" ec="0" bec="0" bev="0" fileid="1" />
                <SequencePoint vc="0" uspid="10229" ordinal="0" offset="276" sl="115" sc="0" el="115" ec="0" bec="0" bev="0" fileid="1" />
                <SequencePoint vc="0" uspid="10230" ordinal="0" offset="278" sl="117" sc="0" el="117" ec="0" bec="0" bev="0" fileid="1" />
                <SequencePoint vc="0" uspid="10231" ordinal="0" offset="288" sl="118" sc="0" el="118" ec="0" bec="0" bev="0" fileid="1" />
                <SequencePoint vc="0" uspid="10232" ordinal="0" offset="302" sl="119" sc="0" el="119" ec="0" bec="0" bev="0" fileid="1" />
                <SequencePoint vc="0" uspid="10233" ordinal="0" offset="303" sl="120" sc="0" el="120" ec="0" bec="0" bev="0" fileid="1" />
                <SequencePoint vc="0" uspid="10234" ordinal="0" offset="311" sl="121" sc="0" el="121" ec="0" bec="0" bev="0" fileid="1" />
                <SequencePoint vc="0" uspid="10235" ordinal="0" offset="318" sl="125" sc="0" el="125" ec="0" bec="0" bev="0" fileid="1" />
                <SequencePoint vc="0" uspid="10236" ordinal="0" offset="333" sl="126" sc="0" el="126" ec="0" bec="0" bev="0" fileid="1" />
                <SequencePoint vc="0" uspid="10237" ordinal="0" offset="350" sl="127" sc="0" el="127" ec="0" bec="0" bev="0" fileid="1" />
                <SequencePoint vc="0" uspid="10238" ordinal="0" offset="351" sl="128" sc="0" el="128" ec="0" bec="0" bev="0" fileid="1" />
                <SequencePoint vc="0" uspid="10239" ordinal="0" offset="366" sl="129" sc="0" el="129" ec="0" bec="0" bev="0" fileid="1" />
                <SequencePoint vc="0" uspid="10240" ordinal="0" offset="367" sl="130" sc="0" el="130" ec="0" bec="0" bev="0" fileid="1" />
                <SequencePoint vc="0" uspid="10241" ordinal="0" offset="374" sl="131" sc="0" el="131" ec="0" bec="0" bev="0" fileid="1" />
                <SequencePoint vc="0" uspid="10242" ordinal="0" offset="381" sl="132" sc="0" el="132" ec="0" bec="0" bev="0" fileid="1" />
                <SequencePoint vc="0" uspid="10243" ordinal="0" offset="382" sl="133" sc="0" el="133" ec="0" bec="0" bev="0" fileid="1" />
                <SequencePoint vc="0" uspid="10244" ordinal="0" offset="383" sl="134" sc="0" el="134" ec="0" bec="0" bev="0" fileid="1" />
                <SequencePoint vc="0" uspid="10245" ordinal="0" offset="384" sl="135" sc="0" el="135" ec="0" bec="0" bev="0" fileid="1" />
              </SequencePoints>
              <BranchPoints />
            </Method>
            <Method visited="false" cyclomaticComplexity="0" nPathComplexity="0" sequenceCoverage="0.0" branchCoverage="0" crapScore="0" isConstructor="false" isStatic="false" isGetter="false" isSetter="false">
              <Summary numSequencePoints="13" visitedSequencePoints="0" numBranchPoints="0" visitedBranchPoints="0" sequenceCoverage="0.0" branchCoverage="0" maxCyclomaticComplexity="0" minCyclomaticComplexity="0" maxCrapScore="0" minCrapScore="0" visitedClasses="0" numClasses="0" visitedMethods="0" numMethods="1" />
              <MetadataToken>100663300</MetadataToken>
              <Name>Piece[,] Board::GetActivePieces()</Name>
              <FileRef uid="1" />
              <SequencePoints>
                <SequencePoint vc="0" uspid="10246" ordinal="0" offset="0" sl="138" sc="0" el="138" ec="0" bec="0" bev="0" fileid="1" />
                <SequencePoint vc="0" uspid="10247" ordinal="0" offset="1" sl="139" sc="0" el="139" ec="0" bec="0" bev="0" fileid="1" />
                <SequencePoint vc="0" uspid="10248" ordinal="0" offset="9" sl="140" sc="0" el="140" ec="0" bec="0" bev="0" fileid="1" />
                <SequencePoint vc="0" uspid="10249" ordinal="0" offset="11" sl="141" sc="0" el="141" ec="0" bec="0" bev="0" fileid="1" />
                <SequencePoint vc="0" uspid="10250" ordinal="0" offset="12" sl="141" sc="0" el="141" ec="0" bec="0" bev="0" fileid="1" />
                <SequencePoint vc="0" uspid="10251" ordinal="0" offset="36" sl="141" sc="0" el="141" ec="0" bec="0" bev="0" fileid="1" />
                <SequencePoint vc="0" uspid="10252" ordinal="0" offset="48" sl="142" sc="0" el="142" ec="0" bec="0" bev="0" fileid="1" />
                <SequencePoint vc="0" uspid="10253" ordinal="0" offset="49" sl="143" sc="0" el="143" ec="0" bec="0" bev="0" fileid="1" />
                <SequencePoint vc="0" uspid="10254" ordinal="0" offset="56" sl="144" sc="0" el="144" ec="0" bec="0" bev="0" fileid="1" />
                <SequencePoint vc="0" uspid="10255" ordinal="0" offset="75" sl="145" sc="0" el="145" ec="0" bec="0" bev="0" fileid="1" />
                <SequencePoint vc="0" uspid="10256" ordinal="0" offset="76" sl="141" sc="0" el="141" ec="0" bec="0" bev="0" fileid="1" />
                <SequencePoint vc="0" uspid="10257" ordinal="0" offset="107" sl="147" sc="0" el="147" ec="0" bec="0" bev="0" fileid="1" />
                <SequencePoint vc="0" uspid="10258" ordinal="0" offset="112" sl="148" sc="0" el="148" ec="0" bec="0" bev="0" fileid="1" />
              </SequencePoints>
              <BranchPoints />
            </Method>
            <Method visited="false" cyclomaticComplexity="0" nPathComplexity="0" sequenceCoverage="0.0" branchCoverage="0" crapScore="0" isConstructor="false" isStatic="false" isGetter="false" isSetter="false">
              <Summary numSequencePoints="27" visitedSequencePoints="0" numBranchPoints="0" visitedBranchPoints="0" sequenceCoverage="0.0" branchCoverage="0" maxCyclomaticComplexity="0" minCyclomaticComplexity="0" maxCrapScore="0" minCrapScore="0" visitedClasses="0" numClasses="0" visitedMethods="0" numMethods="1" />
              <MetadataToken>100663301</MetadataToken>
              <Name>System.Void Board::MovePiece()</Name>
              <FileRef uid="1" />
              <SequencePoints>
                <SequencePoint vc="0" uspid="10259" ordinal="0" offset="0" sl="151" sc="0" el="151" ec="0" bec="0" bev="0" fileid="1" />
                <SequencePoint vc="0" uspid="10260" ordinal="0" offset="1" sl="152" sc="0" el="152" ec="0" bec="0" bev="0" fileid="1" />
                <SequencePoint vc="0" uspid="10261" ordinal="0" offset="8" sl="153" sc="0" el="153" ec="0" bec="0" bev="0" fileid="1" />
                <SequencePoint vc="0" uspid="10262" ordinal="0" offset="15" sl="155" sc="0" el="155" ec="0" bec="0" bev="0" fileid="1" />
                <SequencePoint vc="0" uspid="10263" ordinal="0" offset="22" sl="156" sc="0" el="156" ec="0" bec="0" bev="0" fileid="1" />
                <SequencePoint vc="0" uspid="10264" ordinal="0" offset="29" sl="157" sc="0" el="157" ec="0" bec="0" bev="0" fileid="1" />
                <SequencePoint vc="0" uspid="10265" ordinal="0" offset="124" sl="160" sc="0" el="160" ec="0" bec="0" bev="0" fileid="1" />
                <SequencePoint vc="0" uspid="10266" ordinal="0" offset="131" sl="163" sc="0" el="163" ec="0" bec="0" bev="0" fileid="1" />
                <SequencePoint vc="0" uspid="10267" ordinal="0" offset="139" sl="164" sc="0" el="164" ec="0" bec="0" bev="0" fileid="1" />
                <SequencePoint vc="0" uspid="10268" ordinal="0" offset="153" sl="165" sc="0" el="165" ec="0" bec="0" bev="0" fileid="1" />
                <SequencePoint vc="0" uspid="10269" ordinal="0" offset="154" sl="166" sc="0" el="166" ec="0" bec="0" bev="0" fileid="1" />
                <SequencePoint vc="0" uspid="10270" ordinal="0" offset="163" sl="167" sc="0" el="167" ec="0" bec="0" bev="0" fileid="1" />
                <SequencePoint vc="0" uspid="10271" ordinal="0" offset="172" sl="170" sc="0" el="170" ec="0" bec="0" bev="0" fileid="1" />
                <SequencePoint vc="0" uspid="10272" ordinal="0" offset="179" sl="173" sc="0" el="173" ec="0" bec="0" bev="0" fileid="1" />
                <SequencePoint vc="0" uspid="10273" ordinal="0" offset="196" sl="174" sc="0" el="174" ec="0" bec="0" bev="0" fileid="1" />
                <SequencePoint vc="0" uspid="10274" ordinal="0" offset="197" sl="176" sc="0" el="176" ec="0" bec="0" bev="0" fileid="1" />
                <SequencePoint vc="0" uspid="10275" ordinal="0" offset="209" sl="177" sc="0" el="177" ec="0" bec="0" bev="0" fileid="1" />
                <SequencePoint vc="0" uspid="10276" ordinal="0" offset="210" sl="178" sc="0" el="178" ec="0" bec="0" bev="0" fileid="1" />
                <SequencePoint vc="0" uspid="10277" ordinal="0" offset="223" sl="179" sc="0" el="179" ec="0" bec="0" bev="0" fileid="1" />
                <SequencePoint vc="0" uspid="10278" ordinal="0" offset="230" sl="180" sc="0" el="180" ec="0" bec="0" bev="0" fileid="1" />
                <SequencePoint vc="0" uspid="10279" ordinal="0" offset="233" sl="182" sc="0" el="182" ec="0" bec="0" bev="0" fileid="1" />
                <SequencePoint vc="0" uspid="10280" ordinal="0" offset="234" sl="183" sc="0" el="183" ec="0" bec="0" bev="0" fileid="1" />
                <SequencePoint vc="0" uspid="10281" ordinal="0" offset="241" sl="185" sc="0" el="185" ec="0" bec="0" bev="0" fileid="1" />
                <SequencePoint vc="0" uspid="10282" ordinal="0" offset="254" sl="186" sc="0" el="186" ec="0" bec="0" bev="0" fileid="1" />
                <SequencePoint vc="0" uspid="10283" ordinal="0" offset="261" sl="188" sc="0" el="188" ec="0" bec="0" bev="0" fileid="1" />
                <SequencePoint vc="0" uspid="10284" ordinal="0" offset="268" sl="189" sc="0" el="189" ec="0" bec="0" bev="0" fileid="1" />
                <SequencePoint vc="0" uspid="10285" ordinal="0" offset="269" sl="191" sc="0" el="191" ec="0" bec="0" bev="0" fileid="1" />
              </SequencePoints>
              <BranchPoints />
            </Method>
            <Method visited="false" cyclomaticComplexity="0" nPathComplexity="0" sequenceCoverage="0.0" branchCoverage="0" crapScore="0" isConstructor="false" isStatic="false" isGetter="false" isSetter="false">
              <Summary numSequencePoints="16" visitedSequencePoints="0" numBranchPoints="0" visitedBranchPoints="0" sequenceCoverage="0.0" branchCoverage="0" maxCyclomaticComplexity="0" minCyclomaticComplexity="0" maxCrapScore="0" minCrapScore="0" visitedClasses="0" numClasses="0" visitedMethods="0" numMethods="1" />
              <MetadataToken>100663302</MetadataToken>
              <Name>System.Void Board::ClearMoves()</Name>
              <FileRef uid="1" />
              <SequencePoints>
                <SequencePoint vc="0" uspid="10286" ordinal="0" offset="0" sl="194" sc="0" el="194" ec="0" bec="0" bev="0" fileid="1" />
                <SequencePoint vc="0" uspid="10287" ordinal="0" offset="1" sl="195" sc="0" el="195" ec="0" bec="0" bev="0" fileid="1" />
                <SequencePoint vc="0" uspid="10288" ordinal="0" offset="8" sl="196" sc="0" el="196" ec="0" bec="0" bev="0" fileid="1" />
                <SequencePoint vc="0" uspid="10289" ordinal="0" offset="12" sl="197" sc="0" el="197" ec="0" bec="0" bev="0" fileid="1" />
                <SequencePoint vc="0" uspid="10290" ordinal="0" offset="13" sl="198" sc="0" el="198" ec="0" bec="0" bev="0" fileid="1" />
                <SequencePoint vc="0" uspid="10291" ordinal="0" offset="17" sl="199" sc="0" el="199" ec="0" bec="0" bev="0" fileid="1" />
                <SequencePoint vc="0" uspid="10292" ordinal="0" offset="18" sl="200" sc="0" el="200" ec="0" bec="0" bev="0" fileid="1" />
                <SequencePoint vc="0" uspid="10293" ordinal="0" offset="27" sl="201" sc="0" el="201" ec="0" bec="0" bev="0" fileid="1" />
                <SequencePoint vc="0" uspid="10294" ordinal="0" offset="40" sl="202" sc="0" el="202" ec="0" bec="0" bev="0" fileid="1" />
                <SequencePoint vc="0" uspid="10295" ordinal="0" offset="47" sl="203" sc="0" el="203" ec="0" bec="0" bev="0" fileid="1" />
                <SequencePoint vc="0" uspid="10296" ordinal="0" offset="48" sl="198" sc="0" el="198" ec="0" bec="0" bev="0" fileid="1" />
                <SequencePoint vc="0" uspid="10297" ordinal="0" offset="52" sl="198" sc="0" el="198" ec="0" bec="0" bev="0" fileid="1" />
                <SequencePoint vc="0" uspid="10298" ordinal="0" offset="62" sl="204" sc="0" el="204" ec="0" bec="0" bev="0" fileid="1" />
                <SequencePoint vc="0" uspid="10299" ordinal="0" offset="63" sl="196" sc="0" el="196" ec="0" bec="0" bev="0" fileid="1" />
                <SequencePoint vc="0" uspid="10300" ordinal="0" offset="67" sl="196" sc="0" el="196" ec="0" bec="0" bev="0" fileid="1" />
                <SequencePoint vc="0" uspid="10301" ordinal="0" offset="77" sl="205" sc="0" el="205" ec="0" bec="0" bev="0" fileid="1" />
              </SequencePoints>
              <BranchPoints />
            </Method>
            <Method visited="false" cyclomaticComplexity="0" nPathComplexity="0" sequenceCoverage="0.0" branchCoverage="0" crapScore="0" isConstructor="false" isStatic="false" isGetter="false" isSetter="false">
              <Summary numSequencePoints="15" visitedSequencePoints="0" numBranchPoints="0" visitedBranchPoints="0" sequenceCoverage="0.0" branchCoverage="0" maxCyclomaticComplexity="0" minCyclomaticComplexity="0" maxCrapScore="0" minCrapScore="0" visitedClasses="0" numClasses="0" visitedMethods="0" numMethods="1" />
              <MetadataToken>100663303</MetadataToken>
              <Name>System.Void Board::ChangeTurn()</Name>
              <FileRef uid="1" />
              <SequencePoints>
                <SequencePoint vc="0" uspid="10302" ordinal="0" offset="0" sl="209" sc="0" el="209" ec="0" bec="0" bev="0" fileid="1" />
                <SequencePoint vc="0" uspid="10303" ordinal="0" offset="1" sl="210" sc="0" el="210" ec="0" bec="0" bev="0" fileid="1" />
                <SequencePoint vc="0" uspid="10304" ordinal="0" offset="14" sl="211" sc="0" el="211" ec="0" bec="0" bev="0" fileid="1" />
                <SequencePoint vc="0" uspid="10305" ordinal="0" offset="15" sl="212" sc="0" el="212" ec="0" bec="0" bev="0" fileid="1" />
                <SequencePoint vc="0" uspid="10306" ordinal="0" offset="22" sl="213" sc="0" el="213" ec="0" bec="0" bev="0" fileid="1" />
                <SequencePoint vc="0" uspid="10307" ordinal="0" offset="35" sl="214" sc="0" el="214" ec="0" bec="0" bev="0" fileid="1" />
                <SequencePoint vc="0" uspid="10308" ordinal="0" offset="48" sl="215" sc="0" el="215" ec="0" bec="0" bev="0" fileid="1" />
                <SequencePoint vc="0" uspid="10309" ordinal="0" offset="51" sl="217" sc="0" el="217" ec="0" bec="0" bev="0" fileid="1" />
                <SequencePoint vc="0" uspid="10310" ordinal="0" offset="52" sl="218" sc="0" el="218" ec="0" bec="0" bev="0" fileid="1" />
                <SequencePoint vc="0" uspid="10311" ordinal="0" offset="59" sl="219" sc="0" el="219" ec="0" bec="0" bev="0" fileid="1" />
                <SequencePoint vc="0" uspid="10312" ordinal="0" offset="72" sl="220" sc="0" el="220" ec="0" bec="0" bev="0" fileid="1" />
                <SequencePoint vc="0" uspid="10313" ordinal="0" offset="85" sl="221" sc="0" el="221" ec="0" bec="0" bev="0" fileid="1" />
                <SequencePoint vc="0" uspid="10314" ordinal="0" offset="86" sl="223" sc="0" el="223" ec="0" bec="0" bev="0" fileid="1" />
                <SequencePoint vc="0" uspid="10315" ordinal="0" offset="159" sl="224" sc="0" el="224" ec="0" bec="0" bev="0" fileid="1" />
                <SequencePoint vc="0" uspid="10316" ordinal="0" offset="176" sl="225" sc="0" el="225" ec="0" bec="0" bev="0" fileid="1" />
              </SequencePoints>
              <BranchPoints />
            </Method>
            <Method visited="false" cyclomaticComplexity="0" nPathComplexity="0" sequenceCoverage="0.0" branchCoverage="0" crapScore="0" isConstructor="false" isStatic="false" isGetter="false" isSetter="false">
              <Summary numSequencePoints="10" visitedSequencePoints="0" numBranchPoints="0" visitedBranchPoints="0" sequenceCoverage="0.0" branchCoverage="0" maxCyclomaticComplexity="0" minCyclomaticComplexity="0" maxCrapScore="0" minCrapScore="0" visitedClasses="0" numClasses="0" visitedMethods="0" numMethods="1" />
              <MetadataToken>100663304</MetadataToken>
              <Name>Move Board::CheckValid(System.Int32, System.Int32)</Name>
              <FileRef uid="1" />
              <SequencePoints>
                <SequencePoint vc="0" uspid="10317" ordinal="0" offset="0" sl="229" sc="0" el="229" ec="0" bec="0" bev="0" fileid="1" />
                <SequencePoint vc="0" uspid="10318" ordinal="0" offset="1" sl="230" sc="0" el="230" ec="0" bec="0" bev="0" fileid="1" />
                <SequencePoint vc="0" uspid="10319" ordinal="0" offset="5" sl="231" sc="0" el="231" ec="0" bec="0" bev="0" fileid="1" />
                <SequencePoint vc="0" uspid="10320" ordinal="0" offset="6" sl="232" sc="0" el="232" ec="0" bec="0" bev="0" fileid="1" />
                <SequencePoint vc="0" uspid="10321" ordinal="0" offset="53" sl="233" sc="0" el="233" ec="0" bec="0" bev="0" fileid="1" />
                <SequencePoint vc="0" uspid="10322" ordinal="0" offset="68" sl="234" sc="0" el="234" ec="0" bec="0" bev="0" fileid="1" />
                <SequencePoint vc="0" uspid="10323" ordinal="0" offset="69" sl="230" sc="0" el="230" ec="0" bec="0" bev="0" fileid="1" />
                <SequencePoint vc="0" uspid="10324" ordinal="0" offset="73" sl="230" sc="0" el="230" ec="0" bec="0" bev="0" fileid="1" />
                <SequencePoint vc="0" uspid="10325" ordinal="0" offset="91" sl="236" sc="0" el="236" ec="0" bec="0" bev="0" fileid="1" />
                <SequencePoint vc="0" uspid="10326" ordinal="0" offset="95" sl="237" sc="0" el="237" ec="0" bec="0" bev="0" fileid="1" />
              </SequencePoints>
              <BranchPoints />
            </Method>
            <Method visited="false" cyclomaticComplexity="0" nPathComplexity="0" sequenceCoverage="0.0" branchCoverage="0" crapScore="0" isConstructor="false" isStatic="false" isGetter="false" isSetter="false">
              <Summary numSequencePoints="15" visitedSequencePoints="0" numBranchPoints="0" visitedBranchPoints="0" sequenceCoverage="0.0" branchCoverage="0" maxCyclomaticComplexity="0" minCyclomaticComplexity="0" maxCrapScore="0" minCrapScore="0" visitedClasses="0" numClasses="0" visitedMethods="0" numMethods="1" />
              <MetadataToken>100663305</MetadataToken>
              <Name>System.Void Board::UpdateMouseOver()</Name>
              <FileRef uid="1" />
              <SequencePoints>
                <SequencePoint vc="0" uspid="10327" ordinal="0" offset="0" sl="241" sc="0" el="241" ec="0" bec="0" bev="0" fileid="1" />
                <SequencePoint vc="0" uspid="10328" ordinal="0" offset="1" sl="242" sc="0" el="242" ec="0" bec="0" bev="0" fileid="1" />
                <SequencePoint vc="0" uspid="10329" ordinal="0" offset="18" sl="243" sc="0" el="243" ec="0" bec="0" bev="0" fileid="1" />
                <SequencePoint vc="0" uspid="10330" ordinal="0" offset="19" sl="244" sc="0" el="244" ec="0" bec="0" bev="0" fileid="1" />
                <SequencePoint vc="0" uspid="10331" ordinal="0" offset="30" sl="245" sc="0" el="245" ec="0" bec="0" bev="0" fileid="1" />
                <SequencePoint vc="0" uspid="10332" ordinal="0" offset="35" sl="249" sc="0" el="249" ec="0" bec="0" bev="0" fileid="1" />
                <SequencePoint vc="0" uspid="10333" ordinal="0" offset="85" sl="251" sc="0" el="251" ec="0" bec="0" bev="0" fileid="1" />
                <SequencePoint vc="0" uspid="10334" ordinal="0" offset="86" sl="252" sc="0" el="252" ec="0" bec="0" bev="0" fileid="1" />
                <SequencePoint vc="0" uspid="10335" ordinal="0" offset="123" sl="253" sc="0" el="253" ec="0" bec="0" bev="0" fileid="1" />
                <SequencePoint vc="0" uspid="10336" ordinal="0" offset="160" sl="254" sc="0" el="254" ec="0" bec="0" bev="0" fileid="1" />
                <SequencePoint vc="0" uspid="10337" ordinal="0" offset="163" sl="256" sc="0" el="256" ec="0" bec="0" bev="0" fileid="1" />
                <SequencePoint vc="0" uspid="10338" ordinal="0" offset="164" sl="257" sc="0" el="257" ec="0" bec="0" bev="0" fileid="1" />
                <SequencePoint vc="0" uspid="10339" ordinal="0" offset="180" sl="258" sc="0" el="258" ec="0" bec="0" bev="0" fileid="1" />
                <SequencePoint vc="0" uspid="10340" ordinal="0" offset="196" sl="259" sc="0" el="259" ec="0" bec="0" bev="0" fileid="1" />
                <SequencePoint vc="0" uspid="10341" ordinal="0" offset="197" sl="260" sc="0" el="260" ec="0" bec="0" bev="0" fileid="1" />
              </SequencePoints>
              <BranchPoints />
            </Method>
            <Method visited="false" cyclomaticComplexity="0" nPathComplexity="0" sequenceCoverage="0.0" branchCoverage="0" crapScore="0" isConstructor="false" isStatic="false" isGetter="false" isSetter="false">
              <Summary numSequencePoints="3" visitedSequencePoints="0" numBranchPoints="0" visitedBranchPoints="0" sequenceCoverage="0.0" branchCoverage="0" maxCyclomaticComplexity="0" minCyclomaticComplexity="0" maxCrapScore="0" minCrapScore="0" visitedClasses="0" numClasses="0" visitedMethods="0" numMethods="1" />
              <MetadataToken>100663306</MetadataToken>
              <Name>System.Void Board::CreateBoard()</Name>
              <FileRef uid="1" />
              <SequencePoints>
                <SequencePoint vc="0" uspid="10342" ordinal="0" offset="0" sl="265" sc="0" el="265" ec="0" bec="0" bev="0" fileid="1" />
                <SequencePoint vc="0" uspid="10343" ordinal="0" offset="1" sl="268" sc="0" el="268" ec="0" bec="0" bev="0" fileid="1" />
                <SequencePoint vc="0" uspid="10344" ordinal="0" offset="8" sl="269" sc="0" el="269" ec="0" bec="0" bev="0" fileid="1" />
              </SequencePoints>
              <BranchPoints />
            </Method>
            <Method visited="false" cyclomaticComplexity="0" nPathComplexity="0" sequenceCoverage="0.0" branchCoverage="0" crapScore="0" isConstructor="false" isStatic="false" isGetter="false" isSetter="false">
              <Summary numSequencePoints="21" visitedSequencePoints="0" numBranchPoints="0" visitedBranchPoints="0" sequenceCoverage="0.0" branchCoverage="0" maxCyclomaticComplexity="0" minCyclomaticComplexity="0" maxCrapScore="0" minCrapScore="0" visitedClasses="0" numClasses="0" visitedMethods="0" numMethods="1" />
              <MetadataToken>100663307</MetadataToken>
              <Name>System.Boolean Board::SelectPiece(System.Int32, System.Int32)</Name>
              <FileRef uid="1" />
              <SequencePoints>
                <SequencePoint vc="0" uspid="10345" ordinal="0" offset="0" sl="273" sc="0" el="273" ec="0" bec="0" bev="0" fileid="1" />
                <SequencePoint vc="0" uspid="10346" ordinal="0" offset="1" sl="274" sc="0" el="274" ec="0" bec="0" bev="0" fileid="1" />
                <SequencePoint vc="0" uspid="10347" ordinal="0" offset="24" sl="275" sc="0" el="275" ec="0" bec="0" bev="0" fileid="1" />
                <SequencePoint vc="0" uspid="10348" ordinal="0" offset="31" sl="276" sc="0" el="276" ec="0" bec="0" bev="0" fileid="1" />
                <SequencePoint vc="0" uspid="10349" ordinal="0" offset="45" sl="277" sc="0" el="277" ec="0" bec="0" bev="0" fileid="1" />
                <SequencePoint vc="0" uspid="10350" ordinal="0" offset="56" sl="278" sc="0" el="278" ec="0" bec="0" bev="0" fileid="1" />
                <SequencePoint vc="0" uspid="10351" ordinal="0" offset="63" sl="279" sc="0" el="279" ec="0" bec="0" bev="0" fileid="1" />
                <SequencePoint vc="0" uspid="10352" ordinal="0" offset="86" sl="280" sc="0" el="280" ec="0" bec="0" bev="0" fileid="1" />
                <SequencePoint vc="0" uspid="10353" ordinal="0" offset="93" sl="282" sc="0" el="282" ec="0" bec="0" bev="0" fileid="1" />
                <SequencePoint vc="0" uspid="10354" ordinal="0" offset="100" sl="284" sc="0" el="284" ec="0" bec="0" bev="0" fileid="1" />
                <SequencePoint vc="0" uspid="10355" ordinal="0" offset="151" sl="286" sc="0" el="286" ec="0" bec="0" bev="0" fileid="1" />
                <SequencePoint vc="0" uspid="10356" ordinal="0" offset="158" sl="287" sc="0" el="287" ec="0" bec="0" bev="0" fileid="1" />
                <SequencePoint vc="0" uspid="10357" ordinal="0" offset="180" sl="288" sc="0" el="288" ec="0" bec="0" bev="0" fileid="1" />
                <SequencePoint vc="0" uspid="10358" ordinal="0" offset="200" sl="289" sc="0" el="289" ec="0" bec="0" bev="0" fileid="1" />
                <SequencePoint vc="0" uspid="10359" ordinal="0" offset="201" sl="290" sc="0" el="290" ec="0" bec="0" bev="0" fileid="1" />
                <SequencePoint vc="0" uspid="10360" ordinal="0" offset="214" sl="291" sc="0" el="291" ec="0" bec="0" bev="0" fileid="1" />
                <SequencePoint vc="0" uspid="10361" ordinal="0" offset="221" sl="292" sc="0" el="292" ec="0" bec="0" bev="0" fileid="1" />
                <SequencePoint vc="0" uspid="10362" ordinal="0" offset="225" sl="295" sc="0" el="295" ec="0" bec="0" bev="0" fileid="1" />
                <SequencePoint vc="0" uspid="10363" ordinal="0" offset="238" sl="296" sc="0" el="296" ec="0" bec="0" bev="0" fileid="1" />
                <SequencePoint vc="0" uspid="10364" ordinal="0" offset="245" sl="297" sc="0" el="297" ec="0" bec="0" bev="0" fileid="1" />
                <SequencePoint vc="0" uspid="10365" ordinal="0" offset="249" sl="298" sc="0" el="298" ec="0" bec="0" bev="0" fileid="1" />
              </SequencePoints>
              <BranchPoints />
            </Method>
            <Method visited="false" cyclomaticComplexity="0" nPathComplexity="0" sequenceCoverage="0.0" branchCoverage="0" crapScore="0" isConstructor="false" isStatic="false" isGetter="false" isSetter="false">
              <Summary numSequencePoints="32" visitedSequencePoints="0" numBranchPoints="0" visitedBranchPoints="0" sequenceCoverage="0.0" branchCoverage="0" maxCyclomaticComplexity="0" minCyclomaticComplexity="0" maxCrapScore="0" minCrapScore="0" visitedClasses="0" numClasses="0" visitedMethods="0" numMethods="1" />
              <MetadataToken>100663308</MetadataToken>
              <Name>System.Void Board::CheckWin()</Name>
              <FileRef uid="1" />
              <SequencePoints>
                <SequencePoint vc="0" uspid="10366" ordinal="0" offset="0" sl="301" sc="0" el="301" ec="0" bec="0" bev="0" fileid="1" />
                <SequencePoint vc="0" uspid="10367" ordinal="0" offset="1" sl="302" sc="0" el="302" ec="0" bec="0" bev="0" fileid="1" />
                <SequencePoint vc="0" uspid="10368" ordinal="0" offset="3" sl="303" sc="0" el="303" ec="0" bec="0" bev="0" fileid="1" />
                <SequencePoint vc="0" uspid="10369" ordinal="0" offset="5" sl="304" sc="0" el="304" ec="0" bec="0" bev="0" fileid="1" />
                <SequencePoint vc="0" uspid="10370" ordinal="0" offset="7" sl="305" sc="0" el="305" ec="0" bec="0" bev="0" fileid="1" />
                <SequencePoint vc="0" uspid="10371" ordinal="0" offset="9" sl="306" sc="0" el="306" ec="0" bec="0" bev="0" fileid="1" />
                <SequencePoint vc="0" uspid="10372" ordinal="0" offset="17" sl="308" sc="0" el="308" ec="0" bec="0" bev="0" fileid="1" />
                <SequencePoint vc="0" uspid="10373" ordinal="0" offset="22" sl="309" sc="0" el="309" ec="0" bec="0" bev="0" fileid="1" />
                <SequencePoint vc="0" uspid="10374" ordinal="0" offset="23" sl="310" sc="0" el="310" ec="0" bec="0" bev="0" fileid="1" />
                <SequencePoint vc="0" uspid="10375" ordinal="0" offset="28" sl="311" sc="0" el="311" ec="0" bec="0" bev="0" fileid="1" />
                <SequencePoint vc="0" uspid="10376" ordinal="0" offset="29" sl="312" sc="0" el="312" ec="0" bec="0" bev="0" fileid="1" />
                <SequencePoint vc="0" uspid="10377" ordinal="0" offset="42" sl="313" sc="0" el="313" ec="0" bec="0" bev="0" fileid="1" />
                <SequencePoint vc="0" uspid="10378" ordinal="0" offset="56" sl="314" sc="0" el="314" ec="0" bec="0" bev="0" fileid="1" />
                <SequencePoint vc="0" uspid="10379" ordinal="0" offset="57" sl="315" sc="0" el="315" ec="0" bec="0" bev="0" fileid="1" />
                <SequencePoint vc="0" uspid="10380" ordinal="0" offset="73" sl="316" sc="0" el="316" ec="0" bec="0" bev="0" fileid="1" />
                <SequencePoint vc="0" uspid="10381" ordinal="0" offset="74" sl="317" sc="0" el="317" ec="0" bec="0" bev="0" fileid="1" />
                <SequencePoint vc="0" uspid="10382" ordinal="0" offset="78" sl="318" sc="0" el="318" ec="0" bec="0" bev="0" fileid="1" />
                <SequencePoint vc="0" uspid="10383" ordinal="0" offset="88" sl="319" sc="0" el="319" ec="0" bec="0" bev="0" fileid="1" />
                <SequencePoint vc="0" uspid="10384" ordinal="0" offset="91" sl="320" sc="0" el="320" ec="0" bec="0" bev="0" fileid="1" />
                <SequencePoint vc="0" uspid="10385" ordinal="0" offset="107" sl="321" sc="0" el="321" ec="0" bec="0" bev="0" fileid="1" />
                <SequencePoint vc="0" uspid="10386" ordinal="0" offset="108" sl="322" sc="0" el="322" ec="0" bec="0" bev="0" fileid="1" />
                <SequencePoint vc="0" uspid="10387" ordinal="0" offset="112" sl="323" sc="0" el="323" ec="0" bec="0" bev="0" fileid="1" />
                <SequencePoint vc="0" uspid="10388" ordinal="0" offset="122" sl="324" sc="0" el="324" ec="0" bec="0" bev="0" fileid="1" />
                <SequencePoint vc="0" uspid="10389" ordinal="0" offset="123" sl="325" sc="0" el="325" ec="0" bec="0" bev="0" fileid="1" />
                <SequencePoint vc="0" uspid="10390" ordinal="0" offset="124" sl="326" sc="0" el="326" ec="0" bec="0" bev="0" fileid="1" />
                <SequencePoint vc="0" uspid="10391" ordinal="0" offset="125" sl="310" sc="0" el="310" ec="0" bec="0" bev="0" fileid="1" />
                <SequencePoint vc="0" uspid="10392" ordinal="0" offset="131" sl="310" sc="0" el="310" ec="0" bec="0" bev="0" fileid="1" />
                <SequencePoint vc="0" uspid="10393" ordinal="0" offset="142" sl="327" sc="0" el="327" ec="0" bec="0" bev="0" fileid="1" />
                <SequencePoint vc="0" uspid="10394" ordinal="0" offset="143" sl="308" sc="0" el="308" ec="0" bec="0" bev="0" fileid="1" />
                <SequencePoint vc="0" uspid="10395" ordinal="0" offset="149" sl="308" sc="0" el="308" ec="0" bec="0" bev="0" fileid="1" />
                <SequencePoint vc="0" uspid="10396" ordinal="0" offset="163" sl="328" sc="0" el="328" ec="0" bec="0" bev="0" fileid="1" />
                <SequencePoint vc="0" uspid="10397" ordinal="0" offset="170" sl="329" sc="0" el="329" ec="0" bec="0" bev="0" fileid="1" />
              </SequencePoints>
              <BranchPoints />
            </Method>
            <Method visited="false" cyclomaticComplexity="0" nPathComplexity="0" sequenceCoverage="0.0" branchCoverage="0" crapScore="0" isConstructor="false" isStatic="false" isGetter="false" isSetter="false">
              <Summary numSequencePoints="5" visitedSequencePoints="0" numBranchPoints="0" visitedBranchPoints="0" sequenceCoverage="0.0" branchCoverage="0" maxCyclomaticComplexity="0" minCyclomaticComplexity="0" maxCrapScore="0" minCrapScore="0" visitedClasses="0" numClasses="0" visitedMethods="0" numMethods="1" />
              <MetadataToken>100663309</MetadataToken>
              <Name>System.Void Board::EndGame(System.Int32)</Name>
              <FileRef uid="1" />
              <SequencePoints>
                <SequencePoint vc="0" uspid="10398" ordinal="0" offset="0" sl="335" sc="0" el="335" ec="0" bec="0" bev="0" fileid="1" />
                <SequencePoint vc="0" uspid="10399" ordinal="0" offset="1" sl="336" sc="0" el="336" ec="0" bec="0" bev="0" fileid="1" />
                <SequencePoint vc="0" uspid="10400" ordinal="0" offset="14" sl="337" sc="0" el="337" ec="0" bec="0" bev="0" fileid="1" />
                <SequencePoint vc="0" uspid="10401" ordinal="0" offset="21" sl="338" sc="0" el="338" ec="0" bec="0" bev="0" fileid="1" />
                <SequencePoint vc="0" uspid="10402" ordinal="0" offset="28" sl="339" sc="0" el="339" ec="0" bec="0" bev="0" fileid="1" />
              </SequencePoints>
              <BranchPoints />
            </Method>
            <Method visited="false" cyclomaticComplexity="0" nPathComplexity="0" sequenceCoverage="0.0" branchCoverage="0" crapScore="0" isConstructor="false" isStatic="false" isGetter="false" isSetter="false">
              <Summary numSequencePoints="41" visitedSequencePoints="0" numBranchPoints="0" visitedBranchPoints="0" sequenceCoverage="0.0" branchCoverage="0" maxCyclomaticComplexity="0" minCyclomaticComplexity="0" maxCrapScore="0" minCrapScore="0" visitedClasses="0" numClasses="0" visitedMethods="0" numMethods="1" />
              <MetadataToken>100663310</MetadataToken>
              <Name>System.Void Board::FindMultiCapture(System.Int32, System.Int32, System.Int32, System.Int32)</Name>
              <FileRef uid="1" />
              <SequencePoints>
                <SequencePoint vc="0" uspid="10403" ordinal="0" offset="0" sl="342" sc="0" el="342" ec="0" bec="0" bev="0" fileid="1" />
                <SequencePoint vc="0" uspid="10404" ordinal="0" offset="1" sl="343" sc="0" el="343" ec="0" bec="0" bev="0" fileid="1" />
                <SequencePoint vc="0" uspid="10405" ordinal="0" offset="8" sl="344" sc="0" el="344" ec="0" bec="0" bev="0" fileid="1" />
                <SequencePoint vc="0" uspid="10406" ordinal="0" offset="15" sl="346" sc="0" el="346" ec="0" bec="0" bev="0" fileid="1" />
                <SequencePoint vc="0" uspid="10407" ordinal="0" offset="29" sl="347" sc="0" el="347" ec="0" bec="0" bev="0" fileid="1" />
                <SequencePoint vc="0" uspid="10408" ordinal="0" offset="45" sl="348" sc="0" el="348" ec="0" bec="0" bev="0" fileid="1" />
                <SequencePoint vc="0" uspid="10409" ordinal="0" offset="59" sl="349" sc="0" el="349" ec="0" bec="0" bev="0" fileid="1" />
                <SequencePoint vc="0" uspid="10410" ordinal="0" offset="76" sl="351" sc="0" el="351" ec="0" bec="0" bev="0" fileid="1" />
                <SequencePoint vc="0" uspid="10411" ordinal="0" offset="93" sl="352" sc="0" el="352" ec="0" bec="0" bev="0" fileid="1" />
                <SequencePoint vc="0" uspid="10412" ordinal="0" offset="94" sl="353" sc="0" el="353" ec="0" bec="0" bev="0" fileid="1" />
                <SequencePoint vc="0" uspid="10413" ordinal="0" offset="107" sl="354" sc="0" el="354" ec="0" bec="0" bev="0" fileid="1" />
                <SequencePoint vc="0" uspid="10414" ordinal="0" offset="124" sl="356" sc="0" el="356" ec="0" bec="0" bev="0" fileid="1" />
                <SequencePoint vc="0" uspid="10415" ordinal="0" offset="133" sl="357" sc="0" el="357" ec="0" bec="0" bev="0" fileid="1" />
                <SequencePoint vc="0" uspid="10416" ordinal="0" offset="154" sl="359" sc="0" el="359" ec="0" bec="0" bev="0" fileid="1" />
                <SequencePoint vc="0" uspid="10417" ordinal="0" offset="168" sl="360" sc="0" el="360" ec="0" bec="0" bev="0" fileid="1" />
                <SequencePoint vc="0" uspid="10418" ordinal="0" offset="175" sl="361" sc="0" el="361" ec="0" bec="0" bev="0" fileid="1" />
                <SequencePoint vc="0" uspid="10419" ordinal="0" offset="176" sl="363" sc="0" el="363" ec="0" bec="0" bev="0" fileid="1" />
                <SequencePoint vc="0" uspid="10420" ordinal="0" offset="194" sl="364" sc="0" el="364" ec="0" bec="0" bev="0" fileid="1" />
                <SequencePoint vc="0" uspid="10421" ordinal="0" offset="195" sl="365" sc="0" el="365" ec="0" bec="0" bev="0" fileid="1" />
                <SequencePoint vc="0" uspid="10422" ordinal="0" offset="208" sl="366" sc="0" el="366" ec="0" bec="0" bev="0" fileid="1" />
                <SequencePoint vc="0" uspid="10423" ordinal="0" offset="225" sl="368" sc="0" el="368" ec="0" bec="0" bev="0" fileid="1" />
                <SequencePoint vc="0" uspid="10424" ordinal="0" offset="234" sl="369" sc="0" el="369" ec="0" bec="0" bev="0" fileid="1" />
                <SequencePoint vc="0" uspid="10425" ordinal="0" offset="255" sl="371" sc="0" el="371" ec="0" bec="0" bev="0" fileid="1" />
                <SequencePoint vc="0" uspid="10426" ordinal="0" offset="269" sl="372" sc="0" el="372" ec="0" bec="0" bev="0" fileid="1" />
                <SequencePoint vc="0" uspid="10427" ordinal="0" offset="276" sl="373" sc="0" el="373" ec="0" bec="0" bev="0" fileid="1" />
                <SequencePoint vc="0" uspid="10428" ordinal="0" offset="277" sl="375" sc="0" el="375" ec="0" bec="0" bev="0" fileid="1" />
                <SequencePoint vc="0" uspid="10429" ordinal="0" offset="297" sl="376" sc="0" el="376" ec="0" bec="0" bev="0" fileid="1" />
                <SequencePoint vc="0" uspid="10430" ordinal="0" offset="298" sl="377" sc="0" el="377" ec="0" bec="0" bev="0" fileid="1" />
                <SequencePoint vc="0" uspid="10431" ordinal="0" offset="313" sl="378" sc="0" el="378" ec="0" bec="0" bev="0" fileid="1" />
                <SequencePoint vc="0" uspid="10432" ordinal="0" offset="332" sl="380" sc="0" el="380" ec="0" bec="0" bev="0" fileid="1" />
                <SequencePoint vc="0" uspid="10433" ordinal="0" offset="351" sl="381" sc="0" el="381" ec="0" bec="0" bev="0" fileid="1" />
                <SequencePoint vc="0" uspid="10434" ordinal="0" offset="352" sl="382" sc="0" el="382" ec="0" bec="0" bev="0" fileid="1" />
                <SequencePoint vc="0" uspid="10435" ordinal="0" offset="365" sl="384" sc="0" el="384" ec="0" bec="0" bev="0" fileid="1" />
                <SequencePoint vc="0" uspid="10436" ordinal="0" offset="384" sl="386" sc="0" el="386" ec="0" bec="0" bev="0" fileid="1" />
                <SequencePoint vc="0" uspid="10437" ordinal="0" offset="393" sl="387" sc="0" el="387" ec="0" bec="0" bev="0" fileid="1" />
                <SequencePoint vc="0" uspid="10438" ordinal="0" offset="414" sl="388" sc="0" el="388" ec="0" bec="0" bev="0" fileid="1" />
                <SequencePoint vc="0" uspid="10439" ordinal="0" offset="428" sl="389" sc="0" el="389" ec="0" bec="0" bev="0" fileid="1" />
                <SequencePoint vc="0" uspid="10440" ordinal="0" offset="435" sl="390" sc="0" el="390" ec="0" bec="0" bev="0" fileid="1" />
                <SequencePoint vc="0" uspid="10441" ordinal="0" offset="436" sl="391" sc="0" el="391" ec="0" bec="0" bev="0" fileid="1" />
                <SequencePoint vc="0" uspid="10442" ordinal="0" offset="437" sl="392" sc="0" el="392" ec="0" bec="0" bev="0" fileid="1" />
                <SequencePoint vc="0" uspid="10443" ordinal="0" offset="444" sl="393" sc="0" el="393" ec="0" bec="0" bev="0" fileid="1" />
              </SequencePoints>
              <BranchPoints />
            </Method>
            <Method visited="false" cyclomaticComplexity="0" nPathComplexity="0" sequenceCoverage="0.0" branchCoverage="0" crapScore="0" isConstructor="false" isStatic="false" isGetter="false" isSetter="false">
              <Summary numSequencePoints="15" visitedSequencePoints="0" numBranchPoints="0" visitedBranchPoints="0" sequenceCoverage="0.0" branchCoverage="0" maxCyclomaticComplexity="0" minCyclomaticComplexity="0" maxCrapScore="0" minCrapScore="0" visitedClasses="0" numClasses="0" visitedMethods="0" numMethods="1" />
              <MetadataToken>100663311</MetadataToken>
              <Name>System.Void Board::DisplayMoves()</Name>
              <FileRef uid="1" />
              <SequencePoints>
                <SequencePoint vc="0" uspid="10444" ordinal="0" offset="0" sl="397" sc="0" el="397" ec="0" bec="0" bev="0" fileid="1" />
                <SequencePoint vc="0" uspid="10445" ordinal="0" offset="1" sl="398" sc="0" el="398" ec="0" bec="0" bev="0" fileid="1" />
                <SequencePoint vc="0" uspid="10446" ordinal="0" offset="13" sl="399" sc="0" el="399" ec="0" bec="0" bev="0" fileid="1" />
                <SequencePoint vc="0" uspid="10447" ordinal="0" offset="17" sl="400" sc="0" el="400" ec="0" bec="0" bev="0" fileid="1" />
                <SequencePoint vc="0" uspid="10448" ordinal="0" offset="18" sl="401" sc="0" el="401" ec="0" bec="0" bev="0" fileid="1" />
                <SequencePoint vc="0" uspid="10449" ordinal="0" offset="30" sl="402" sc="0" el="402" ec="0" bec="0" bev="0" fileid="1" />
                <SequencePoint vc="0" uspid="10450" ordinal="0" offset="43" sl="403" sc="0" el="403" ec="0" bec="0" bev="0" fileid="1" />
                <SequencePoint vc="0" uspid="10451" ordinal="0" offset="57" sl="404" sc="0" el="404" ec="0" bec="0" bev="0" fileid="1" />
                <SequencePoint vc="0" uspid="10452" ordinal="0" offset="71" sl="406" sc="0" el="406" ec="0" bec="0" bev="0" fileid="1" />
                <SequencePoint vc="0" uspid="10453" ordinal="0" offset="81" sl="408" sc="0" el="408" ec="0" bec="0" bev="0" fileid="1" />
                <SequencePoint vc="0" uspid="10454" ordinal="0" offset="90" sl="409" sc="0" el="409" ec="0" bec="0" bev="0" fileid="1" />
                <SequencePoint vc="0" uspid="10455" ordinal="0" offset="103" sl="410" sc="0" el="410" ec="0" bec="0" bev="0" fileid="1" />
                <SequencePoint vc="0" uspid="10456" ordinal="0" offset="104" sl="399" sc="0" el="399" ec="0" bec="0" bev="0" fileid="1" />
                <SequencePoint vc="0" uspid="10457" ordinal="0" offset="108" sl="399" sc="0" el="399" ec="0" bec="0" bev="0" fileid="1" />
                <SequencePoint vc="0" uspid="10458" ordinal="0" offset="128" sl="411" sc="0" el="411" ec="0" bec="0" bev="0" fileid="1" />
              </SequencePoints>
              <BranchPoints />
            </Method>
            <Method visited="false" cyclomaticComplexity="0" nPathComplexity="0" sequenceCoverage="0.0" branchCoverage="0" crapScore="0" isConstructor="false" isStatic="false" isGetter="false" isSetter="false">
              <Summary numSequencePoints="9" visitedSequencePoints="0" numBranchPoints="0" visitedBranchPoints="0" sequenceCoverage="0.0" branchCoverage="0" maxCyclomaticComplexity="0" minCyclomaticComplexity="0" maxCrapScore="0" minCrapScore="0" visitedClasses="0" numClasses="0" visitedMethods="0" numMethods="1" />
              <MetadataToken>100663312</MetadataToken>
              <Name>System.Void Board::ClearHighlights()</Name>
              <FileRef uid="1" />
              <SequencePoints>
                <SequencePoint vc="0" uspid="10459" ordinal="0" offset="0" sl="415" sc="0" el="415" ec="0" bec="0" bev="0" fileid="1" />
                <SequencePoint vc="0" uspid="10460" ordinal="0" offset="1" sl="416" sc="0" el="416" ec="0" bec="0" bev="0" fileid="1" />
                <SequencePoint vc="0" uspid="10461" ordinal="0" offset="5" sl="417" sc="0" el="417" ec="0" bec="0" bev="0" fileid="1" />
                <SequencePoint vc="0" uspid="10462" ordinal="0" offset="6" sl="420" sc="0" el="420" ec="0" bec="0" bev="0" fileid="1" />
                <SequencePoint vc="0" uspid="10463" ordinal="0" offset="29" sl="421" sc="0" el="421" ec="0" bec="0" bev="0" fileid="1" />
                <SequencePoint vc="0" uspid="10464" ordinal="0" offset="30" sl="416" sc="0" el="416" ec="0" bec="0" bev="0" fileid="1" />
                <SequencePoint vc="0" uspid="10465" ordinal="0" offset="34" sl="416" sc="0" el="416" ec="0" bec="0" bev="0" fileid="1" />
                <SequencePoint vc="0" uspid="10466" ordinal="0" offset="52" sl="423" sc="0" el="423" ec="0" bec="0" bev="0" fileid="1" />
                <SequencePoint vc="0" uspid="10467" ordinal="0" offset="64" sl="424" sc="0" el="424" ec="0" bec="0" bev="0" fileid="1" />
              </SequencePoints>
              <BranchPoints />
            </Method>
            <Method visited="false" cyclomaticComplexity="0" nPathComplexity="0" sequenceCoverage="0.0" branchCoverage="0" crapScore="0" isConstructor="false" isStatic="false" isGetter="false" isSetter="false">
              <Summary numSequencePoints="50" visitedSequencePoints="0" numBranchPoints="0" visitedBranchPoints="0" sequenceCoverage="0.0" branchCoverage="0" maxCyclomaticComplexity="0" minCyclomaticComplexity="0" maxCrapScore="0" minCrapScore="0" visitedClasses="0" numClasses="0" visitedMethods="0" numMethods="1" />
              <MetadataToken>100663313</MetadataToken>
              <Name>System.Void Board::FineMoves()</Name>
              <FileRef uid="1" />
              <SequencePoints>
                <SequencePoint vc="0" uspid="10468" ordinal="0" offset="0" sl="428" sc="0" el="428" ec="0" bec="0" bev="0" fileid="1" />
                <SequencePoint vc="0" uspid="10469" ordinal="0" offset="1" sl="429" sc="0" el="429" ec="0" bec="0" bev="0" fileid="1" />
                <SequencePoint vc="0" uspid="10470" ordinal="0" offset="8" sl="430" sc="0" el="430" ec="0" bec="0" bev="0" fileid="1" />
                <SequencePoint vc="0" uspid="10471" ordinal="0" offset="14" sl="431" sc="0" el="431" ec="0" bec="0" bev="0" fileid="1" />
                <SequencePoint vc="0" uspid="10472" ordinal="0" offset="21" sl="432" sc="0" el="432" ec="0" bec="0" bev="0" fileid="1" />
                <SequencePoint vc="0" uspid="10473" ordinal="0" offset="28" sl="433" sc="0" el="433" ec="0" bec="0" bev="0" fileid="1" />
                <SequencePoint vc="0" uspid="10474" ordinal="0" offset="29" sl="434" sc="0" el="434" ec="0" bec="0" bev="0" fileid="1" />
                <SequencePoint vc="0" uspid="10475" ordinal="0" offset="36" sl="435" sc="0" el="435" ec="0" bec="0" bev="0" fileid="1" />
                <SequencePoint vc="0" uspid="10476" ordinal="0" offset="37" sl="436" sc="0" el="436" ec="0" bec="0" bev="0" fileid="1" />
                <SequencePoint vc="0" uspid="10477" ordinal="0" offset="47" sl="437" sc="0" el="437" ec="0" bec="0" bev="0" fileid="1" />
                <SequencePoint vc="0" uspid="10478" ordinal="0" offset="61" sl="438" sc="0" el="438" ec="0" bec="0" bev="0" fileid="1" />
                <SequencePoint vc="0" uspid="10479" ordinal="0" offset="66" sl="439" sc="0" el="439" ec="0" bec="0" bev="0" fileid="1" />
                <SequencePoint vc="0" uspid="10480" ordinal="0" offset="74" sl="441" sc="0" el="441" ec="0" bec="0" bev="0" fileid="1" />
                <SequencePoint vc="0" uspid="10481" ordinal="0" offset="83" sl="442" sc="0" el="442" ec="0" bec="0" bev="0" fileid="1" />
                <SequencePoint vc="0" uspid="10482" ordinal="0" offset="102" sl="443" sc="0" el="443" ec="0" bec="0" bev="0" fileid="1" />
                <SequencePoint vc="0" uspid="10483" ordinal="0" offset="107" sl="445" sc="0" el="445" ec="0" bec="0" bev="0" fileid="1" />
                <SequencePoint vc="0" uspid="10484" ordinal="0" offset="110" sl="446" sc="0" el="446" ec="0" bec="0" bev="0" fileid="1" />
                <SequencePoint vc="0" uspid="10485" ordinal="0" offset="113" sl="447" sc="0" el="447" ec="0" bec="0" bev="0" fileid="1" />
                <SequencePoint vc="0" uspid="10486" ordinal="0" offset="124" sl="448" sc="0" el="448" ec="0" bec="0" bev="0" fileid="1" />
                <SequencePoint vc="0" uspid="10487" ordinal="0" offset="125" sl="449" sc="0" el="449" ec="0" bec="0" bev="0" fileid="1" />
                <SequencePoint vc="0" uspid="10488" ordinal="0" offset="128" sl="450" sc="0" el="450" ec="0" bec="0" bev="0" fileid="1" />
                <SequencePoint vc="0" uspid="10489" ordinal="0" offset="131" sl="451" sc="0" el="451" ec="0" bec="0" bev="0" fileid="1" />
                <SequencePoint vc="0" uspid="10490" ordinal="0" offset="132" sl="454" sc="0" el="454" ec="0" bec="0" bev="0" fileid="1" />
                <SequencePoint vc="0" uspid="10491" ordinal="0" offset="147" sl="455" sc="0" el="455" ec="0" bec="0" bev="0" fileid="1" />
                <SequencePoint vc="0" uspid="10492" ordinal="0" offset="162" sl="457" sc="0" el="457" ec="0" bec="0" bev="0" fileid="1" />
                <SequencePoint vc="0" uspid="10493" ordinal="0" offset="175" sl="458" sc="0" el="458" ec="0" bec="0" bev="0" fileid="1" />
                <SequencePoint vc="0" uspid="10494" ordinal="0" offset="176" sl="459" sc="0" el="459" ec="0" bec="0" bev="0" fileid="1" />
                <SequencePoint vc="0" uspid="10495" ordinal="0" offset="191" sl="460" sc="0" el="460" ec="0" bec="0" bev="0" fileid="1" />
                <SequencePoint vc="0" uspid="10496" ordinal="0" offset="206" sl="461" sc="0" el="461" ec="0" bec="0" bev="0" fileid="1" />
                <SequencePoint vc="0" uspid="10497" ordinal="0" offset="207" sl="464" sc="0" el="464" ec="0" bec="0" bev="0" fileid="1" />
                <SequencePoint vc="0" uspid="10498" ordinal="0" offset="216" sl="465" sc="0" el="465" ec="0" bec="0" bev="0" fileid="1" />
                <SequencePoint vc="0" uspid="10499" ordinal="0" offset="232" sl="466" sc="0" el="466" ec="0" bec="0" bev="0" fileid="1" />
                <SequencePoint vc="0" uspid="10500" ordinal="0" offset="233" sl="467" sc="0" el="467" ec="0" bec="0" bev="0" fileid="1" />
                <SequencePoint vc="0" uspid="10501" ordinal="0" offset="234" sl="467" sc="0" el="467" ec="0" bec="0" bev="0" fileid="1" />
                <SequencePoint vc="0" uspid="10502" ordinal="0" offset="244" sl="467" sc="0" el="467" ec="0" bec="0" bev="0" fileid="1" />
                <SequencePoint vc="0" uspid="10503" ordinal="0" offset="253" sl="468" sc="0" el="468" ec="0" bec="0" bev="0" fileid="1" />
                <SequencePoint vc="0" uspid="10504" ordinal="0" offset="261" sl="467" sc="0" el="467" ec="0" bec="0" bev="0" fileid="1" />
                <SequencePoint vc="0" uspid="10505" ordinal="0" offset="287" sl="470" sc="0" el="470" ec="0" bec="0" bev="0" fileid="1" />
                <SequencePoint vc="0" uspid="10506" ordinal="0" offset="294" sl="471" sc="0" el="471" ec="0" bec="0" bev="0" fileid="1" />
                <SequencePoint vc="0" uspid="10507" ordinal="0" offset="302" sl="472" sc="0" el="472" ec="0" bec="0" bev="0" fileid="1" />
                <SequencePoint vc="0" uspid="10508" ordinal="0" offset="303" sl="474" sc="0" el="474" ec="0" bec="0" bev="0" fileid="1" />
                <SequencePoint vc="0" uspid="10509" ordinal="0" offset="322" sl="475" sc="0" el="475" ec="0" bec="0" bev="0" fileid="1" />
                <SequencePoint vc="0" uspid="10510" ordinal="0" offset="333" sl="477" sc="0" el="477" ec="0" bec="0" bev="0" fileid="1" />
                <SequencePoint vc="0" uspid="10511" ordinal="0" offset="341" sl="478" sc="0" el="478" ec="0" bec="0" bev="0" fileid="1" />
                <SequencePoint vc="0" uspid="10512" ordinal="0" offset="342" sl="434" sc="0" el="434" ec="0" bec="0" bev="0" fileid="1" />
                <SequencePoint vc="0" uspid="10513" ordinal="0" offset="346" sl="434" sc="0" el="434" ec="0" bec="0" bev="0" fileid="1" />
                <SequencePoint vc="0" uspid="10514" ordinal="0" offset="359" sl="479" sc="0" el="479" ec="0" bec="0" bev="0" fileid="1" />
                <SequencePoint vc="0" uspid="10515" ordinal="0" offset="360" sl="432" sc="0" el="432" ec="0" bec="0" bev="0" fileid="1" />
                <SequencePoint vc="0" uspid="10516" ordinal="0" offset="364" sl="432" sc="0" el="432" ec="0" bec="0" bev="0" fileid="1" />
                <SequencePoint vc="0" uspid="10517" ordinal="0" offset="377" sl="480" sc="0" el="480" ec="0" bec="0" bev="0" fileid="1" />
              </SequencePoints>
              <BranchPoints />
            </Method>
            <Method visited="false" cyclomaticComplexity="0" nPathComplexity="0" sequenceCoverage="0.0" branchCoverage="0" crapScore="0" isConstructor="false" isStatic="false" isGetter="false" isSetter="false">
              <Summary numSequencePoints="19" visitedSequencePoints="0" numBranchPoints="0" visitedBranchPoints="0" sequenceCoverage="0.0" branchCoverage="0" maxCyclomaticComplexity="0" minCyclomaticComplexity="0" maxCrapScore="0" minCrapScore="0" visitedClasses="0" numClasses="0" visitedMethods="0" numMethods="1" />
              <MetadataToken>100663314</MetadataToken>
              <Name>System.Void Board::HighlightMovable()</Name>
              <FileRef uid="1" />
              <SequencePoints>
                <SequencePoint vc="0" uspid="10518" ordinal="0" offset="0" sl="483" sc="0" el="483" ec="0" bec="0" bev="0" fileid="1" />
                <SequencePoint vc="0" uspid="10519" ordinal="0" offset="1" sl="484" sc="0" el="484" ec="0" bec="0" bev="0" fileid="1" />
                <SequencePoint vc="0" uspid="10520" ordinal="0" offset="8" sl="485" sc="0" el="485" ec="0" bec="0" bev="0" fileid="1" />
                <SequencePoint vc="0" uspid="10521" ordinal="0" offset="12" sl="486" sc="0" el="486" ec="0" bec="0" bev="0" fileid="1" />
                <SequencePoint vc="0" uspid="10522" ordinal="0" offset="13" sl="487" sc="0" el="487" ec="0" bec="0" bev="0" fileid="1" />
                <SequencePoint vc="0" uspid="10523" ordinal="0" offset="17" sl="488" sc="0" el="488" ec="0" bec="0" bev="0" fileid="1" />
                <SequencePoint vc="0" uspid="10524" ordinal="0" offset="18" sl="489" sc="0" el="489" ec="0" bec="0" bev="0" fileid="1" />
                <SequencePoint vc="0" uspid="10525" ordinal="0" offset="27" sl="490" sc="0" el="490" ec="0" bec="0" bev="0" fileid="1" />
                <SequencePoint vc="0" uspid="10526" ordinal="0" offset="40" sl="491" sc="0" el="491" ec="0" bec="0" bev="0" fileid="1" />
                <SequencePoint vc="0" uspid="10527" ordinal="0" offset="42" sl="492" sc="0" el="492" ec="0" bec="0" bev="0" fileid="1" />
                <SequencePoint vc="0" uspid="10528" ordinal="0" offset="57" sl="493" sc="0" el="493" ec="0" bec="0" bev="0" fileid="1" />
                <SequencePoint vc="0" uspid="10529" ordinal="0" offset="67" sl="495" sc="0" el="495" ec="0" bec="0" bev="0" fileid="1" />
                <SequencePoint vc="0" uspid="10530" ordinal="0" offset="75" sl="496" sc="0" el="496" ec="0" bec="0" bev="0" fileid="1" />
                <SequencePoint vc="0" uspid="10531" ordinal="0" offset="76" sl="487" sc="0" el="487" ec="0" bec="0" bev="0" fileid="1" />
                <SequencePoint vc="0" uspid="10532" ordinal="0" offset="80" sl="487" sc="0" el="487" ec="0" bec="0" bev="0" fileid="1" />
                <SequencePoint vc="0" uspid="10533" ordinal="0" offset="90" sl="497" sc="0" el="497" ec="0" bec="0" bev="0" fileid="1" />
                <SequencePoint vc="0" uspid="10534" ordinal="0" offset="91" sl="485" sc="0" el="485" ec="0" bec="0" bev="0" fileid="1" />
                <SequencePoint vc="0" uspid="10535" ordinal="0" offset="95" sl="485" sc="0" el="485" ec="0" bec="0" bev="0" fileid="1" />
                <SequencePoint vc="0" uspid="10536" ordinal="0" offset="105" sl="498" sc="0" el="498" ec="0" bec="0" bev="0" fileid="1" />
              </SequencePoints>
              <BranchPoints />
            </Method>
            <Method visited="false" cyclomaticComplexity="0" nPathComplexity="0" sequenceCoverage="0.0" branchCoverage="0" crapScore="0" isConstructor="false" isStatic="false" isGetter="false" isSetter="false">
              <Summary numSequencePoints="9" visitedSequencePoints="0" numBranchPoints="0" visitedBranchPoints="0" sequenceCoverage="0.0" branchCoverage="0" maxCyclomaticComplexity="0" minCyclomaticComplexity="0" maxCrapScore="0" minCrapScore="0" visitedClasses="0" numClasses="0" visitedMethods="0" numMethods="1" />
              <MetadataToken>100663315</MetadataToken>
              <Name>Move Board::CreateMovePrefab(System.String)</Name>
              <FileRef uid="1" />
              <SequencePoints>
                <SequencePoint vc="0" uspid="10537" ordinal="0" offset="0" sl="501" sc="0" el="501" ec="0" bec="0" bev="0" fileid="1" />
                <SequencePoint vc="0" uspid="10538" ordinal="0" offset="1" sl="503" sc="0" el="503" ec="0" bec="0" bev="0" fileid="1" />
                <SequencePoint vc="0" uspid="10539" ordinal="0" offset="18" sl="507" sc="0" el="507" ec="0" bec="0" bev="0" fileid="1" />
                <SequencePoint vc="0" uspid="10540" ordinal="0" offset="46" sl="508" sc="0" el="508" ec="0" bec="0" bev="0" fileid="1" />
                <SequencePoint vc="0" uspid="10541" ordinal="0" offset="79" sl="509" sc="0" el="509" ec="0" bec="0" bev="0" fileid="1" />
                <SequencePoint vc="0" uspid="10542" ordinal="0" offset="88" sl="511" sc="0" el="511" ec="0" bec="0" bev="0" fileid="1" />
                <SequencePoint vc="0" uspid="10543" ordinal="0" offset="116" sl="512" sc="0" el="512" ec="0" bec="0" bev="0" fileid="1" />
                <SequencePoint vc="0" uspid="10544" ordinal="0" offset="149" sl="513" sc="0" el="513" ec="0" bec="0" bev="0" fileid="1" />
                <SequencePoint vc="0" uspid="10545" ordinal="0" offset="158" sl="515" sc="0" el="515" ec="0" bec="0" bev="0" fileid="1" />
              </SequencePoints>
              <BranchPoints />
            </Method>
            <Method visited="false" cyclomaticComplexity="0" nPathComplexity="0" sequenceCoverage="0.0" branchCoverage="0" crapScore="0" isConstructor="false" isStatic="false" isGetter="false" isSetter="false">
              <Summary numSequencePoints="22" visitedSequencePoints="0" numBranchPoints="0" visitedBranchPoints="0" sequenceCoverage="0.0" branchCoverage="0" maxCyclomaticComplexity="0" minCyclomaticComplexity="0" maxCrapScore="0" minCrapScore="0" visitedClasses="0" numClasses="0" visitedMethods="0" numMethods="1" />
              <MetadataToken>100663316</MetadataToken>
              <Name>System.Void Board::CheckDirection(Piece, System.Int32, System.Int32, System.Int32, System.Int32)</Name>
              <FileRef uid="1" />
              <SequencePoints>
                <SequencePoint vc="0" uspid="10546" ordinal="0" offset="0" sl="520" sc="0" el="520" ec="0" bec="0" bev="0" fileid="1" />
                <SequencePoint vc="0" uspid="10547" ordinal="0" offset="1" sl="521" sc="0" el="521" ec="0" bec="0" bev="0" fileid="1" />
                <SequencePoint vc="0" uspid="10548" ordinal="0" offset="8" sl="522" sc="0" el="522" ec="0" bec="0" bev="0" fileid="1" />
                <SequencePoint vc="0" uspid="10549" ordinal="0" offset="20" sl="524" sc="0" el="524" ec="0" bec="0" bev="0" fileid="1" />
                <SequencePoint vc="0" uspid="10550" ordinal="0" offset="35" sl="525" sc="0" el="525" ec="0" bec="0" bev="0" fileid="1" />
                <SequencePoint vc="0" uspid="10551" ordinal="0" offset="54" sl="528" sc="0" el="528" ec="0" bec="0" bev="0" fileid="1" />
                <SequencePoint vc="0" uspid="10552" ordinal="0" offset="64" sl="529" sc="0" el="529" ec="0" bec="0" bev="0" fileid="1" />
                <SequencePoint vc="0" uspid="10553" ordinal="0" offset="65" sl="534" sc="0" el="534" ec="0" bec="0" bev="0" fileid="1" />
                <SequencePoint vc="0" uspid="10554" ordinal="0" offset="80" sl="537" sc="0" el="537" ec="0" bec="0" bev="0" fileid="1" />
                <SequencePoint vc="0" uspid="10555" ordinal="0" offset="88" sl="538" sc="0" el="538" ec="0" bec="0" bev="0" fileid="1" />
                <SequencePoint vc="0" uspid="10556" ordinal="0" offset="96" sl="539" sc="0" el="539" ec="0" bec="0" bev="0" fileid="1" />
                <SequencePoint vc="0" uspid="10557" ordinal="0" offset="99" sl="540" sc="0" el="540" ec="0" bec="0" bev="0" fileid="1" />
                <SequencePoint vc="0" uspid="10558" ordinal="0" offset="116" sl="541" sc="0" el="541" ec="0" bec="0" bev="0" fileid="1" />
                <SequencePoint vc="0" uspid="10559" ordinal="0" offset="117" sl="546" sc="0" el="546" ec="0" bec="0" bev="0" fileid="1" />
                <SequencePoint vc="0" uspid="10560" ordinal="0" offset="136" sl="549" sc="0" el="549" ec="0" bec="0" bev="0" fileid="1" />
                <SequencePoint vc="0" uspid="10561" ordinal="0" offset="144" sl="550" sc="0" el="550" ec="0" bec="0" bev="0" fileid="1" />
                <SequencePoint vc="0" uspid="10562" ordinal="0" offset="165" sl="551" sc="0" el="551" ec="0" bec="0" bev="0" fileid="1" />
                <SequencePoint vc="0" uspid="10563" ordinal="0" offset="173" sl="552" sc="0" el="552" ec="0" bec="0" bev="0" fileid="1" />
                <SequencePoint vc="0" uspid="10564" ordinal="0" offset="176" sl="554" sc="0" el="554" ec="0" bec="0" bev="0" fileid="1" />
                <SequencePoint vc="0" uspid="10565" ordinal="0" offset="177" sl="555" sc="0" el="555" ec="0" bec="0" bev="0" fileid="1" />
                <SequencePoint vc="0" uspid="10566" ordinal="0" offset="189" sl="556" sc="0" el="556" ec="0" bec="0" bev="0" fileid="1" />
                <SequencePoint vc="0" uspid="10567" ordinal="0" offset="190" sl="557" sc="0" el="557" ec="0" bec="0" bev="0" fileid="1" />
              </SequencePoints>
              <BranchPoints />
            </Method>
            <Method visited="false" cyclomaticComplexity="0" nPathComplexity="0" sequenceCoverage="0.0" branchCoverage="0" crapScore="0" isConstructor="false" isStatic="false" isGetter="false" isSetter="false">
              <Summary numSequencePoints="10" visitedSequencePoints="0" numBranchPoints="0" visitedBranchPoints="0" sequenceCoverage="0.0" branchCoverage="0" maxCyclomaticComplexity="0" minCyclomaticComplexity="0" maxCrapScore="0" minCrapScore="0" visitedClasses="0" numClasses="0" visitedMethods="0" numMethods="1" />
              <MetadataToken>100663317</MetadataToken>
              <Name>System.Int32 Board::CheckSquare(System.Int32, System.Int32)</Name>
              <FileRef uid="1" />
              <SequencePoints>
                <SequencePoint vc="0" uspid="10568" ordinal="0" offset="0" sl="561" sc="0" el="561" ec="0" bec="0" bev="0" fileid="1" />
                <SequencePoint vc="0" uspid="10569" ordinal="0" offset="1" sl="562" sc="0" el="562" ec="0" bec="0" bev="0" fileid="1" />
                <SequencePoint vc="0" uspid="10570" ordinal="0" offset="8" sl="563" sc="0" el="563" ec="0" bec="0" bev="0" fileid="1" />
                <SequencePoint vc="0" uspid="10571" ordinal="0" offset="31" sl="564" sc="0" el="564" ec="0" bec="0" bev="0" fileid="1" />
                <SequencePoint vc="0" uspid="10572" ordinal="0" offset="35" sl="565" sc="0" el="565" ec="0" bec="0" bev="0" fileid="1" />
                <SequencePoint vc="0" uspid="10573" ordinal="0" offset="53" sl="566" sc="0" el="566" ec="0" bec="0" bev="0" fileid="1" />
                <SequencePoint vc="0" uspid="10574" ordinal="0" offset="57" sl="567" sc="0" el="567" ec="0" bec="0" bev="0" fileid="1" />
                <SequencePoint vc="0" uspid="10575" ordinal="0" offset="84" sl="568" sc="0" el="568" ec="0" bec="0" bev="0" fileid="1" />
                <SequencePoint vc="0" uspid="10576" ordinal="0" offset="88" sl="569" sc="0" el="569" ec="0" bec="0" bev="0" fileid="1" />
                <SequencePoint vc="0" uspid="10577" ordinal="0" offset="92" sl="570" sc="0" el="570" ec="0" bec="0" bev="0" fileid="1" />
              </SequencePoints>
              <BranchPoints />
            </Method>
            <Method visited="false" cyclomaticComplexity="0" nPathComplexity="0" sequenceCoverage="0.0" branchCoverage="0" crapScore="0" isConstructor="false" isStatic="false" isGetter="false" isSetter="false">
              <Summary numSequencePoints="19" visitedSequencePoints="0" numBranchPoints="0" visitedBranchPoints="0" sequenceCoverage="0.0" branchCoverage="0" maxCyclomaticComplexity="0" minCyclomaticComplexity="0" maxCrapScore="0" minCrapScore="0" visitedClasses="0" numClasses="0" visitedMethods="0" numMethods="1" />
              <MetadataToken>100663318</MetadataToken>
              <Name>System.Void Board::DebugBoard()</Name>
              <FileRef uid="1" />
              <SequencePoints>
                <SequencePoint vc="0" uspid="10578" ordinal="0" offset="0" sl="574" sc="0" el="574" ec="0" bec="0" bev="0" fileid="1" />
                <SequencePoint vc="0" uspid="10579" ordinal="0" offset="1" sl="575" sc="0" el="575" ec="0" bec="0" bev="0" fileid="1" />
                <SequencePoint vc="0" uspid="10580" ordinal="0" offset="7" sl="576" sc="0" el="576" ec="0" bec="0" bev="0" fileid="1" />
                <SequencePoint vc="0" uspid="10581" ordinal="0" offset="14" sl="577" sc="0" el="577" ec="0" bec="0" bev="0" fileid="1" />
                <SequencePoint vc="0" uspid="10582" ordinal="0" offset="18" sl="578" sc="0" el="578" ec="0" bec="0" bev="0" fileid="1" />
                <SequencePoint vc="0" uspid="10583" ordinal="0" offset="19" sl="579" sc="0" el="579" ec="0" bec="0" bev="0" fileid="1" />
                <SequencePoint vc="0" uspid="10584" ordinal="0" offset="23" sl="580" sc="0" el="580" ec="0" bec="0" bev="0" fileid="1" />
                <SequencePoint vc="0" uspid="10585" ordinal="0" offset="24" sl="581" sc="0" el="581" ec="0" bec="0" bev="0" fileid="1" />
                <SequencePoint vc="0" uspid="10586" ordinal="0" offset="44" sl="582" sc="0" el="582" ec="0" bec="0" bev="0" fileid="1" />
                <SequencePoint vc="0" uspid="10587" ordinal="0" offset="58" sl="584" sc="0" el="584" ec="0" bec="0" bev="0" fileid="1" />
                <SequencePoint vc="0" uspid="10588" ordinal="0" offset="70" sl="585" sc="0" el="585" ec="0" bec="0" bev="0" fileid="1" />
                <SequencePoint vc="0" uspid="10589" ordinal="0" offset="71" sl="579" sc="0" el="579" ec="0" bec="0" bev="0" fileid="1" />
                <SequencePoint vc="0" uspid="10590" ordinal="0" offset="75" sl="579" sc="0" el="579" ec="0" bec="0" bev="0" fileid="1" />
                <SequencePoint vc="0" uspid="10591" ordinal="0" offset="85" sl="587" sc="0" el="587" ec="0" bec="0" bev="0" fileid="1" />
                <SequencePoint vc="0" uspid="10592" ordinal="0" offset="97" sl="588" sc="0" el="588" ec="0" bec="0" bev="0" fileid="1" />
                <SequencePoint vc="0" uspid="10593" ordinal="0" offset="98" sl="577" sc="0" el="577" ec="0" bec="0" bev="0" fileid="1" />
                <SequencePoint vc="0" uspid="10594" ordinal="0" offset="102" sl="577" sc="0" el="577" ec="0" bec="0" bev="0" fileid="1" />
                <SequencePoint vc="0" uspid="10595" ordinal="0" offset="115" sl="590" sc="0" el="590" ec="0" bec="0" bev="0" fileid="1" />
                <SequencePoint vc="0" uspid="10596" ordinal="0" offset="122" sl="591" sc="0" el="591" ec="0" bec="0" bev="0" fileid="1" />
              </SequencePoints>
              <BranchPoints />
            </Method>
            <Method visited="false" cyclomaticComplexity="0" nPathComplexity="0" sequenceCoverage="0.0" branchCoverage="0" crapScore="0" isConstructor="true" isStatic="false" isGetter="false" isSetter="false">
              <Summary numSequencePoints="25" visitedSequencePoints="0" numBranchPoints="0" visitedBranchPoints="0" sequenceCoverage="0.0" branchCoverage="0" maxCyclomaticComplexity="0" minCyclomaticComplexity="0" maxCrapScore="0" minCrapScore="0" visitedClasses="0" numClasses="0" visitedMethods="0" numMethods="1" />
              <MetadataToken>100663319</MetadataToken>
              <Name>Board::Board()</Name>
              <FileRef uid="1" />
              <SequencePoints>
                <SequencePoint vc="0" uspid="10597" ordinal="0" offset="0" sl="9" sc="0" el="9" ec="0" bec="0" bev="0" fileid="1" />
                <SequencePoint vc="0" uspid="10598" ordinal="0" offset="7" sl="10" sc="0" el="10" ec="0" bec="0" bev="0" fileid="1" />
                <SequencePoint vc="0" uspid="10599" ordinal="0" offset="14" sl="11" sc="0" el="11" ec="0" bec="0" bev="0" fileid="1" />
                <SequencePoint vc="0" uspid="10600" ordinal="0" offset="21" sl="12" sc="0" el="12" ec="0" bec="0" bev="0" fileid="1" />
                <SequencePoint vc="0" uspid="10601" ordinal="0" offset="28" sl="16" sc="0" el="16" ec="0" bec="0" bev="0" fileid="1" />
                <SequencePoint vc="0" uspid="10602" ordinal="0" offset="40" sl="17" sc="0" el="17" ec="0" bec="0" bev="0" fileid="1" />
                <SequencePoint vc="0" uspid="10603" ordinal="0" offset="51" sl="20" sc="0" el="20" ec="0" bec="0" bev="0" fileid="1" />
                <SequencePoint vc="0" uspid="10604" ordinal="0" offset="58" sl="21" sc="0" el="21" ec="0" bec="0" bev="0" fileid="1" />
                <SequencePoint vc="0" uspid="10605" ordinal="0" offset="65" sl="22" sc="0" el="22" ec="0" bec="0" bev="0" fileid="1" />
                <SequencePoint vc="0" uspid="10606" ordinal="0" offset="72" sl="23" sc="0" el="23" ec="0" bec="0" bev="0" fileid="1" />
                <SequencePoint vc="0" uspid="10607" ordinal="0" offset="79" sl="24" sc="0" el="24" ec="0" bec="0" bev="0" fileid="1" />
                <SequencePoint vc="0" uspid="10608" ordinal="0" offset="86" sl="25" sc="0" el="25" ec="0" bec="0" bev="0" fileid="1" />
                <SequencePoint vc="0" uspid="10609" ordinal="0" offset="93" sl="26" sc="0" el="26" ec="0" bec="0" bev="0" fileid="1" />
                <SequencePoint vc="0" uspid="10610" ordinal="0" offset="114" sl="30" sc="0" el="30" ec="0" bec="0" bev="0" fileid="1" />
                <SequencePoint vc="0" uspid="10611" ordinal="0" offset="125" sl="31" sc="0" el="31" ec="0" bec="0" bev="0" fileid="1" />
                <SequencePoint vc="0" uspid="10612" ordinal="0" offset="136" sl="32" sc="0" el="32" ec="0" bec="0" bev="0" fileid="1" />
                <SequencePoint vc="0" uspid="10613" ordinal="0" offset="143" sl="33" sc="0" el="33" ec="0" bec="0" bev="0" fileid="1" />
[...]
              <MetadataToken>100663316</MetadataToken>
              <Name>System.Void Tests.Pieces_Test::PieceMoveCaptureLeft()</Name>
              <FileRef uid="5" />
              <SequencePoints>
                <SequencePoint vc="1" uspid="10879" ordinal="0" offset="0" sl="177" sc="9" el="177" ec="9" bec="0" bev="0" fileid="5" />
                <SequencePoint vc="1" uspid="10880" ordinal="0" offset="1" sl="178" sc="13" el="178" ec="13" bec="0" bev="0" fileid="5" />
                <SequencePoint vc="1" uspid="10881" ordinal="0" offset="18" sl="179" sc="13" el="179" ec="13" bec="0" bev="0" fileid="5" />
                <SequencePoint vc="1" uspid="10882" ordinal="0" offset="32" sl="181" sc="13" el="181" ec="13" bec="0" bev="0" fileid="5" />
                <SequencePoint vc="1" uspid="10883" ordinal="0" offset="38" sl="182" sc="13" el="182" ec="13" bec="0" bev="0" fileid="5" />
                <SequencePoint vc="1" uspid="10884" ordinal="0" offset="45" sl="183" sc="13" el="183" ec="13" bec="0" bev="0" fileid="5" />
                <SequencePoint vc="1" uspid="10885" ordinal="0" offset="54" sl="185" sc="13" el="185" ec="13" bec="0" bev="0" fileid="5" />
                <SequencePoint vc="1" uspid="10886" ordinal="0" offset="60" sl="186" sc="13" el="186" ec="13" bec="0" bev="0" fileid="5" />
                <SequencePoint vc="1" uspid="10887" ordinal="0" offset="67" sl="187" sc="13" el="187" ec="13" bec="0" bev="0" fileid="5" />
                <SequencePoint vc="1" uspid="10888" ordinal="0" offset="75" sl="188" sc="13" el="188" ec="13" bec="0" bev="0" fileid="5" />
                <SequencePoint vc="1" uspid="10889" ordinal="0" offset="84" sl="189" sc="13" el="189" ec="13" bec="0" bev="0" fileid="5" />
                <SequencePoint vc="1" uspid="10890" ordinal="0" offset="92" sl="191" sc="13" el="191" ec="13" bec="0" bev="0" fileid="5" />
                <SequencePoint vc="1" uspid="10891" ordinal="0" offset="105" sl="192" sc="13" el="192" ec="13" bec="0" bev="0" fileid="5" />
                <SequencePoint vc="1" uspid="10892" ordinal="0" offset="133" sl="193" sc="13" el="193" ec="13" bec="0" bev="0" fileid="5" />
                <SequencePoint vc="1" uspid="10893" ordinal="0" offset="161" sl="194" sc="13" el="194" ec="13" bec="0" bev="0" fileid="5" />
                <SequencePoint vc="1" uspid="10894" ordinal="0" offset="191" sl="195" sc="9" el="195" ec="9" bec="0" bev="0" fileid="5" />
              </SequencePoints>
              <BranchPoints />
            </Method>
            <Method visited="true" cyclomaticComplexity="0" nPathComplexity="0" sequenceCoverage="100.0" branchCoverage="0" crapScore="0" isConstructor="false" isStatic="false" isGetter="false" isSetter="false">
              <Summary numSequencePoints="23" visitedSequencePoints="23" numBranchPoints="0" visitedBranchPoints="0" sequenceCoverage="100.0" branchCoverage="0" maxCyclomaticComplexity="0" minCyclomaticComplexity="0" maxCrapScore="0" minCrapScore="0" visitedClasses="0" numClasses="0" visitedMethods="1" numMethods="1" />
              <MetadataToken>100663317</MetadataToken>
              <Name>System.Void Tests.Pieces_Test::PieceMoveMixedCaptureOverwriteRight()</Name>
              <FileRef uid="5" />
              <SequencePoints>
                <SequencePoint vc="1" uspid="10895" ordinal="0" offset="0" sl="199" sc="9" el="199" ec="9" bec="0" bev="0" fileid="5" />
                <SequencePoint vc="1" uspid="10896" ordinal="0" offset="1" sl="200" sc="13" el="200" ec="13" bec="0" bev="0" fileid="5" />
                <SequencePoint vc="1" uspid="10897" ordinal="0" offset="18" sl="201" sc="13" el="201" ec="13" bec="0" bev="0" fileid="5" />
                <SequencePoint vc="1" uspid="10898" ordinal="0" offset="32" sl="203" sc="13" el="203" ec="13" bec="0" bev="0" fileid="5" />
                <SequencePoint vc="1" uspid="10899" ordinal="0" offset="38" sl="204" sc="13" el="204" ec="13" bec="0" bev="0" fileid="5" />
                <SequencePoint vc="1" uspid="10900" ordinal="0" offset="45" sl="205" sc="13" el="205" ec="13" bec="0" bev="0" fileid="5" />
                <SequencePoint vc="1" uspid="10901" ordinal="0" offset="53" sl="206" sc="13" el="206" ec="13" bec="0" bev="0" fileid="5" />
                <SequencePoint vc="1" uspid="10902" ordinal="0" offset="62" sl="208" sc="13" el="208" ec="13" bec="0" bev="0" fileid="5" />
                <SequencePoint vc="1" uspid="10903" ordinal="0" offset="68" sl="209" sc="13" el="209" ec="13" bec="0" bev="0" fileid="5" />
                <SequencePoint vc="1" uspid="10904" ordinal="0" offset="75" sl="210" sc="13" el="210" ec="13" bec="0" bev="0" fileid="5" />
                <SequencePoint vc="1" uspid="10905" ordinal="0" offset="84" sl="212" sc="13" el="212" ec="13" bec="0" bev="0" fileid="5" />
                <SequencePoint vc="1" uspid="10906" ordinal="0" offset="91" sl="213" sc="13" el="213" ec="13" bec="0" bev="0" fileid="5" />
                <SequencePoint vc="1" uspid="10907" ordinal="0" offset="100" sl="214" sc="13" el="214" ec="13" bec="0" bev="0" fileid="5" />
                <SequencePoint vc="1" uspid="10908" ordinal="0" offset="109" sl="215" sc="13" el="215" ec="13" bec="0" bev="0" fileid="5" />
                <SequencePoint vc="1" uspid="10909" ordinal="0" offset="119" sl="216" sc="13" el="216" ec="13" bec="0" bev="0" fileid="5" />
                <SequencePoint vc="1" uspid="10910" ordinal="0" offset="128" sl="218" sc="13" el="218" ec="13" bec="0" bev="0" fileid="5" />
                <SequencePoint vc="1" uspid="10911" ordinal="0" offset="141" sl="219" sc="13" el="219" ec="13" bec="0" bev="0" fileid="5" />
                <SequencePoint vc="1" uspid="10912" ordinal="0" offset="169" sl="220" sc="13" el="220" ec="13" bec="0" bev="0" fileid="5" />
                <SequencePoint vc="1" uspid="10913" ordinal="0" offset="197" sl="222" sc="13" el="222" ec="13" bec="0" bev="0" fileid="5" />
                <SequencePoint vc="1" uspid="10914" ordinal="0" offset="211" sl="223" sc="13" el="223" ec="13" bec="0" bev="0" fileid="5" />
                <SequencePoint vc="1" uspid="10915" ordinal="0" offset="239" sl="224" sc="13" el="224" ec="13" bec="0" bev="0" fileid="5" />
                <SequencePoint vc="1" uspid="10916" ordinal="0" offset="267" sl="225" sc="13" el="225" ec="13" bec="0" bev="0" fileid="5" />
                <SequencePoint vc="1" uspid="10917" ordinal="0" offset="298" sl="226" sc="9" el="226" ec="9" bec="0" bev="0" fileid="5" />
              </SequencePoints>
              <BranchPoints />
            </Method>
            <Method visited="true" cyclomaticComplexity="0" nPathComplexity="0" sequenceCoverage="100.0" branchCoverage="0" crapScore="0" isConstructor="false" isStatic="false" isGetter="false" isSetter="false">
              <Summary numSequencePoints="23" visitedSequencePoints="23" numBranchPoints="0" visitedBranchPoints="0" sequenceCoverage="100.0" branchCoverage="0" maxCyclomaticComplexity="0" minCyclomaticComplexity="0" maxCrapScore="0" minCrapScore="0" visitedClasses="0" numClasses="0" visitedMethods="1" numMethods="1" />
              <MetadataToken>100663318</MetadataToken>
              <Name>System.Void Tests.Pieces_Test::PieceMoveMixedCaptureOverwriteLeft()</Name>
              <FileRef uid="5" />
              <SequencePoints>
                <SequencePoint vc="1" uspid="10918" ordinal="0" offset="0" sl="230" sc="9" el="230" ec="9" bec="0" bev="0" fileid="5" />
                <SequencePoint vc="1" uspid="10919" ordinal="0" offset="1" sl="231" sc="13" el="231" ec="13" bec="0" bev="0" fileid="5" />
                <SequencePoint vc="1" uspid="10920" ordinal="0" offset="18" sl="232" sc="13" el="232" ec="13" bec="0" bev="0" fileid="5" />
                <SequencePoint vc="1" uspid="10921" ordinal="0" offset="32" sl="234" sc="13" el="234" ec="13" bec="0" bev="0" fileid="5" />
                <SequencePoint vc="1" uspid="10922" ordinal="0" offset="38" sl="235" sc="13" el="235" ec="13" bec="0" bev="0" fileid="5" />
                <SequencePoint vc="1" uspid="10923" ordinal="0" offset="45" sl="236" sc="13" el="236" ec="13" bec="0" bev="0" fileid="5" />
                <SequencePoint vc="1" uspid="10924" ordinal="0" offset="54" sl="238" sc="13" el="238" ec="13" bec="0" bev="0" fileid="5" />
                <SequencePoint vc="1" uspid="10925" ordinal="0" offset="60" sl="239" sc="13" el="239" ec="13" bec="0" bev="0" fileid="5" />
                <SequencePoint vc="1" uspid="10926" ordinal="0" offset="67" sl="240" sc="13" el="240" ec="13" bec="0" bev="0" fileid="5" />
                <SequencePoint vc="1" uspid="10927" ordinal="0" offset="75" sl="241" sc="13" el="241" ec="13" bec="0" bev="0" fileid="5" />
                <SequencePoint vc="1" uspid="10928" ordinal="0" offset="84" sl="242" sc="13" el="242" ec="13" bec="0" bev="0" fileid="5" />
                <SequencePoint vc="1" uspid="10929" ordinal="0" offset="92" sl="244" sc="13" el="244" ec="13" bec="0" bev="0" fileid="5" />
                <SequencePoint vc="1" uspid="10930" ordinal="0" offset="99" sl="245" sc="13" el="245" ec="13" bec="0" bev="0" fileid="5" />
                <SequencePoint vc="1" uspid="10931" ordinal="0" offset="108" sl="246" sc="13" el="246" ec="13" bec="0" bev="0" fileid="5" />
                <SequencePoint vc="1" uspid="10932" ordinal="0" offset="117" sl="247" sc="13" el="247" ec="13" bec="0" bev="0" fileid="5" />
                <SequencePoint vc="1" uspid="10933" ordinal="0" offset="127" sl="249" sc="13" el="249" ec="13" bec="0" bev="0" fileid="5" />
                <SequencePoint vc="1" uspid="10934" ordinal="0" offset="140" sl="250" sc="13" el="250" ec="13" bec="0" bev="0" fileid="5" />
                <SequencePoint vc="1" uspid="10935" ordinal="0" offset="168" sl="251" sc="13" el="251" ec="13" bec="0" bev="0" fileid="5" />
                <SequencePoint vc="1" uspid="10936" ordinal="0" offset="196" sl="253" sc="13" el="253" ec="13" bec="0" bev="0" fileid="5" />
                <SequencePoint vc="1" uspid="10937" ordinal="0" offset="210" sl="254" sc="13" el="254" ec="13" bec="0" bev="0" fileid="5" />
                <SequencePoint vc="1" uspid="10938" ordinal="0" offset="238" sl="255" sc="13" el="255" ec="13" bec="0" bev="0" fileid="5" />
                <SequencePoint vc="1" uspid="10939" ordinal="0" offset="266" sl="256" sc="13" el="256" ec="13" bec="0" bev="0" fileid="5" />
                <SequencePoint vc="1" uspid="10940" ordinal="0" offset="296" sl="257" sc="9" el="257" ec="9" bec="0" bev="0" fileid="5" />
              </SequencePoints>
              <BranchPoints />
            </Method>
            <Method visited="true" cyclomaticComplexity="0" nPathComplexity="0" sequenceCoverage="100.0" branchCoverage="0" crapScore="0" isConstructor="false" isStatic="false" isGetter="false" isSetter="false">
              <Summary numSequencePoints="19" visitedSequencePoints="19" numBranchPoints="0" visitedBranchPoints="0" sequenceCoverage="100.0" branchCoverage="0" maxCyclomaticComplexity="0" minCyclomaticComplexity="0" maxCrapScore="0" minCrapScore="0" visitedClasses="0" numClasses="0" visitedMethods="1" numMethods="1" />
              <MetadataToken>100663319</MetadataToken>
              <Name>System.Void Tests.Pieces_Test::PieceMoveTwoBasic()</Name>
              <FileRef uid="5" />
              <SequencePoints>
                <SequencePoint vc="1" uspid="10941" ordinal="0" offset="0" sl="261" sc="9" el="261" ec="9" bec="0" bev="0" fileid="5" />
                <SequencePoint vc="1" uspid="10942" ordinal="0" offset="1" sl="262" sc="13" el="262" ec="13" bec="0" bev="0" fileid="5" />
                <SequencePoint vc="1" uspid="10943" ordinal="0" offset="18" sl="263" sc="13" el="263" ec="13" bec="0" bev="0" fileid="5" />
                <SequencePoint vc="1" uspid="10944" ordinal="0" offset="32" sl="265" sc="13" el="265" ec="13" bec="0" bev="0" fileid="5" />
                <SequencePoint vc="1" uspid="10945" ordinal="0" offset="38" sl="266" sc="13" el="266" ec="13" bec="0" bev="0" fileid="5" />
                <SequencePoint vc="1" uspid="10946" ordinal="0" offset="45" sl="267" sc="13" el="267" ec="13" bec="0" bev="0" fileid="5" />
                <SequencePoint vc="1" uspid="10947" ordinal="0" offset="53" sl="268" sc="13" el="268" ec="13" bec="0" bev="0" fileid="5" />
                <SequencePoint vc="1" uspid="10948" ordinal="0" offset="62" sl="270" sc="13" el="270" ec="13" bec="0" bev="0" fileid="5" />
                <SequencePoint vc="1" uspid="10949" ordinal="0" offset="68" sl="271" sc="13" el="271" ec="13" bec="0" bev="0" fileid="5" />
                <SequencePoint vc="1" uspid="10950" ordinal="0" offset="75" sl="272" sc="13" el="272" ec="13" bec="0" bev="0" fileid="5" />
                <SequencePoint vc="1" uspid="10951" ordinal="0" offset="83" sl="273" sc="13" el="273" ec="13" bec="0" bev="0" fileid="5" />
                <SequencePoint vc="1" uspid="10952" ordinal="0" offset="92" sl="275" sc="13" el="275" ec="13" bec="0" bev="0" fileid="5" />
                <SequencePoint vc="1" uspid="10953" ordinal="0" offset="105" sl="276" sc="13" el="276" ec="13" bec="0" bev="0" fileid="5" />
                <SequencePoint vc="1" uspid="10954" ordinal="0" offset="133" sl="277" sc="13" el="277" ec="13" bec="0" bev="0" fileid="5" />
                <SequencePoint vc="1" uspid="10955" ordinal="0" offset="161" sl="279" sc="13" el="279" ec="13" bec="0" bev="0" fileid="5" />
                <SequencePoint vc="1" uspid="10956" ordinal="0" offset="174" sl="280" sc="13" el="280" ec="13" bec="0" bev="0" fileid="5" />
                <SequencePoint vc="1" uspid="10957" ordinal="0" offset="202" sl="281" sc="13" el="281" ec="13" bec="0" bev="0" fileid="5" />
                <SequencePoint vc="1" uspid="10958" ordinal="0" offset="230" sl="282" sc="13" el="282" ec="13" bec="0" bev="0" fileid="5" />
                <SequencePoint vc="1" uspid="10959" ordinal="0" offset="268" sl="283" sc="9" el="283" ec="9" bec="0" bev="0" fileid="5" />
              </SequencePoints>
              <BranchPoints />
            </Method>
            <Method visited="true" cyclomaticComplexity="0" nPathComplexity="0" sequenceCoverage="100.0" branchCoverage="0" crapScore="0" isConstructor="false" isStatic="false" isGetter="false" isSetter="false">
              <Summary numSequencePoints="27" visitedSequencePoints="27" numBranchPoints="0" visitedBranchPoints="0" sequenceCoverage="100.0" branchCoverage="0" maxCyclomaticComplexity="0" minCyclomaticComplexity="0" maxCrapScore="0" minCrapScore="0" visitedClasses="0" numClasses="0" visitedMethods="1" numMethods="1" />
              <MetadataToken>100663320</MetadataToken>
              <Name>System.Void Tests.Pieces_Test::PieceMoveTwoCapture()</Name>
              <FileRef uid="5" />
              <SequencePoints>
                <SequencePoint vc="1" uspid="10960" ordinal="0" offset="0" sl="287" sc="9" el="287" ec="9" bec="0" bev="0" fileid="5" />
                <SequencePoint vc="1" uspid="10961" ordinal="0" offset="1" sl="288" sc="13" el="288" ec="13" bec="0" bev="0" fileid="5" />
                <SequencePoint vc="1" uspid="10962" ordinal="0" offset="18" sl="289" sc="13" el="289" ec="13" bec="0" bev="0" fileid="5" />
                <SequencePoint vc="1" uspid="10963" ordinal="0" offset="32" sl="291" sc="13" el="291" ec="13" bec="0" bev="0" fileid="5" />
                <SequencePoint vc="1" uspid="10964" ordinal="0" offset="38" sl="292" sc="13" el="292" ec="13" bec="0" bev="0" fileid="5" />
                <SequencePoint vc="1" uspid="10965" ordinal="0" offset="45" sl="293" sc="13" el="293" ec="13" bec="0" bev="0" fileid="5" />
                <SequencePoint vc="1" uspid="10966" ordinal="0" offset="54" sl="295" sc="13" el="295" ec="13" bec="0" bev="0" fileid="5" />
                <SequencePoint vc="1" uspid="10967" ordinal="0" offset="60" sl="296" sc="13" el="296" ec="13" bec="0" bev="0" fileid="5" />
                <SequencePoint vc="1" uspid="10968" ordinal="0" offset="67" sl="297" sc="13" el="297" ec="13" bec="0" bev="0" fileid="5" />
                <SequencePoint vc="1" uspid="10969" ordinal="0" offset="75" sl="298" sc="13" el="298" ec="13" bec="0" bev="0" fileid="5" />
                <SequencePoint vc="1" uspid="10970" ordinal="0" offset="84" sl="299" sc="13" el="299" ec="13" bec="0" bev="0" fileid="5" />
                <SequencePoint vc="1" uspid="10971" ordinal="0" offset="92" sl="301" sc="13" el="301" ec="13" bec="0" bev="0" fileid="5" />
                <SequencePoint vc="1" uspid="10972" ordinal="0" offset="99" sl="302" sc="13" el="302" ec="13" bec="0" bev="0" fileid="5" />
                <SequencePoint vc="1" uspid="10973" ordinal="0" offset="108" sl="303" sc="13" el="303" ec="13" bec="0" bev="0" fileid="5" />
                <SequencePoint vc="1" uspid="10974" ordinal="0" offset="118" sl="305" sc="13" el="305" ec="13" bec="0" bev="0" fileid="5" />
                <SequencePoint vc="1" uspid="10975" ordinal="0" offset="125" sl="306" sc="13" el="306" ec="13" bec="0" bev="0" fileid="5" />
                <SequencePoint vc="1" uspid="10976" ordinal="0" offset="134" sl="307" sc="13" el="307" ec="13" bec="0" bev="0" fileid="5" />
                <SequencePoint vc="1" uspid="10977" ordinal="0" offset="143" sl="308" sc="13" el="308" ec="13" bec="0" bev="0" fileid="5" />
                <SequencePoint vc="1" uspid="10978" ordinal="0" offset="153" sl="309" sc="13" el="309" ec="13" bec="0" bev="0" fileid="5" />
                <SequencePoint vc="1" uspid="10979" ordinal="0" offset="163" sl="311" sc="13" el="311" ec="13" bec="0" bev="0" fileid="5" />
                <SequencePoint vc="1" uspid="10980" ordinal="0" offset="176" sl="312" sc="13" el="312" ec="13" bec="0" bev="0" fileid="5" />
                <SequencePoint vc="1" uspid="10981" ordinal="0" offset="204" sl="313" sc="13" el="313" ec="13" bec="0" bev="0" fileid="5" />
                <SequencePoint vc="1" uspid="10982" ordinal="0" offset="232" sl="315" sc="13" el="315" ec="13" bec="0" bev="0" fileid="5" />
                <SequencePoint vc="1" uspid="10983" ordinal="0" offset="246" sl="316" sc="13" el="316" ec="13" bec="0" bev="0" fileid="5" />
                <SequencePoint vc="1" uspid="10984" ordinal="0" offset="274" sl="317" sc="13" el="317" ec="13" bec="0" bev="0" fileid="5" />
                <SequencePoint vc="1" uspid="10985" ordinal="0" offset="302" sl="318" sc="13" el="318" ec="13" bec="0" bev="0" fileid="5" />
                <SequencePoint vc="1" uspid="10986" ordinal="0" offset="341" sl="319" sc="9" el="319" ec="9" bec="0" bev="0" fileid="5" />
              </SequencePoints>
              <BranchPoints />
            </Method>
            <Method visited="true" cyclomaticComplexity="0" nPathComplexity="0" sequenceCoverage="100.0" branchCoverage="0" crapScore="0" isConstructor="true" isStatic="false" isGetter="false" isSetter="false">
              <Summary numSequencePoints="1" visitedSequencePoints="1" numBranchPoints="0" visitedBranchPoints="0" sequenceCoverage="100.0" branchCoverage="0" maxCyclomaticComplexity="0" minCyclomaticComplexity="0" maxCrapScore="0" minCrapScore="0" visitedClasses="0" numClasses="0" visitedMethods="1" numMethods="1" />
              <MetadataToken>100663321</MetadataToken>
              <Name>Tests.Pieces_Test::Pieces_Test()</Name>
              <FileRef uid="5" />
              <SequencePoints>
                <SequencePoint vc="1" uspid="10987" ordinal="0" offset="0" sl="11" sc="9" el="11" ec="9" bec="0" bev="0" fileid="5" />
              </SequencePoints>
              <BranchPoints />
            </Method>
          </Methods>
        </Class>
      </Classes>
    </Module>
  </Modules>
</CoverageSession>